ARM GAS  C:\Users\pw705\AppData\Local\Temp\ccnJS1on.s 			page 1


   1              		.cpu cortex-m4
   2              		.arch armv7e-m
   3              		.fpu fpv4-sp-d16
   4              		.eabi_attribute 27, 1
   5              		.eabi_attribute 28, 1
   6              		.eabi_attribute 20, 1
   7              		.eabi_attribute 21, 1
   8              		.eabi_attribute 23, 3
   9              		.eabi_attribute 24, 1
  10              		.eabi_attribute 25, 1
  11              		.eabi_attribute 26, 1
  12              		.eabi_attribute 30, 2
  13              		.eabi_attribute 34, 1
  14              		.eabi_attribute 18, 4
  15              		.file	"diskio.c"
  16              		.text
  17              	.Ltext0:
  18              		.cfi_sections	.debug_frame
  19              		.file 1 "Middlewares/Third_Party/FatFs/src/diskio.c"
  20              		.section	.text.disk_status,"ax",%progbits
  21              		.align	1
  22              		.p2align 2,,3
  23              		.global	disk_status
  24              		.syntax unified
  25              		.thumb
  26              		.thumb_func
  28              	disk_status:
  29              	.LVL0:
  30              	.LFB130:
   1:Middlewares/Third_Party/FatFs/src/diskio.c **** /*-----------------------------------------------------------------------*/
   2:Middlewares/Third_Party/FatFs/src/diskio.c **** /* Low level disk I/O module skeleton for FatFs     (C)ChaN, 2017        */
   3:Middlewares/Third_Party/FatFs/src/diskio.c **** /*                                                                       */
   4:Middlewares/Third_Party/FatFs/src/diskio.c **** /*   Portions COPYRIGHT 2017 STMicroelectronics                          */
   5:Middlewares/Third_Party/FatFs/src/diskio.c **** /*   Portions Copyright (C) 2017, ChaN, all right reserved               */
   6:Middlewares/Third_Party/FatFs/src/diskio.c **** /*-----------------------------------------------------------------------*/
   7:Middlewares/Third_Party/FatFs/src/diskio.c **** /* If a working storage control module is available, it should be        */
   8:Middlewares/Third_Party/FatFs/src/diskio.c **** /* attached to the FatFs via a glue function rather than modifying it.   */
   9:Middlewares/Third_Party/FatFs/src/diskio.c **** /* This is an example of glue functions to attach various existing      */
  10:Middlewares/Third_Party/FatFs/src/diskio.c **** /* storage control modules to the FatFs module with a defined API.       */
  11:Middlewares/Third_Party/FatFs/src/diskio.c **** /*-----------------------------------------------------------------------*/
  12:Middlewares/Third_Party/FatFs/src/diskio.c **** 
  13:Middlewares/Third_Party/FatFs/src/diskio.c **** /* Includes ------------------------------------------------------------------*/
  14:Middlewares/Third_Party/FatFs/src/diskio.c **** #include "diskio.h"
  15:Middlewares/Third_Party/FatFs/src/diskio.c **** #include "ff_gen_drv.h"
  16:Middlewares/Third_Party/FatFs/src/diskio.c **** 
  17:Middlewares/Third_Party/FatFs/src/diskio.c **** #if defined ( __GNUC__ )
  18:Middlewares/Third_Party/FatFs/src/diskio.c **** #ifndef __weak
  19:Middlewares/Third_Party/FatFs/src/diskio.c **** #define __weak __attribute__((weak))
  20:Middlewares/Third_Party/FatFs/src/diskio.c **** #endif
  21:Middlewares/Third_Party/FatFs/src/diskio.c **** #endif
  22:Middlewares/Third_Party/FatFs/src/diskio.c **** 
  23:Middlewares/Third_Party/FatFs/src/diskio.c **** /* Private typedef -----------------------------------------------------------*/
  24:Middlewares/Third_Party/FatFs/src/diskio.c **** /* Private define ------------------------------------------------------------*/
  25:Middlewares/Third_Party/FatFs/src/diskio.c **** /* Private variables ---------------------------------------------------------*/
  26:Middlewares/Third_Party/FatFs/src/diskio.c **** extern Disk_drvTypeDef  disk;
  27:Middlewares/Third_Party/FatFs/src/diskio.c **** 
  28:Middlewares/Third_Party/FatFs/src/diskio.c **** /* Private function prototypes -----------------------------------------------*/
ARM GAS  C:\Users\pw705\AppData\Local\Temp\ccnJS1on.s 			page 2


  29:Middlewares/Third_Party/FatFs/src/diskio.c **** /* Private functions ---------------------------------------------------------*/
  30:Middlewares/Third_Party/FatFs/src/diskio.c **** 
  31:Middlewares/Third_Party/FatFs/src/diskio.c **** /**
  32:Middlewares/Third_Party/FatFs/src/diskio.c ****   * @brief  Gets Disk Status
  33:Middlewares/Third_Party/FatFs/src/diskio.c ****   * @param  pdrv: Physical drive number (0..)
  34:Middlewares/Third_Party/FatFs/src/diskio.c ****   * @retval DSTATUS: Operation status
  35:Middlewares/Third_Party/FatFs/src/diskio.c ****   */
  36:Middlewares/Third_Party/FatFs/src/diskio.c **** DSTATUS disk_status (
  37:Middlewares/Third_Party/FatFs/src/diskio.c **** 	BYTE pdrv		/* Physical drive number to identify the drive */
  38:Middlewares/Third_Party/FatFs/src/diskio.c **** )
  39:Middlewares/Third_Party/FatFs/src/diskio.c **** {
  31              		.loc 1 39 1 view -0
  32              		.cfi_startproc
  33              		@ args = 0, pretend = 0, frame = 0
  34              		@ frame_needed = 0, uses_anonymous_args = 0
  35              		@ link register save eliminated.
  40:Middlewares/Third_Party/FatFs/src/diskio.c ****   DSTATUS stat;
  36              		.loc 1 40 3 view .LVU1
  41:Middlewares/Third_Party/FatFs/src/diskio.c **** 
  42:Middlewares/Third_Party/FatFs/src/diskio.c ****   stat = disk.drv[pdrv]->disk_status(disk.lun[pdrv]);
  37              		.loc 1 42 3 view .LVU2
  38              		.loc 1 42 10 is_stmt 0 view .LVU3
  39 0000 034B     		ldr	r3, .L3
  40              		.loc 1 42 18 view .LVU4
  41 0002 03EB8002 		add	r2, r3, r0, lsl #2
  42              		.loc 1 42 10 view .LVU5
  43 0006 0344     		add	r3, r3, r0
  44              		.loc 1 42 24 view .LVU6
  45 0008 5268     		ldr	r2, [r2, #4]
  46              		.loc 1 42 10 view .LVU7
  47 000a 187A     		ldrb	r0, [r3, #8]	@ zero_extendqisi2
  48              	.LVL1:
  49              		.loc 1 42 10 view .LVU8
  50 000c 5368     		ldr	r3, [r2, #4]
  51 000e 1847     		bx	r3
  52              	.LVL2:
  53              	.L4:
  54              		.align	2
  55              	.L3:
  56 0010 00000000 		.word	disk
  57              		.cfi_endproc
  58              	.LFE130:
  60              		.section	.text.disk_initialize,"ax",%progbits
  61              		.align	1
  62              		.p2align 2,,3
  63              		.global	disk_initialize
  64              		.syntax unified
  65              		.thumb
  66              		.thumb_func
  68              	disk_initialize:
  69              	.LVL3:
  70              	.LFB131:
  43:Middlewares/Third_Party/FatFs/src/diskio.c ****   return stat;
  44:Middlewares/Third_Party/FatFs/src/diskio.c **** }
  45:Middlewares/Third_Party/FatFs/src/diskio.c **** 
  46:Middlewares/Third_Party/FatFs/src/diskio.c **** /**
  47:Middlewares/Third_Party/FatFs/src/diskio.c ****   * @brief  Initializes a Drive
ARM GAS  C:\Users\pw705\AppData\Local\Temp\ccnJS1on.s 			page 3


  48:Middlewares/Third_Party/FatFs/src/diskio.c ****   * @param  pdrv: Physical drive number (0..)
  49:Middlewares/Third_Party/FatFs/src/diskio.c ****   * @retval DSTATUS: Operation status
  50:Middlewares/Third_Party/FatFs/src/diskio.c ****   */
  51:Middlewares/Third_Party/FatFs/src/diskio.c **** DSTATUS disk_initialize (
  52:Middlewares/Third_Party/FatFs/src/diskio.c **** 	BYTE pdrv				/* Physical drive nmuber to identify the drive */
  53:Middlewares/Third_Party/FatFs/src/diskio.c **** )
  54:Middlewares/Third_Party/FatFs/src/diskio.c **** {
  71              		.loc 1 54 1 is_stmt 1 view -0
  72              		.cfi_startproc
  73              		@ args = 0, pretend = 0, frame = 0
  74              		@ frame_needed = 0, uses_anonymous_args = 0
  75              		@ link register save eliminated.
  55:Middlewares/Third_Party/FatFs/src/diskio.c ****   DSTATUS stat = RES_OK;
  76              		.loc 1 55 3 view .LVU10
  56:Middlewares/Third_Party/FatFs/src/diskio.c **** 
  57:Middlewares/Third_Party/FatFs/src/diskio.c ****   if(disk.is_initialized[pdrv] == 0)
  77              		.loc 1 57 3 view .LVU11
  78              		.loc 1 57 25 is_stmt 0 view .LVU12
  79 0000 064B     		ldr	r3, .L7
  80              		.loc 1 57 5 view .LVU13
  81 0002 1A5C     		ldrb	r2, [r3, r0]	@ zero_extendqisi2
  82 0004 42B9     		cbnz	r2, .L6
  58:Middlewares/Third_Party/FatFs/src/diskio.c ****   {
  59:Middlewares/Third_Party/FatFs/src/diskio.c ****     disk.is_initialized[pdrv] = 1;
  83              		.loc 1 59 5 is_stmt 1 view .LVU14
  60:Middlewares/Third_Party/FatFs/src/diskio.c ****     stat = disk.drv[pdrv]->disk_initialize(disk.lun[pdrv]);
  84              		.loc 1 60 20 is_stmt 0 view .LVU15
  85 0006 03EB8002 		add	r2, r3, r0, lsl #2
  59:Middlewares/Third_Party/FatFs/src/diskio.c ****     stat = disk.drv[pdrv]->disk_initialize(disk.lun[pdrv]);
  86              		.loc 1 59 31 view .LVU16
  87 000a 0121     		movs	r1, #1
  88 000c 1954     		strb	r1, [r3, r0]
  89              		.loc 1 60 5 is_stmt 1 view .LVU17
  90              		.loc 1 60 26 is_stmt 0 view .LVU18
  91 000e 5268     		ldr	r2, [r2, #4]
  92              		.loc 1 60 12 view .LVU19
  93 0010 0344     		add	r3, r3, r0
  94 0012 1268     		ldr	r2, [r2]
  95 0014 187A     		ldrb	r0, [r3, #8]	@ zero_extendqisi2
  96              	.LVL4:
  97              		.loc 1 60 12 view .LVU20
  98 0016 1047     		bx	r2
  99              	.LVL5:
 100              	.L6:
  61:Middlewares/Third_Party/FatFs/src/diskio.c ****   }
  62:Middlewares/Third_Party/FatFs/src/diskio.c ****   return  stat;
 101              		.loc 1 62 3 is_stmt 1 view .LVU21
  63:Middlewares/Third_Party/FatFs/src/diskio.c **** }
 102              		.loc 1 63 1 is_stmt 0 view .LVU22
 103 0018 0020     		movs	r0, #0
 104              	.LVL6:
 105              		.loc 1 63 1 view .LVU23
 106 001a 7047     		bx	lr
 107              	.L8:
 108              		.align	2
 109              	.L7:
 110 001c 00000000 		.word	disk
ARM GAS  C:\Users\pw705\AppData\Local\Temp\ccnJS1on.s 			page 4


 111              		.cfi_endproc
 112              	.LFE131:
 114              		.section	.text.disk_read,"ax",%progbits
 115              		.align	1
 116              		.p2align 2,,3
 117              		.global	disk_read
 118              		.syntax unified
 119              		.thumb
 120              		.thumb_func
 122              	disk_read:
 123              	.LVL7:
 124              	.LFB132:
  64:Middlewares/Third_Party/FatFs/src/diskio.c **** 
  65:Middlewares/Third_Party/FatFs/src/diskio.c **** /**
  66:Middlewares/Third_Party/FatFs/src/diskio.c ****   * @brief  Reads Sector(s)
  67:Middlewares/Third_Party/FatFs/src/diskio.c ****   * @param  pdrv: Physical drive number (0..)
  68:Middlewares/Third_Party/FatFs/src/diskio.c ****   * @param  *buff: Data buffer to store read data
  69:Middlewares/Third_Party/FatFs/src/diskio.c ****   * @param  sector: Sector address (LBA)
  70:Middlewares/Third_Party/FatFs/src/diskio.c ****   * @param  count: Number of sectors to read (1..128)
  71:Middlewares/Third_Party/FatFs/src/diskio.c ****   * @retval DRESULT: Operation result
  72:Middlewares/Third_Party/FatFs/src/diskio.c ****   */
  73:Middlewares/Third_Party/FatFs/src/diskio.c **** DRESULT disk_read (
  74:Middlewares/Third_Party/FatFs/src/diskio.c **** 	BYTE pdrv,		/* Physical drive nmuber to identify the drive */
  75:Middlewares/Third_Party/FatFs/src/diskio.c **** 	BYTE *buff,		/* Data buffer to store read data */
  76:Middlewares/Third_Party/FatFs/src/diskio.c **** 	DWORD sector,	        /* Sector address in LBA */
  77:Middlewares/Third_Party/FatFs/src/diskio.c **** 	UINT count		/* Number of sectors to read */
  78:Middlewares/Third_Party/FatFs/src/diskio.c **** )
  79:Middlewares/Third_Party/FatFs/src/diskio.c **** {
 125              		.loc 1 79 1 is_stmt 1 view -0
 126              		.cfi_startproc
 127              		@ args = 0, pretend = 0, frame = 0
 128              		@ frame_needed = 0, uses_anonymous_args = 0
 129              		@ link register save eliminated.
  80:Middlewares/Third_Party/FatFs/src/diskio.c ****   DRESULT res;
 130              		.loc 1 80 3 view .LVU25
  81:Middlewares/Third_Party/FatFs/src/diskio.c **** 
  82:Middlewares/Third_Party/FatFs/src/diskio.c ****   res = disk.drv[pdrv]->disk_read(disk.lun[pdrv], buff, sector, count);
 131              		.loc 1 82 3 view .LVU26
  79:Middlewares/Third_Party/FatFs/src/diskio.c ****   DRESULT res;
 132              		.loc 1 79 1 is_stmt 0 view .LVU27
 133 0000 30B4     		push	{r4, r5}
 134              		.cfi_def_cfa_offset 8
 135              		.cfi_offset 4, -8
 136              		.cfi_offset 5, -4
 137              		.loc 1 82 9 view .LVU28
 138 0002 054C     		ldr	r4, .L11
 139              		.loc 1 82 17 view .LVU29
 140 0004 04EB8005 		add	r5, r4, r0, lsl #2
 141              		.loc 1 82 9 view .LVU30
 142 0008 0444     		add	r4, r4, r0
 143              		.loc 1 82 23 view .LVU31
 144 000a 6D68     		ldr	r5, [r5, #4]
 145              		.loc 1 82 9 view .LVU32
 146 000c 207A     		ldrb	r0, [r4, #8]	@ zero_extendqisi2
 147              	.LVL8:
 148              		.loc 1 82 9 view .LVU33
 149 000e AC68     		ldr	r4, [r5, #8]
ARM GAS  C:\Users\pw705\AppData\Local\Temp\ccnJS1on.s 			page 5


 150 0010 A446     		mov	ip, r4
  83:Middlewares/Third_Party/FatFs/src/diskio.c ****   return res;
  84:Middlewares/Third_Party/FatFs/src/diskio.c **** }
 151              		.loc 1 84 1 view .LVU34
 152 0012 30BC     		pop	{r4, r5}
 153              		.cfi_restore 5
 154              		.cfi_restore 4
 155              		.cfi_def_cfa_offset 0
  82:Middlewares/Third_Party/FatFs/src/diskio.c ****   return res;
 156              		.loc 1 82 9 view .LVU35
 157 0014 6047     		bx	ip
 158              	.LVL9:
 159              	.L12:
  82:Middlewares/Third_Party/FatFs/src/diskio.c ****   return res;
 160              		.loc 1 82 9 view .LVU36
 161 0016 00BF     		.align	2
 162              	.L11:
 163 0018 00000000 		.word	disk
 164              		.cfi_endproc
 165              	.LFE132:
 167              		.section	.text.disk_write,"ax",%progbits
 168              		.align	1
 169              		.p2align 2,,3
 170              		.global	disk_write
 171              		.syntax unified
 172              		.thumb
 173              		.thumb_func
 175              	disk_write:
 176              	.LVL10:
 177              	.LFB133:
  85:Middlewares/Third_Party/FatFs/src/diskio.c **** 
  86:Middlewares/Third_Party/FatFs/src/diskio.c **** /**
  87:Middlewares/Third_Party/FatFs/src/diskio.c ****   * @brief  Writes Sector(s)
  88:Middlewares/Third_Party/FatFs/src/diskio.c ****   * @param  pdrv: Physical drive number (0..)
  89:Middlewares/Third_Party/FatFs/src/diskio.c ****   * @param  *buff: Data to be written
  90:Middlewares/Third_Party/FatFs/src/diskio.c ****   * @param  sector: Sector address (LBA)
  91:Middlewares/Third_Party/FatFs/src/diskio.c ****   * @param  count: Number of sectors to write (1..128)
  92:Middlewares/Third_Party/FatFs/src/diskio.c ****   * @retval DRESULT: Operation result
  93:Middlewares/Third_Party/FatFs/src/diskio.c ****   */
  94:Middlewares/Third_Party/FatFs/src/diskio.c **** #if _USE_WRITE == 1
  95:Middlewares/Third_Party/FatFs/src/diskio.c **** DRESULT disk_write (
  96:Middlewares/Third_Party/FatFs/src/diskio.c **** 	BYTE pdrv,		/* Physical drive nmuber to identify the drive */
  97:Middlewares/Third_Party/FatFs/src/diskio.c **** 	const BYTE *buff,	/* Data to be written */
  98:Middlewares/Third_Party/FatFs/src/diskio.c **** 	DWORD sector,		/* Sector address in LBA */
  99:Middlewares/Third_Party/FatFs/src/diskio.c **** 	UINT count        	/* Number of sectors to write */
 100:Middlewares/Third_Party/FatFs/src/diskio.c **** )
 101:Middlewares/Third_Party/FatFs/src/diskio.c **** {
 178              		.loc 1 101 1 is_stmt 1 view -0
 179              		.cfi_startproc
 180              		@ args = 0, pretend = 0, frame = 0
 181              		@ frame_needed = 0, uses_anonymous_args = 0
 182              		@ link register save eliminated.
 102:Middlewares/Third_Party/FatFs/src/diskio.c ****   DRESULT res;
 183              		.loc 1 102 3 view .LVU38
 103:Middlewares/Third_Party/FatFs/src/diskio.c **** 
 104:Middlewares/Third_Party/FatFs/src/diskio.c ****   res = disk.drv[pdrv]->disk_write(disk.lun[pdrv], buff, sector, count);
 184              		.loc 1 104 3 view .LVU39
ARM GAS  C:\Users\pw705\AppData\Local\Temp\ccnJS1on.s 			page 6


 101:Middlewares/Third_Party/FatFs/src/diskio.c ****   DRESULT res;
 185              		.loc 1 101 1 is_stmt 0 view .LVU40
 186 0000 30B4     		push	{r4, r5}
 187              		.cfi_def_cfa_offset 8
 188              		.cfi_offset 4, -8
 189              		.cfi_offset 5, -4
 190              		.loc 1 104 9 view .LVU41
 191 0002 054C     		ldr	r4, .L15
 192              		.loc 1 104 17 view .LVU42
 193 0004 04EB8005 		add	r5, r4, r0, lsl #2
 194              		.loc 1 104 9 view .LVU43
 195 0008 0444     		add	r4, r4, r0
 196              		.loc 1 104 23 view .LVU44
 197 000a 6D68     		ldr	r5, [r5, #4]
 198              		.loc 1 104 9 view .LVU45
 199 000c 207A     		ldrb	r0, [r4, #8]	@ zero_extendqisi2
 200              	.LVL11:
 201              		.loc 1 104 9 view .LVU46
 202 000e EC68     		ldr	r4, [r5, #12]
 203 0010 A446     		mov	ip, r4
 105:Middlewares/Third_Party/FatFs/src/diskio.c ****   return res;
 106:Middlewares/Third_Party/FatFs/src/diskio.c **** }
 204              		.loc 1 106 1 view .LVU47
 205 0012 30BC     		pop	{r4, r5}
 206              		.cfi_restore 5
 207              		.cfi_restore 4
 208              		.cfi_def_cfa_offset 0
 104:Middlewares/Third_Party/FatFs/src/diskio.c ****   return res;
 209              		.loc 1 104 9 view .LVU48
 210 0014 6047     		bx	ip
 211              	.LVL12:
 212              	.L16:
 104:Middlewares/Third_Party/FatFs/src/diskio.c ****   return res;
 213              		.loc 1 104 9 view .LVU49
 214 0016 00BF     		.align	2
 215              	.L15:
 216 0018 00000000 		.word	disk
 217              		.cfi_endproc
 218              	.LFE133:
 220              		.section	.text.disk_ioctl,"ax",%progbits
 221              		.align	1
 222              		.p2align 2,,3
 223              		.global	disk_ioctl
 224              		.syntax unified
 225              		.thumb
 226              		.thumb_func
 228              	disk_ioctl:
 229              	.LVL13:
 230              	.LFB134:
 107:Middlewares/Third_Party/FatFs/src/diskio.c **** #endif /* _USE_WRITE == 1 */
 108:Middlewares/Third_Party/FatFs/src/diskio.c **** 
 109:Middlewares/Third_Party/FatFs/src/diskio.c **** /**
 110:Middlewares/Third_Party/FatFs/src/diskio.c ****   * @brief  I/O control operation
 111:Middlewares/Third_Party/FatFs/src/diskio.c ****   * @param  pdrv: Physical drive number (0..)
 112:Middlewares/Third_Party/FatFs/src/diskio.c ****   * @param  cmd: Control code
 113:Middlewares/Third_Party/FatFs/src/diskio.c ****   * @param  *buff: Buffer to send/receive control data
 114:Middlewares/Third_Party/FatFs/src/diskio.c ****   * @retval DRESULT: Operation result
ARM GAS  C:\Users\pw705\AppData\Local\Temp\ccnJS1on.s 			page 7


 115:Middlewares/Third_Party/FatFs/src/diskio.c ****   */
 116:Middlewares/Third_Party/FatFs/src/diskio.c **** #if _USE_IOCTL == 1
 117:Middlewares/Third_Party/FatFs/src/diskio.c **** DRESULT disk_ioctl (
 118:Middlewares/Third_Party/FatFs/src/diskio.c **** 	BYTE pdrv,		/* Physical drive nmuber (0..) */
 119:Middlewares/Third_Party/FatFs/src/diskio.c **** 	BYTE cmd,		/* Control code */
 120:Middlewares/Third_Party/FatFs/src/diskio.c **** 	void *buff		/* Buffer to send/receive control data */
 121:Middlewares/Third_Party/FatFs/src/diskio.c **** )
 122:Middlewares/Third_Party/FatFs/src/diskio.c **** {
 231              		.loc 1 122 1 is_stmt 1 view -0
 232              		.cfi_startproc
 233              		@ args = 0, pretend = 0, frame = 0
 234              		@ frame_needed = 0, uses_anonymous_args = 0
 235              		@ link register save eliminated.
 123:Middlewares/Third_Party/FatFs/src/diskio.c ****   DRESULT res;
 236              		.loc 1 123 3 view .LVU51
 124:Middlewares/Third_Party/FatFs/src/diskio.c **** 
 125:Middlewares/Third_Party/FatFs/src/diskio.c ****   res = disk.drv[pdrv]->disk_ioctl(disk.lun[pdrv], cmd, buff);
 237              		.loc 1 125 3 view .LVU52
 238              		.loc 1 125 9 is_stmt 0 view .LVU53
 239 0000 044B     		ldr	r3, .L18
 240 0002 03EB000C 		add	ip, r3, r0
 241              		.loc 1 125 17 view .LVU54
 242 0006 03EB8003 		add	r3, r3, r0, lsl #2
 243              		.loc 1 125 9 view .LVU55
 244 000a 9CF80800 		ldrb	r0, [ip, #8]	@ zero_extendqisi2
 245              	.LVL14:
 246              		.loc 1 125 23 view .LVU56
 247 000e 5B68     		ldr	r3, [r3, #4]
 248              		.loc 1 125 9 view .LVU57
 249 0010 1B69     		ldr	r3, [r3, #16]
 250 0012 1847     		bx	r3
 251              	.LVL15:
 252              	.L19:
 253              		.loc 1 125 9 view .LVU58
 254              		.align	2
 255              	.L18:
 256 0014 00000000 		.word	disk
 257              		.cfi_endproc
 258              	.LFE134:
 260              		.section	.text.get_fattime,"ax",%progbits
 261              		.align	1
 262              		.p2align 2,,3
 263              		.weak	get_fattime
 264              		.syntax unified
 265              		.thumb
 266              		.thumb_func
 268              	get_fattime:
 269              	.LFB135:
 126:Middlewares/Third_Party/FatFs/src/diskio.c ****   return res;
 127:Middlewares/Third_Party/FatFs/src/diskio.c **** }
 128:Middlewares/Third_Party/FatFs/src/diskio.c **** #endif /* _USE_IOCTL == 1 */
 129:Middlewares/Third_Party/FatFs/src/diskio.c **** 
 130:Middlewares/Third_Party/FatFs/src/diskio.c **** /**
 131:Middlewares/Third_Party/FatFs/src/diskio.c ****   * @brief  Gets Time from RTC
 132:Middlewares/Third_Party/FatFs/src/diskio.c ****   * @param  None
 133:Middlewares/Third_Party/FatFs/src/diskio.c ****   * @retval Time in DWORD
 134:Middlewares/Third_Party/FatFs/src/diskio.c ****   */
ARM GAS  C:\Users\pw705\AppData\Local\Temp\ccnJS1on.s 			page 8


 135:Middlewares/Third_Party/FatFs/src/diskio.c **** __weak DWORD get_fattime (void)
 136:Middlewares/Third_Party/FatFs/src/diskio.c **** {
 270              		.loc 1 136 1 is_stmt 1 view -0
 271              		.cfi_startproc
 272              		@ args = 0, pretend = 0, frame = 0
 273              		@ frame_needed = 0, uses_anonymous_args = 0
 274              		@ link register save eliminated.
 137:Middlewares/Third_Party/FatFs/src/diskio.c ****   return 0;
 275              		.loc 1 137 3 view .LVU60
 138:Middlewares/Third_Party/FatFs/src/diskio.c **** }
 276              		.loc 1 138 1 is_stmt 0 view .LVU61
 277 0000 0020     		movs	r0, #0
 278 0002 7047     		bx	lr
 279              		.cfi_endproc
 280              	.LFE135:
 282              		.text
 283              	.Letext0:
 284              		.file 2 "Middlewares/Third_Party/FatFs/src/integer.h"
 285              		.file 3 "Middlewares/Third_Party/FatFs/src/diskio.h"
 286              		.file 4 "c:\\users\\pw705\\appdata\\roaming\\code\\user\\globalstorage\\bmd.stm32-for-vscode\\@xpa
 287              		.file 5 "c:\\users\\pw705\\appdata\\roaming\\code\\user\\globalstorage\\bmd.stm32-for-vscode\\@xpa
 288              		.file 6 "Middlewares/Third_Party/FatFs/src/ff_gen_drv.h"
ARM GAS  C:\Users\pw705\AppData\Local\Temp\ccnJS1on.s 			page 9


DEFINED SYMBOLS
                            *ABS*:00000000 diskio.c
C:\Users\pw705\AppData\Local\Temp\ccnJS1on.s:21     .text.disk_status:00000000 $t
C:\Users\pw705\AppData\Local\Temp\ccnJS1on.s:28     .text.disk_status:00000000 disk_status
C:\Users\pw705\AppData\Local\Temp\ccnJS1on.s:56     .text.disk_status:00000010 $d
C:\Users\pw705\AppData\Local\Temp\ccnJS1on.s:61     .text.disk_initialize:00000000 $t
C:\Users\pw705\AppData\Local\Temp\ccnJS1on.s:68     .text.disk_initialize:00000000 disk_initialize
C:\Users\pw705\AppData\Local\Temp\ccnJS1on.s:110    .text.disk_initialize:0000001c $d
C:\Users\pw705\AppData\Local\Temp\ccnJS1on.s:115    .text.disk_read:00000000 $t
C:\Users\pw705\AppData\Local\Temp\ccnJS1on.s:122    .text.disk_read:00000000 disk_read
C:\Users\pw705\AppData\Local\Temp\ccnJS1on.s:163    .text.disk_read:00000018 $d
C:\Users\pw705\AppData\Local\Temp\ccnJS1on.s:168    .text.disk_write:00000000 $t
C:\Users\pw705\AppData\Local\Temp\ccnJS1on.s:175    .text.disk_write:00000000 disk_write
C:\Users\pw705\AppData\Local\Temp\ccnJS1on.s:216    .text.disk_write:00000018 $d
C:\Users\pw705\AppData\Local\Temp\ccnJS1on.s:221    .text.disk_ioctl:00000000 $t
C:\Users\pw705\AppData\Local\Temp\ccnJS1on.s:228    .text.disk_ioctl:00000000 disk_ioctl
C:\Users\pw705\AppData\Local\Temp\ccnJS1on.s:256    .text.disk_ioctl:00000014 $d
C:\Users\pw705\AppData\Local\Temp\ccnJS1on.s:261    .text.get_fattime:00000000 $t
C:\Users\pw705\AppData\Local\Temp\ccnJS1on.s:268    .text.get_fattime:00000000 get_fattime

UNDEFINED SYMBOLS
disk
