ARM GAS  C:\Users\pw705\AppData\Local\Temp\cc1qoYeq.s 			page 1


   1              		.cpu cortex-m4
   2              		.arch armv7e-m
   3              		.fpu fpv4-sp-d16
   4              		.eabi_attribute 27, 1
   5              		.eabi_attribute 28, 1
   6              		.eabi_attribute 20, 1
   7              		.eabi_attribute 21, 1
   8              		.eabi_attribute 23, 3
   9              		.eabi_attribute 24, 1
  10              		.eabi_attribute 25, 1
  11              		.eabi_attribute 26, 1
  12              		.eabi_attribute 30, 2
  13              		.eabi_attribute 34, 1
  14              		.eabi_attribute 18, 4
  15              		.file	"fatfs.c"
  16              		.text
  17              	.Ltext0:
  18              		.cfi_sections	.debug_frame
  19              		.file 1 "Src/fatfs.c"
  20              		.section	.text.MX_FATFS_Init,"ax",%progbits
  21              		.align	1
  22              		.p2align 2,,3
  23              		.global	MX_FATFS_Init
  24              		.syntax unified
  25              		.thumb
  26              		.thumb_func
  28              	MX_FATFS_Init:
  29              	.LFB130:
   1:Src/fatfs.c   **** /* USER CODE BEGIN Header */
   2:Src/fatfs.c   **** /**
   3:Src/fatfs.c   ****   ******************************************************************************
   4:Src/fatfs.c   ****   * @file   fatfs.c
   5:Src/fatfs.c   ****   * @brief  Code for fatfs applications
   6:Src/fatfs.c   ****   ******************************************************************************
   7:Src/fatfs.c   ****   * @attention
   8:Src/fatfs.c   ****   *
   9:Src/fatfs.c   ****   * Copyright (c) 2024 STMicroelectronics.
  10:Src/fatfs.c   ****   * All rights reserved.
  11:Src/fatfs.c   ****   *
  12:Src/fatfs.c   ****   * This software is licensed under terms that can be found in the LICENSE file
  13:Src/fatfs.c   ****   * in the root directory of this software component.
  14:Src/fatfs.c   ****   * If no LICENSE file comes with this software, it is provided AS-IS.
  15:Src/fatfs.c   ****   *
  16:Src/fatfs.c   ****   ******************************************************************************
  17:Src/fatfs.c   ****   */
  18:Src/fatfs.c   **** /* USER CODE END Header */
  19:Src/fatfs.c   **** #include "fatfs.h"
  20:Src/fatfs.c   **** 
  21:Src/fatfs.c   **** uint8_t retSD;    /* Return value for SD */
  22:Src/fatfs.c   **** char SDPath[4];   /* SD logical drive path */
  23:Src/fatfs.c   **** FATFS SDFatFS;    /* File system object for SD logical drive */
  24:Src/fatfs.c   **** FIL SDFile;       /* File object for SD */
  25:Src/fatfs.c   **** 
  26:Src/fatfs.c   **** /* USER CODE BEGIN Variables */
  27:Src/fatfs.c   **** 
  28:Src/fatfs.c   **** /* USER CODE END Variables */
  29:Src/fatfs.c   **** 
ARM GAS  C:\Users\pw705\AppData\Local\Temp\cc1qoYeq.s 			page 2


  30:Src/fatfs.c   **** void MX_FATFS_Init(void)
  31:Src/fatfs.c   **** {
  30              		.loc 1 31 1 view -0
  31              		.cfi_startproc
  32              		@ args = 0, pretend = 0, frame = 0
  33              		@ frame_needed = 0, uses_anonymous_args = 0
  32:Src/fatfs.c   ****   /*## FatFS: Link the SD driver ###########################*/
  33:Src/fatfs.c   ****   retSD = FATFS_LinkDriver(&SD_Driver, SDPath);
  34              		.loc 1 33 3 view .LVU1
  31:Src/fatfs.c   ****   /*## FatFS: Link the SD driver ###########################*/
  35              		.loc 1 31 1 is_stmt 0 view .LVU2
  36 0000 08B5     		push	{r3, lr}
  37              		.cfi_def_cfa_offset 8
  38              		.cfi_offset 3, -8
  39              		.cfi_offset 14, -4
  40              		.loc 1 33 11 view .LVU3
  41 0002 0349     		ldr	r1, .L4
  42 0004 0348     		ldr	r0, .L4+4
  43 0006 FFF7FEFF 		bl	FATFS_LinkDriver
  44              	.LVL0:
  45              		.loc 1 33 9 view .LVU4
  46 000a 034B     		ldr	r3, .L4+8
  47 000c 1870     		strb	r0, [r3]
  34:Src/fatfs.c   **** 
  35:Src/fatfs.c   ****   /* USER CODE BEGIN Init */
  36:Src/fatfs.c   ****   /* additional user code for init */     
  37:Src/fatfs.c   ****   /* USER CODE END Init */
  38:Src/fatfs.c   **** }
  48              		.loc 1 38 1 view .LVU5
  49 000e 08BD     		pop	{r3, pc}
  50              	.L5:
  51              		.align	2
  52              	.L4:
  53 0010 00000000 		.word	SDPath
  54 0014 00000000 		.word	SD_Driver
  55 0018 00000000 		.word	retSD
  56              		.cfi_endproc
  57              	.LFE130:
  59              		.section	.text.get_fattime,"ax",%progbits
  60              		.align	1
  61              		.p2align 2,,3
  62              		.global	get_fattime
  63              		.syntax unified
  64              		.thumb
  65              		.thumb_func
  67              	get_fattime:
  68              	.LFB131:
  39:Src/fatfs.c   **** 
  40:Src/fatfs.c   **** /**
  41:Src/fatfs.c   ****   * @brief  Gets Time from RTC
  42:Src/fatfs.c   ****   * @param  None
  43:Src/fatfs.c   ****   * @retval Time in DWORD
  44:Src/fatfs.c   ****   */
  45:Src/fatfs.c   **** DWORD get_fattime(void)
  46:Src/fatfs.c   **** {
  69              		.loc 1 46 1 is_stmt 1 view -0
  70              		.cfi_startproc
ARM GAS  C:\Users\pw705\AppData\Local\Temp\cc1qoYeq.s 			page 3


  71              		@ args = 0, pretend = 0, frame = 0
  72              		@ frame_needed = 0, uses_anonymous_args = 0
  73              		@ link register save eliminated.
  47:Src/fatfs.c   ****   /* USER CODE BEGIN get_fattime */
  48:Src/fatfs.c   ****   return 0;
  74              		.loc 1 48 3 view .LVU7
  49:Src/fatfs.c   ****   /* USER CODE END get_fattime */
  50:Src/fatfs.c   **** }
  75              		.loc 1 50 1 is_stmt 0 view .LVU8
  76 0000 0020     		movs	r0, #0
  77 0002 7047     		bx	lr
  78              		.cfi_endproc
  79              	.LFE131:
  81              		.global	SDFile
  82              		.section	.bss.SDFile,"aw",%nobits
  83              		.align	2
  86              	SDFile:
  87 0000 00000000 		.space	560
  87      00000000 
  87      00000000 
  87      00000000 
  87      00000000 
  88              		.global	SDFatFS
  89              		.section	.bss.SDFatFS,"aw",%nobits
  90              		.align	2
  93              	SDFatFS:
  94 0000 00000000 		.space	564
  94      00000000 
  94      00000000 
  94      00000000 
  94      00000000 
  95              		.global	SDPath
  96              		.section	.bss.SDPath,"aw",%nobits
  97              		.align	2
 100              	SDPath:
 101 0000 00000000 		.space	4
 102              		.global	retSD
 103              		.section	.bss.retSD,"aw",%nobits
 106              	retSD:
 107 0000 00       		.space	1
 108              		.text
 109              	.Letext0:
 110              		.file 2 "Middlewares/Third_Party/FatFs/src/integer.h"
 111              		.file 3 "c:\\users\\pw705\\appdata\\roaming\\code\\user\\globalstorage\\bmd.stm32-for-vscode\\@xpa
 112              		.file 4 "c:\\users\\pw705\\appdata\\roaming\\code\\user\\globalstorage\\bmd.stm32-for-vscode\\@xpa
 113              		.file 5 "Middlewares/Third_Party/FatFs/src/ff.h"
 114              		.file 6 "Middlewares/Third_Party/FatFs/src/diskio.h"
 115              		.file 7 "Middlewares/Third_Party/FatFs/src/ff_gen_drv.h"
 116              		.file 8 "Inc/sd_diskio.h"
 117              		.file 9 "Inc/fatfs.h"
ARM GAS  C:\Users\pw705\AppData\Local\Temp\cc1qoYeq.s 			page 4


DEFINED SYMBOLS
                            *ABS*:00000000 fatfs.c
C:\Users\pw705\AppData\Local\Temp\cc1qoYeq.s:21     .text.MX_FATFS_Init:00000000 $t
C:\Users\pw705\AppData\Local\Temp\cc1qoYeq.s:28     .text.MX_FATFS_Init:00000000 MX_FATFS_Init
C:\Users\pw705\AppData\Local\Temp\cc1qoYeq.s:53     .text.MX_FATFS_Init:00000010 $d
C:\Users\pw705\AppData\Local\Temp\cc1qoYeq.s:100    .bss.SDPath:00000000 SDPath
C:\Users\pw705\AppData\Local\Temp\cc1qoYeq.s:106    .bss.retSD:00000000 retSD
C:\Users\pw705\AppData\Local\Temp\cc1qoYeq.s:60     .text.get_fattime:00000000 $t
C:\Users\pw705\AppData\Local\Temp\cc1qoYeq.s:67     .text.get_fattime:00000000 get_fattime
C:\Users\pw705\AppData\Local\Temp\cc1qoYeq.s:86     .bss.SDFile:00000000 SDFile
C:\Users\pw705\AppData\Local\Temp\cc1qoYeq.s:83     .bss.SDFile:00000000 $d
C:\Users\pw705\AppData\Local\Temp\cc1qoYeq.s:93     .bss.SDFatFS:00000000 SDFatFS
C:\Users\pw705\AppData\Local\Temp\cc1qoYeq.s:90     .bss.SDFatFS:00000000 $d
C:\Users\pw705\AppData\Local\Temp\cc1qoYeq.s:97     .bss.SDPath:00000000 $d
C:\Users\pw705\AppData\Local\Temp\cc1qoYeq.s:107    .bss.retSD:00000000 $d

UNDEFINED SYMBOLS
FATFS_LinkDriver
SD_Driver
