ARM GAS  C:\Users\pw705\AppData\Local\Temp\ccgJ46uq.s 			page 1


   1              		.cpu cortex-m4
   2              		.arch armv7e-m
   3              		.fpu fpv4-sp-d16
   4              		.eabi_attribute 27, 1
   5              		.eabi_attribute 28, 1
   6              		.eabi_attribute 20, 1
   7              		.eabi_attribute 21, 1
   8              		.eabi_attribute 23, 3
   9              		.eabi_attribute 24, 1
  10              		.eabi_attribute 25, 1
  11              		.eabi_attribute 26, 1
  12              		.eabi_attribute 30, 2
  13              		.eabi_attribute 34, 1
  14              		.eabi_attribute 18, 4
  15              		.file	"ff_gen_drv.c"
  16              		.text
  17              	.Ltext0:
  18              		.cfi_sections	.debug_frame
  19              		.file 1 "Middlewares/Third_Party/FatFs/src/ff_gen_drv.c"
  20              		.section	.text.FATFS_LinkDriverEx,"ax",%progbits
  21              		.align	1
  22              		.p2align 2,,3
  23              		.global	FATFS_LinkDriverEx
  24              		.syntax unified
  25              		.thumb
  26              		.thumb_func
  28              	FATFS_LinkDriverEx:
  29              	.LVL0:
  30              	.LFB130:
   1:Middlewares/Third_Party/FatFs/src/ff_gen_drv.c **** /**
   2:Middlewares/Third_Party/FatFs/src/ff_gen_drv.c ****   ******************************************************************************
   3:Middlewares/Third_Party/FatFs/src/ff_gen_drv.c ****   * @file    ff_gen_drv.c
   4:Middlewares/Third_Party/FatFs/src/ff_gen_drv.c ****   * @author  MCD Application Team
   5:Middlewares/Third_Party/FatFs/src/ff_gen_drv.c ****   * @brief   FatFs generic low level driver.
   6:Middlewares/Third_Party/FatFs/src/ff_gen_drv.c ****   *****************************************************************************
   7:Middlewares/Third_Party/FatFs/src/ff_gen_drv.c ****   * @attention
   8:Middlewares/Third_Party/FatFs/src/ff_gen_drv.c ****   *
   9:Middlewares/Third_Party/FatFs/src/ff_gen_drv.c ****   * Copyright (c) 2017 STMicroelectronics. All rights reserved.
  10:Middlewares/Third_Party/FatFs/src/ff_gen_drv.c ****   *
  11:Middlewares/Third_Party/FatFs/src/ff_gen_drv.c ****   * This software component is licensed by ST under BSD 3-Clause license,
  12:Middlewares/Third_Party/FatFs/src/ff_gen_drv.c ****   * the "License"; You may not use this file except in compliance with the
  13:Middlewares/Third_Party/FatFs/src/ff_gen_drv.c ****   * License. You may obtain a copy of the License at:
  14:Middlewares/Third_Party/FatFs/src/ff_gen_drv.c ****   *                       opensource.org/licenses/BSD-3-Clause
  15:Middlewares/Third_Party/FatFs/src/ff_gen_drv.c ****   *
  16:Middlewares/Third_Party/FatFs/src/ff_gen_drv.c ****   ******************************************************************************
  17:Middlewares/Third_Party/FatFs/src/ff_gen_drv.c **** **/
  18:Middlewares/Third_Party/FatFs/src/ff_gen_drv.c **** /* Includes ------------------------------------------------------------------*/
  19:Middlewares/Third_Party/FatFs/src/ff_gen_drv.c **** #include "ff_gen_drv.h"
  20:Middlewares/Third_Party/FatFs/src/ff_gen_drv.c **** 
  21:Middlewares/Third_Party/FatFs/src/ff_gen_drv.c **** /* Private typedef -----------------------------------------------------------*/
  22:Middlewares/Third_Party/FatFs/src/ff_gen_drv.c **** /* Private define ------------------------------------------------------------*/
  23:Middlewares/Third_Party/FatFs/src/ff_gen_drv.c **** /* Private variables ---------------------------------------------------------*/
  24:Middlewares/Third_Party/FatFs/src/ff_gen_drv.c **** Disk_drvTypeDef disk = {{0},{0},{0},0};
  25:Middlewares/Third_Party/FatFs/src/ff_gen_drv.c **** 
  26:Middlewares/Third_Party/FatFs/src/ff_gen_drv.c **** /* Private function prototypes -----------------------------------------------*/
  27:Middlewares/Third_Party/FatFs/src/ff_gen_drv.c **** /* Private functions ---------------------------------------------------------*/
  28:Middlewares/Third_Party/FatFs/src/ff_gen_drv.c **** 
ARM GAS  C:\Users\pw705\AppData\Local\Temp\ccgJ46uq.s 			page 2


  29:Middlewares/Third_Party/FatFs/src/ff_gen_drv.c **** /**
  30:Middlewares/Third_Party/FatFs/src/ff_gen_drv.c ****   * @brief  Links a compatible diskio driver/lun id and increments the number of active
  31:Middlewares/Third_Party/FatFs/src/ff_gen_drv.c ****   *         linked drivers.
  32:Middlewares/Third_Party/FatFs/src/ff_gen_drv.c ****   * @note   The number of linked drivers (volumes) is up to 10 due to FatFs limits.
  33:Middlewares/Third_Party/FatFs/src/ff_gen_drv.c ****   * @param  drv: pointer to the disk IO Driver structure
  34:Middlewares/Third_Party/FatFs/src/ff_gen_drv.c ****   * @param  path: pointer to the logical drive path
  35:Middlewares/Third_Party/FatFs/src/ff_gen_drv.c ****   * @param  lun : only used for USB Key Disk to add multi-lun management
  36:Middlewares/Third_Party/FatFs/src/ff_gen_drv.c ****             else the parameter must be equal to 0
  37:Middlewares/Third_Party/FatFs/src/ff_gen_drv.c ****   * @retval Returns 0 in case of success, otherwise 1.
  38:Middlewares/Third_Party/FatFs/src/ff_gen_drv.c ****   */
  39:Middlewares/Third_Party/FatFs/src/ff_gen_drv.c **** uint8_t FATFS_LinkDriverEx(const Diskio_drvTypeDef *drv, char *path, uint8_t lun)
  40:Middlewares/Third_Party/FatFs/src/ff_gen_drv.c **** {
  31              		.loc 1 40 1 view -0
  32              		.cfi_startproc
  33              		@ args = 0, pretend = 0, frame = 0
  34              		@ frame_needed = 0, uses_anonymous_args = 0
  35              		@ link register save eliminated.
  41:Middlewares/Third_Party/FatFs/src/ff_gen_drv.c ****   uint8_t ret = 1;
  36              		.loc 1 41 3 view .LVU1
  42:Middlewares/Third_Party/FatFs/src/ff_gen_drv.c ****   uint8_t DiskNum = 0;
  37              		.loc 1 42 3 view .LVU2
  43:Middlewares/Third_Party/FatFs/src/ff_gen_drv.c **** 
  44:Middlewares/Third_Party/FatFs/src/ff_gen_drv.c ****   if(disk.nbr < _VOLUMES)
  38              		.loc 1 44 3 view .LVU3
  40:Middlewares/Third_Party/FatFs/src/ff_gen_drv.c ****   uint8_t ret = 1;
  39              		.loc 1 40 1 is_stmt 0 view .LVU4
  40 0000 30B4     		push	{r4, r5}
  41              		.cfi_def_cfa_offset 8
  42              		.cfi_offset 4, -8
  43              		.cfi_offset 5, -4
  44              		.loc 1 44 10 view .LVU5
  45 0002 0F4B     		ldr	r3, .L6
  46 0004 5D7A     		ldrb	r5, [r3, #9]	@ zero_extendqisi2
  47              		.loc 1 44 5 view .LVU6
  48 0006 C5B9     		cbnz	r5, .L3
  49 0008 0446     		mov	r4, r0
  50              	.LVL1:
  51              	.LBB8:
  52              	.LBI8:
  39:Middlewares/Third_Party/FatFs/src/ff_gen_drv.c **** {
  53              		.loc 1 39 9 is_stmt 1 view .LVU7
  54              	.LBB9:
  45:Middlewares/Third_Party/FatFs/src/ff_gen_drv.c ****   {
  46:Middlewares/Third_Party/FatFs/src/ff_gen_drv.c ****     disk.is_initialized[disk.nbr] = 0;
  55              		.loc 1 46 5 view .LVU8
  56 000a 05F0FF00 		and	r0, r5, #255
  57              	.LVL2:
  58              		.loc 1 46 29 is_stmt 0 view .LVU9
  59 000e 5D7A     		ldrb	r5, [r3, #9]	@ zero_extendqisi2
  60              		.loc 1 46 35 view .LVU10
  61 0010 5855     		strb	r0, [r3, r5]
  47:Middlewares/Third_Party/FatFs/src/ff_gen_drv.c ****     disk.drv[disk.nbr] = drv;
  62              		.loc 1 47 5 is_stmt 1 view .LVU11
  63              		.loc 1 47 18 is_stmt 0 view .LVU12
  64 0012 5D7A     		ldrb	r5, [r3, #9]	@ zero_extendqisi2
  65              		.loc 1 47 24 view .LVU13
  66 0014 03EB8505 		add	r5, r3, r5, lsl #2
ARM GAS  C:\Users\pw705\AppData\Local\Temp\ccgJ46uq.s 			page 3


  67 0018 6C60     		str	r4, [r5, #4]
  48:Middlewares/Third_Party/FatFs/src/ff_gen_drv.c ****     disk.lun[disk.nbr] = lun;
  68              		.loc 1 48 5 is_stmt 1 view .LVU14
  69              		.loc 1 48 18 is_stmt 0 view .LVU15
  70 001a 5C7A     		ldrb	r4, [r3, #9]	@ zero_extendqisi2
  71              	.LVL3:
  72              		.loc 1 48 24 view .LVU16
  73 001c 1C44     		add	r4, r4, r3
  74 001e 2272     		strb	r2, [r4, #8]
  49:Middlewares/Third_Party/FatFs/src/ff_gen_drv.c ****     DiskNum = disk.nbr++;
  75              		.loc 1 49 5 is_stmt 1 view .LVU17
  76              		.loc 1 49 19 is_stmt 0 view .LVU18
  77 0020 5A7A     		ldrb	r2, [r3, #9]	@ zero_extendqisi2
  78              	.LVL4:
  79              		.loc 1 49 23 view .LVU19
  80 0022 541C     		adds	r4, r2, #1
  81              	.LVL5:
  82              		.loc 1 49 23 view .LVU20
  83 0024 E4B2     		uxtb	r4, r4
  84 0026 5C72     		strb	r4, [r3, #9]
  85              	.LVL6:
  50:Middlewares/Third_Party/FatFs/src/ff_gen_drv.c ****     path[0] = DiskNum + '0';
  86              		.loc 1 50 5 is_stmt 1 view .LVU21
  87              		.loc 1 50 23 is_stmt 0 view .LVU22
  88 0028 3032     		adds	r2, r2, #48
  89              	.LVL7:
  51:Middlewares/Third_Party/FatFs/src/ff_gen_drv.c ****     path[1] = ':';
  90              		.loc 1 51 13 view .LVU23
  91 002a 3A24     		movs	r4, #58
  52:Middlewares/Third_Party/FatFs/src/ff_gen_drv.c ****     path[2] = '/';
  92              		.loc 1 52 13 view .LVU24
  93 002c 2F23     		movs	r3, #47
  94              	.LVL8:
  51:Middlewares/Third_Party/FatFs/src/ff_gen_drv.c ****     path[1] = ':';
  95              		.loc 1 51 13 view .LVU25
  96 002e 4C70     		strb	r4, [r1, #1]
  97              	.LVL9:
  50:Middlewares/Third_Party/FatFs/src/ff_gen_drv.c ****     path[0] = DiskNum + '0';
  98              		.loc 1 50 13 view .LVU26
  99 0030 0A70     		strb	r2, [r1]
  51:Middlewares/Third_Party/FatFs/src/ff_gen_drv.c ****     path[1] = ':';
 100              		.loc 1 51 5 is_stmt 1 view .LVU27
 101              		.loc 1 52 5 view .LVU28
 102              	.LBE9:
 103              	.LBE8:
  53:Middlewares/Third_Party/FatFs/src/ff_gen_drv.c ****     path[3] = 0;
  54:Middlewares/Third_Party/FatFs/src/ff_gen_drv.c ****     ret = 0;
  55:Middlewares/Third_Party/FatFs/src/ff_gen_drv.c ****   }
  56:Middlewares/Third_Party/FatFs/src/ff_gen_drv.c **** 
  57:Middlewares/Third_Party/FatFs/src/ff_gen_drv.c ****   return ret;
  58:Middlewares/Third_Party/FatFs/src/ff_gen_drv.c **** }
 104              		.loc 1 58 1 is_stmt 0 view .LVU29
 105 0032 30BC     		pop	{r4, r5}
 106              		.cfi_remember_state
 107              		.cfi_restore 5
 108              		.cfi_restore 4
 109              		.cfi_def_cfa_offset 0
ARM GAS  C:\Users\pw705\AppData\Local\Temp\ccgJ46uq.s 			page 4


 110              	.LBB11:
 111              	.LBB10:
  52:Middlewares/Third_Party/FatFs/src/ff_gen_drv.c ****     path[2] = '/';
 112              		.loc 1 52 13 view .LVU30
 113 0034 8B70     		strb	r3, [r1, #2]
  53:Middlewares/Third_Party/FatFs/src/ff_gen_drv.c ****     path[3] = 0;
 114              		.loc 1 53 5 is_stmt 1 view .LVU31
  53:Middlewares/Third_Party/FatFs/src/ff_gen_drv.c ****     path[3] = 0;
 115              		.loc 1 53 13 is_stmt 0 view .LVU32
 116 0036 C870     		strb	r0, [r1, #3]
  54:Middlewares/Third_Party/FatFs/src/ff_gen_drv.c ****   }
 117              		.loc 1 54 5 is_stmt 1 view .LVU33
 118              	.LVL10:
  57:Middlewares/Third_Party/FatFs/src/ff_gen_drv.c **** }
 119              		.loc 1 57 3 view .LVU34
  57:Middlewares/Third_Party/FatFs/src/ff_gen_drv.c **** }
 120              		.loc 1 57 3 is_stmt 0 view .LVU35
 121              	.LBE10:
 122              	.LBE11:
  57:Middlewares/Third_Party/FatFs/src/ff_gen_drv.c **** }
 123              		.loc 1 57 3 is_stmt 1 view .LVU36
 124              		.loc 1 58 1 is_stmt 0 view .LVU37
 125 0038 7047     		bx	lr
 126              	.LVL11:
 127              	.L3:
 128              		.cfi_restore_state
  41:Middlewares/Third_Party/FatFs/src/ff_gen_drv.c ****   uint8_t DiskNum = 0;
 129              		.loc 1 41 11 view .LVU38
 130 003a 0120     		movs	r0, #1
 131              	.LVL12:
  57:Middlewares/Third_Party/FatFs/src/ff_gen_drv.c **** }
 132              		.loc 1 57 3 is_stmt 1 view .LVU39
 133              		.loc 1 58 1 is_stmt 0 view .LVU40
 134 003c 30BC     		pop	{r4, r5}
 135              		.cfi_restore 5
 136              		.cfi_restore 4
 137              		.cfi_def_cfa_offset 0
 138 003e 7047     		bx	lr
 139              	.L7:
 140              		.align	2
 141              	.L6:
 142 0040 00000000 		.word	disk
 143              		.cfi_endproc
 144              	.LFE130:
 146              		.section	.text.FATFS_LinkDriver,"ax",%progbits
 147              		.align	1
 148              		.p2align 2,,3
 149              		.global	FATFS_LinkDriver
 150              		.syntax unified
 151              		.thumb
 152              		.thumb_func
 154              	FATFS_LinkDriver:
 155              	.LVL13:
 156              	.LFB131:
  59:Middlewares/Third_Party/FatFs/src/ff_gen_drv.c **** 
  60:Middlewares/Third_Party/FatFs/src/ff_gen_drv.c **** /**
  61:Middlewares/Third_Party/FatFs/src/ff_gen_drv.c ****   * @brief  Links a compatible diskio driver and increments the number of active
ARM GAS  C:\Users\pw705\AppData\Local\Temp\ccgJ46uq.s 			page 5


  62:Middlewares/Third_Party/FatFs/src/ff_gen_drv.c ****   *         linked drivers.
  63:Middlewares/Third_Party/FatFs/src/ff_gen_drv.c ****   * @note   The number of linked drivers (volumes) is up to 10 due to FatFs limits
  64:Middlewares/Third_Party/FatFs/src/ff_gen_drv.c ****   * @param  drv: pointer to the disk IO Driver structure
  65:Middlewares/Third_Party/FatFs/src/ff_gen_drv.c ****   * @param  path: pointer to the logical drive path
  66:Middlewares/Third_Party/FatFs/src/ff_gen_drv.c ****   * @retval Returns 0 in case of success, otherwise 1.
  67:Middlewares/Third_Party/FatFs/src/ff_gen_drv.c ****   */
  68:Middlewares/Third_Party/FatFs/src/ff_gen_drv.c **** uint8_t FATFS_LinkDriver(const Diskio_drvTypeDef *drv, char *path)
  69:Middlewares/Third_Party/FatFs/src/ff_gen_drv.c **** {
 157              		.loc 1 69 1 is_stmt 1 view -0
 158              		.cfi_startproc
 159              		@ args = 0, pretend = 0, frame = 0
 160              		@ frame_needed = 0, uses_anonymous_args = 0
 161              		@ link register save eliminated.
  70:Middlewares/Third_Party/FatFs/src/ff_gen_drv.c ****   return FATFS_LinkDriverEx(drv, path, 0);
 162              		.loc 1 70 3 view .LVU42
  69:Middlewares/Third_Party/FatFs/src/ff_gen_drv.c ****   return FATFS_LinkDriverEx(drv, path, 0);
 163              		.loc 1 69 1 is_stmt 0 view .LVU43
 164 0000 10B4     		push	{r4}
 165              		.cfi_def_cfa_offset 4
 166              		.cfi_offset 4, -4
 167              	.LBB16:
 168              	.LBB17:
  44:Middlewares/Third_Party/FatFs/src/ff_gen_drv.c ****   {
 169              		.loc 1 44 10 view .LVU44
 170 0002 104B     		ldr	r3, .L12
 171 0004 5C7A     		ldrb	r4, [r3, #9]	@ zero_extendqisi2
 172              	.LVL14:
  44:Middlewares/Third_Party/FatFs/src/ff_gen_drv.c ****   {
 173              		.loc 1 44 10 view .LVU45
 174              	.LBE17:
 175              	.LBI16:
  39:Middlewares/Third_Party/FatFs/src/ff_gen_drv.c **** {
 176              		.loc 1 39 9 is_stmt 1 view .LVU46
 177              	.LBB22:
  41:Middlewares/Third_Party/FatFs/src/ff_gen_drv.c ****   uint8_t DiskNum = 0;
 178              		.loc 1 41 3 view .LVU47
  42:Middlewares/Third_Party/FatFs/src/ff_gen_drv.c **** 
 179              		.loc 1 42 3 view .LVU48
  44:Middlewares/Third_Party/FatFs/src/ff_gen_drv.c ****   {
 180              		.loc 1 44 3 view .LVU49
  44:Middlewares/Third_Party/FatFs/src/ff_gen_drv.c ****   {
 181              		.loc 1 44 5 is_stmt 0 view .LVU50
 182 0006 CCB9     		cbnz	r4, .L10
 183 0008 0246     		mov	r2, r0
 184              	.LVL15:
 185              	.LBB18:
 186              	.LBI18:
  39:Middlewares/Third_Party/FatFs/src/ff_gen_drv.c **** {
 187              		.loc 1 39 9 is_stmt 1 view .LVU51
 188              	.LBB19:
  46:Middlewares/Third_Party/FatFs/src/ff_gen_drv.c ****     disk.drv[disk.nbr] = drv;
 189              		.loc 1 46 5 view .LVU52
 190 000a 04F0FF00 		and	r0, r4, #255
 191              	.LVL16:
  46:Middlewares/Third_Party/FatFs/src/ff_gen_drv.c ****     disk.drv[disk.nbr] = drv;
 192              		.loc 1 46 29 is_stmt 0 view .LVU53
 193 000e 5C7A     		ldrb	r4, [r3, #9]	@ zero_extendqisi2
ARM GAS  C:\Users\pw705\AppData\Local\Temp\ccgJ46uq.s 			page 6


  46:Middlewares/Third_Party/FatFs/src/ff_gen_drv.c ****     disk.drv[disk.nbr] = drv;
 194              		.loc 1 46 35 view .LVU54
 195 0010 1855     		strb	r0, [r3, r4]
  47:Middlewares/Third_Party/FatFs/src/ff_gen_drv.c ****     disk.lun[disk.nbr] = lun;
 196              		.loc 1 47 5 is_stmt 1 view .LVU55
  47:Middlewares/Third_Party/FatFs/src/ff_gen_drv.c ****     disk.lun[disk.nbr] = lun;
 197              		.loc 1 47 18 is_stmt 0 view .LVU56
 198 0012 5C7A     		ldrb	r4, [r3, #9]	@ zero_extendqisi2
  47:Middlewares/Third_Party/FatFs/src/ff_gen_drv.c ****     disk.lun[disk.nbr] = lun;
 199              		.loc 1 47 24 view .LVU57
 200 0014 03EB8404 		add	r4, r3, r4, lsl #2
 201 0018 6260     		str	r2, [r4, #4]
  48:Middlewares/Third_Party/FatFs/src/ff_gen_drv.c ****     DiskNum = disk.nbr++;
 202              		.loc 1 48 5 is_stmt 1 view .LVU58
  48:Middlewares/Third_Party/FatFs/src/ff_gen_drv.c ****     DiskNum = disk.nbr++;
 203              		.loc 1 48 18 is_stmt 0 view .LVU59
 204 001a 5C7A     		ldrb	r4, [r3, #9]	@ zero_extendqisi2
  49:Middlewares/Third_Party/FatFs/src/ff_gen_drv.c ****     path[0] = DiskNum + '0';
 205              		.loc 1 49 19 view .LVU60
 206 001c 5A7A     		ldrb	r2, [r3, #9]	@ zero_extendqisi2
 207              	.LVL17:
  48:Middlewares/Third_Party/FatFs/src/ff_gen_drv.c ****     DiskNum = disk.nbr++;
 208              		.loc 1 48 24 view .LVU61
 209 001e 1C44     		add	r4, r4, r3
 210 0020 2072     		strb	r0, [r4, #8]
  49:Middlewares/Third_Party/FatFs/src/ff_gen_drv.c ****     path[0] = DiskNum + '0';
 211              		.loc 1 49 5 is_stmt 1 view .LVU62
  49:Middlewares/Third_Party/FatFs/src/ff_gen_drv.c ****     path[0] = DiskNum + '0';
 212              		.loc 1 49 23 is_stmt 0 view .LVU63
 213 0022 541C     		adds	r4, r2, #1
 214 0024 E4B2     		uxtb	r4, r4
 215 0026 5C72     		strb	r4, [r3, #9]
 216              	.LVL18:
  50:Middlewares/Third_Party/FatFs/src/ff_gen_drv.c ****     path[1] = ':';
 217              		.loc 1 50 5 is_stmt 1 view .LVU64
  50:Middlewares/Third_Party/FatFs/src/ff_gen_drv.c ****     path[1] = ':';
 218              		.loc 1 50 23 is_stmt 0 view .LVU65
 219 0028 3032     		adds	r2, r2, #48
 220              	.LVL19:
  51:Middlewares/Third_Party/FatFs/src/ff_gen_drv.c ****     path[2] = '/';
 221              		.loc 1 51 13 view .LVU66
 222 002a 3A24     		movs	r4, #58
  52:Middlewares/Third_Party/FatFs/src/ff_gen_drv.c ****     path[3] = 0;
 223              		.loc 1 52 13 view .LVU67
 224 002c 2F23     		movs	r3, #47
 225              	.LVL20:
  51:Middlewares/Third_Party/FatFs/src/ff_gen_drv.c ****     path[2] = '/';
 226              		.loc 1 51 13 view .LVU68
 227 002e 4C70     		strb	r4, [r1, #1]
 228              	.LVL21:
  50:Middlewares/Third_Party/FatFs/src/ff_gen_drv.c ****     path[1] = ':';
 229              		.loc 1 50 13 view .LVU69
 230 0030 0A70     		strb	r2, [r1]
  51:Middlewares/Third_Party/FatFs/src/ff_gen_drv.c ****     path[2] = '/';
 231              		.loc 1 51 5 is_stmt 1 view .LVU70
  52:Middlewares/Third_Party/FatFs/src/ff_gen_drv.c ****     path[3] = 0;
 232              		.loc 1 52 5 view .LVU71
ARM GAS  C:\Users\pw705\AppData\Local\Temp\ccgJ46uq.s 			page 7


 233              	.LBE19:
 234              	.LBE18:
 235              	.LBE22:
 236              	.LBE16:
  71:Middlewares/Third_Party/FatFs/src/ff_gen_drv.c **** }
 237              		.loc 1 71 1 is_stmt 0 view .LVU72
 238 0032 5DF8044B 		ldr	r4, [sp], #4
 239              		.cfi_remember_state
 240              		.cfi_restore 4
 241              		.cfi_def_cfa_offset 0
 242              	.LBB25:
 243              	.LBB23:
 244              	.LBB21:
 245              	.LBB20:
  52:Middlewares/Third_Party/FatFs/src/ff_gen_drv.c ****     path[3] = 0;
 246              		.loc 1 52 13 view .LVU73
 247 0036 8B70     		strb	r3, [r1, #2]
  53:Middlewares/Third_Party/FatFs/src/ff_gen_drv.c ****     ret = 0;
 248              		.loc 1 53 5 is_stmt 1 view .LVU74
  53:Middlewares/Third_Party/FatFs/src/ff_gen_drv.c ****     ret = 0;
 249              		.loc 1 53 13 is_stmt 0 view .LVU75
 250 0038 C870     		strb	r0, [r1, #3]
  54:Middlewares/Third_Party/FatFs/src/ff_gen_drv.c ****   }
 251              		.loc 1 54 5 is_stmt 1 view .LVU76
 252              	.LVL22:
  57:Middlewares/Third_Party/FatFs/src/ff_gen_drv.c **** }
 253              		.loc 1 57 3 view .LVU77
  57:Middlewares/Third_Party/FatFs/src/ff_gen_drv.c **** }
 254              		.loc 1 57 3 is_stmt 0 view .LVU78
 255              	.LBE20:
 256              	.LBE21:
  57:Middlewares/Third_Party/FatFs/src/ff_gen_drv.c **** }
 257              		.loc 1 57 3 is_stmt 1 view .LVU79
  57:Middlewares/Third_Party/FatFs/src/ff_gen_drv.c **** }
 258              		.loc 1 57 3 is_stmt 0 view .LVU80
 259              	.LBE23:
 260              	.LBE25:
 261              		.loc 1 71 1 view .LVU81
 262 003a 7047     		bx	lr
 263              	.LVL23:
 264              	.L10:
 265              		.cfi_restore_state
 266              	.LBB26:
 267              	.LBB24:
  41:Middlewares/Third_Party/FatFs/src/ff_gen_drv.c ****   uint8_t DiskNum = 0;
 268              		.loc 1 41 11 view .LVU82
 269 003c 0120     		movs	r0, #1
 270              	.LVL24:
  57:Middlewares/Third_Party/FatFs/src/ff_gen_drv.c **** }
 271              		.loc 1 57 3 is_stmt 1 view .LVU83
  57:Middlewares/Third_Party/FatFs/src/ff_gen_drv.c **** }
 272              		.loc 1 57 3 is_stmt 0 view .LVU84
 273              	.LBE24:
 274              	.LBE26:
 275              		.loc 1 71 1 view .LVU85
 276 003e 5DF8044B 		ldr	r4, [sp], #4
 277              		.cfi_restore 4
ARM GAS  C:\Users\pw705\AppData\Local\Temp\ccgJ46uq.s 			page 8


 278              		.cfi_def_cfa_offset 0
 279 0042 7047     		bx	lr
 280              	.L13:
 281              		.align	2
 282              	.L12:
 283 0044 00000000 		.word	disk
 284              		.cfi_endproc
 285              	.LFE131:
 287              		.section	.text.FATFS_UnLinkDriverEx,"ax",%progbits
 288              		.align	1
 289              		.p2align 2,,3
 290              		.global	FATFS_UnLinkDriverEx
 291              		.syntax unified
 292              		.thumb
 293              		.thumb_func
 295              	FATFS_UnLinkDriverEx:
 296              	.LVL25:
 297              	.LFB132:
  72:Middlewares/Third_Party/FatFs/src/ff_gen_drv.c **** 
  73:Middlewares/Third_Party/FatFs/src/ff_gen_drv.c **** /**
  74:Middlewares/Third_Party/FatFs/src/ff_gen_drv.c ****   * @brief  Unlinks a diskio driver and decrements the number of active linked
  75:Middlewares/Third_Party/FatFs/src/ff_gen_drv.c ****   *         drivers.
  76:Middlewares/Third_Party/FatFs/src/ff_gen_drv.c ****   * @param  path: pointer to the logical drive path
  77:Middlewares/Third_Party/FatFs/src/ff_gen_drv.c ****   * @param  lun : not used
  78:Middlewares/Third_Party/FatFs/src/ff_gen_drv.c ****   * @retval Returns 0 in case of success, otherwise 1.
  79:Middlewares/Third_Party/FatFs/src/ff_gen_drv.c ****   */
  80:Middlewares/Third_Party/FatFs/src/ff_gen_drv.c **** uint8_t FATFS_UnLinkDriverEx(char *path, uint8_t lun)
  81:Middlewares/Third_Party/FatFs/src/ff_gen_drv.c **** {
 298              		.loc 1 81 1 is_stmt 1 view -0
 299              		.cfi_startproc
 300              		@ args = 0, pretend = 0, frame = 0
 301              		@ frame_needed = 0, uses_anonymous_args = 0
 302              		@ link register save eliminated.
  82:Middlewares/Third_Party/FatFs/src/ff_gen_drv.c ****   uint8_t DiskNum = 0;
 303              		.loc 1 82 3 view .LVU87
  83:Middlewares/Third_Party/FatFs/src/ff_gen_drv.c ****   uint8_t ret = 1;
 304              		.loc 1 83 3 view .LVU88
  84:Middlewares/Third_Party/FatFs/src/ff_gen_drv.c **** 
  85:Middlewares/Third_Party/FatFs/src/ff_gen_drv.c ****   if(disk.nbr >= 1)
 305              		.loc 1 85 3 view .LVU89
 306              		.loc 1 85 10 is_stmt 0 view .LVU90
 307 0000 0B4A     		ldr	r2, .L18
 308 0002 537A     		ldrb	r3, [r2, #9]	@ zero_extendqisi2
 309              		.loc 1 85 5 view .LVU91
 310 0004 8BB1     		cbz	r3, .L17
 311              	.LBB29:
 312              	.LBI29:
  80:Middlewares/Third_Party/FatFs/src/ff_gen_drv.c **** {
 313              		.loc 1 80 9 is_stmt 1 view .LVU92
 314              	.LVL26:
 315              	.LBB30:
  86:Middlewares/Third_Party/FatFs/src/ff_gen_drv.c ****   {
  87:Middlewares/Third_Party/FatFs/src/ff_gen_drv.c ****     DiskNum = path[0] - '0';
 316              		.loc 1 87 5 view .LVU93
  88:Middlewares/Third_Party/FatFs/src/ff_gen_drv.c ****     if(disk.drv[DiskNum] != 0)
 317              		.loc 1 88 5 view .LVU94
  87:Middlewares/Third_Party/FatFs/src/ff_gen_drv.c ****     if(disk.drv[DiskNum] != 0)
ARM GAS  C:\Users\pw705\AppData\Local\Temp\ccgJ46uq.s 			page 9


 318              		.loc 1 87 13 is_stmt 0 view .LVU95
 319 0006 0378     		ldrb	r3, [r0]	@ zero_extendqisi2
 320 0008 303B     		subs	r3, r3, #48
 321              		.loc 1 88 16 view .LVU96
 322 000a DBB2     		uxtb	r3, r3
 323 000c 02EB830C 		add	ip, r2, r3, lsl #2
 324              		.loc 1 88 7 view .LVU97
 325 0010 DCF80410 		ldr	r1, [ip, #4]
 326              	.LVL27:
 327              		.loc 1 88 7 view .LVU98
 328 0014 49B1     		cbz	r1, .L17
  89:Middlewares/Third_Party/FatFs/src/ff_gen_drv.c ****     {
  90:Middlewares/Third_Party/FatFs/src/ff_gen_drv.c ****       disk.drv[DiskNum] = 0;
 329              		.loc 1 90 7 is_stmt 1 view .LVU99
  91:Middlewares/Third_Party/FatFs/src/ff_gen_drv.c ****       disk.lun[DiskNum] = 0;
  92:Middlewares/Third_Party/FatFs/src/ff_gen_drv.c ****       disk.nbr--;
 330              		.loc 1 92 11 is_stmt 0 view .LVU100
 331 0016 517A     		ldrb	r1, [r2, #9]	@ zero_extendqisi2
  91:Middlewares/Third_Party/FatFs/src/ff_gen_drv.c ****       disk.lun[DiskNum] = 0;
 332              		.loc 1 91 25 view .LVU101
 333 0018 1344     		add	r3, r3, r2
 334              		.loc 1 92 15 view .LVU102
 335 001a 0139     		subs	r1, r1, #1
  90:Middlewares/Third_Party/FatFs/src/ff_gen_drv.c ****       disk.lun[DiskNum] = 0;
 336              		.loc 1 90 25 view .LVU103
 337 001c 0020     		movs	r0, #0
 338              	.LVL28:
 339              		.loc 1 92 15 view .LVU104
 340 001e C9B2     		uxtb	r1, r1
  90:Middlewares/Third_Party/FatFs/src/ff_gen_drv.c ****       disk.lun[DiskNum] = 0;
 341              		.loc 1 90 25 view .LVU105
 342 0020 CCF80400 		str	r0, [ip, #4]
 343              	.LVL29:
  91:Middlewares/Third_Party/FatFs/src/ff_gen_drv.c ****       disk.lun[DiskNum] = 0;
 344              		.loc 1 91 7 is_stmt 1 view .LVU106
  91:Middlewares/Third_Party/FatFs/src/ff_gen_drv.c ****       disk.lun[DiskNum] = 0;
 345              		.loc 1 91 25 is_stmt 0 view .LVU107
 346 0024 1872     		strb	r0, [r3, #8]
 347              		.loc 1 92 7 is_stmt 1 view .LVU108
 348              		.loc 1 92 15 is_stmt 0 view .LVU109
 349 0026 5172     		strb	r1, [r2, #9]
  93:Middlewares/Third_Party/FatFs/src/ff_gen_drv.c ****       ret = 0;
 350              		.loc 1 93 7 is_stmt 1 view .LVU110
 351              	.LVL30:
 352              		.loc 1 93 7 is_stmt 0 view .LVU111
 353 0028 7047     		bx	lr
 354              	.LVL31:
 355              	.L17:
 356              		.loc 1 93 7 view .LVU112
 357              	.LBE30:
 358              	.LBE29:
  83:Middlewares/Third_Party/FatFs/src/ff_gen_drv.c **** 
 359              		.loc 1 83 11 view .LVU113
 360 002a 0120     		movs	r0, #1
 361              	.LVL32:
  94:Middlewares/Third_Party/FatFs/src/ff_gen_drv.c ****     }
  95:Middlewares/Third_Party/FatFs/src/ff_gen_drv.c ****   }
ARM GAS  C:\Users\pw705\AppData\Local\Temp\ccgJ46uq.s 			page 10


  96:Middlewares/Third_Party/FatFs/src/ff_gen_drv.c **** 
  97:Middlewares/Third_Party/FatFs/src/ff_gen_drv.c ****   return ret;
 362              		.loc 1 97 3 is_stmt 1 view .LVU114
  98:Middlewares/Third_Party/FatFs/src/ff_gen_drv.c **** }
 363              		.loc 1 98 1 is_stmt 0 view .LVU115
 364 002c 7047     		bx	lr
 365              	.L19:
 366 002e 00BF     		.align	2
 367              	.L18:
 368 0030 00000000 		.word	disk
 369              		.cfi_endproc
 370              	.LFE132:
 372              		.section	.text.FATFS_UnLinkDriver,"ax",%progbits
 373              		.align	1
 374              		.p2align 2,,3
 375              		.global	FATFS_UnLinkDriver
 376              		.syntax unified
 377              		.thumb
 378              		.thumb_func
 380              	FATFS_UnLinkDriver:
 381              	.LVL33:
 382              	.LFB133:
  99:Middlewares/Third_Party/FatFs/src/ff_gen_drv.c **** 
 100:Middlewares/Third_Party/FatFs/src/ff_gen_drv.c **** /**
 101:Middlewares/Third_Party/FatFs/src/ff_gen_drv.c ****   * @brief  Unlinks a diskio driver and decrements the number of active linked
 102:Middlewares/Third_Party/FatFs/src/ff_gen_drv.c ****   *         drivers.
 103:Middlewares/Third_Party/FatFs/src/ff_gen_drv.c ****   * @param  path: pointer to the logical drive path
 104:Middlewares/Third_Party/FatFs/src/ff_gen_drv.c ****   * @retval Returns 0 in case of success, otherwise 1.
 105:Middlewares/Third_Party/FatFs/src/ff_gen_drv.c ****   */
 106:Middlewares/Third_Party/FatFs/src/ff_gen_drv.c **** uint8_t FATFS_UnLinkDriver(char *path)
 107:Middlewares/Third_Party/FatFs/src/ff_gen_drv.c **** {
 383              		.loc 1 107 1 is_stmt 1 view -0
 384              		.cfi_startproc
 385              		@ args = 0, pretend = 0, frame = 0
 386              		@ frame_needed = 0, uses_anonymous_args = 0
 387              		@ link register save eliminated.
 108:Middlewares/Third_Party/FatFs/src/ff_gen_drv.c ****   return FATFS_UnLinkDriverEx(path, 0);
 388              		.loc 1 108 3 view .LVU117
 389              	.LBB35:
 390              	.LBB36:
  85:Middlewares/Third_Party/FatFs/src/ff_gen_drv.c ****   {
 391              		.loc 1 85 10 is_stmt 0 view .LVU118
 392 0000 0B4A     		ldr	r2, .L24
 393 0002 537A     		ldrb	r3, [r2, #9]	@ zero_extendqisi2
 394              	.LVL34:
  85:Middlewares/Third_Party/FatFs/src/ff_gen_drv.c ****   {
 395              		.loc 1 85 10 view .LVU119
 396              	.LBE36:
 397              	.LBI35:
  80:Middlewares/Third_Party/FatFs/src/ff_gen_drv.c **** {
 398              		.loc 1 80 9 is_stmt 1 view .LVU120
 399              	.LBB39:
  82:Middlewares/Third_Party/FatFs/src/ff_gen_drv.c ****   uint8_t ret = 1;
 400              		.loc 1 82 3 view .LVU121
  83:Middlewares/Third_Party/FatFs/src/ff_gen_drv.c **** 
 401              		.loc 1 83 3 view .LVU122
  85:Middlewares/Third_Party/FatFs/src/ff_gen_drv.c ****   {
ARM GAS  C:\Users\pw705\AppData\Local\Temp\ccgJ46uq.s 			page 11


 402              		.loc 1 85 3 view .LVU123
  85:Middlewares/Third_Party/FatFs/src/ff_gen_drv.c ****   {
 403              		.loc 1 85 5 is_stmt 0 view .LVU124
 404 0004 8BB1     		cbz	r3, .L23
 405              	.LBB37:
 406              	.LBI37:
  80:Middlewares/Third_Party/FatFs/src/ff_gen_drv.c **** {
 407              		.loc 1 80 9 is_stmt 1 view .LVU125
 408              	.LVL35:
 409              	.LBB38:
  87:Middlewares/Third_Party/FatFs/src/ff_gen_drv.c ****     if(disk.drv[DiskNum] != 0)
 410              		.loc 1 87 5 view .LVU126
  88:Middlewares/Third_Party/FatFs/src/ff_gen_drv.c ****     {
 411              		.loc 1 88 5 view .LVU127
  87:Middlewares/Third_Party/FatFs/src/ff_gen_drv.c ****     if(disk.drv[DiskNum] != 0)
 412              		.loc 1 87 13 is_stmt 0 view .LVU128
 413 0006 0378     		ldrb	r3, [r0]	@ zero_extendqisi2
 414 0008 303B     		subs	r3, r3, #48
  88:Middlewares/Third_Party/FatFs/src/ff_gen_drv.c ****     {
 415              		.loc 1 88 16 view .LVU129
 416 000a DBB2     		uxtb	r3, r3
 417 000c 02EB830C 		add	ip, r2, r3, lsl #2
  88:Middlewares/Third_Party/FatFs/src/ff_gen_drv.c ****     {
 418              		.loc 1 88 7 view .LVU130
 419 0010 DCF80410 		ldr	r1, [ip, #4]
 420 0014 49B1     		cbz	r1, .L23
  90:Middlewares/Third_Party/FatFs/src/ff_gen_drv.c ****       disk.lun[DiskNum] = 0;
 421              		.loc 1 90 7 is_stmt 1 view .LVU131
  92:Middlewares/Third_Party/FatFs/src/ff_gen_drv.c ****       ret = 0;
 422              		.loc 1 92 11 is_stmt 0 view .LVU132
 423 0016 517A     		ldrb	r1, [r2, #9]	@ zero_extendqisi2
  91:Middlewares/Third_Party/FatFs/src/ff_gen_drv.c ****       disk.nbr--;
 424              		.loc 1 91 25 view .LVU133
 425 0018 1344     		add	r3, r3, r2
  92:Middlewares/Third_Party/FatFs/src/ff_gen_drv.c ****       ret = 0;
 426              		.loc 1 92 15 view .LVU134
 427 001a 0139     		subs	r1, r1, #1
  90:Middlewares/Third_Party/FatFs/src/ff_gen_drv.c ****       disk.lun[DiskNum] = 0;
 428              		.loc 1 90 25 view .LVU135
 429 001c 0020     		movs	r0, #0
 430              	.LVL36:
  92:Middlewares/Third_Party/FatFs/src/ff_gen_drv.c ****       ret = 0;
 431              		.loc 1 92 15 view .LVU136
 432 001e C9B2     		uxtb	r1, r1
  90:Middlewares/Third_Party/FatFs/src/ff_gen_drv.c ****       disk.lun[DiskNum] = 0;
 433              		.loc 1 90 25 view .LVU137
 434 0020 CCF80400 		str	r0, [ip, #4]
 435              	.LVL37:
  91:Middlewares/Third_Party/FatFs/src/ff_gen_drv.c ****       disk.nbr--;
 436              		.loc 1 91 7 is_stmt 1 view .LVU138
  91:Middlewares/Third_Party/FatFs/src/ff_gen_drv.c ****       disk.nbr--;
 437              		.loc 1 91 25 is_stmt 0 view .LVU139
 438 0024 1872     		strb	r0, [r3, #8]
  92:Middlewares/Third_Party/FatFs/src/ff_gen_drv.c ****       ret = 0;
 439              		.loc 1 92 7 is_stmt 1 view .LVU140
  92:Middlewares/Third_Party/FatFs/src/ff_gen_drv.c ****       ret = 0;
 440              		.loc 1 92 15 is_stmt 0 view .LVU141
ARM GAS  C:\Users\pw705\AppData\Local\Temp\ccgJ46uq.s 			page 12


 441 0026 5172     		strb	r1, [r2, #9]
  93:Middlewares/Third_Party/FatFs/src/ff_gen_drv.c ****     }
 442              		.loc 1 93 7 is_stmt 1 view .LVU142
 443              	.LVL38:
  93:Middlewares/Third_Party/FatFs/src/ff_gen_drv.c ****     }
 444              		.loc 1 93 7 is_stmt 0 view .LVU143
 445 0028 7047     		bx	lr
 446              	.LVL39:
 447              	.L23:
  93:Middlewares/Third_Party/FatFs/src/ff_gen_drv.c ****     }
 448              		.loc 1 93 7 view .LVU144
 449              	.LBE38:
 450              	.LBE37:
  83:Middlewares/Third_Party/FatFs/src/ff_gen_drv.c **** 
 451              		.loc 1 83 11 view .LVU145
 452 002a 0120     		movs	r0, #1
 453              	.LVL40:
  97:Middlewares/Third_Party/FatFs/src/ff_gen_drv.c **** }
 454              		.loc 1 97 3 is_stmt 1 view .LVU146
  97:Middlewares/Third_Party/FatFs/src/ff_gen_drv.c **** }
 455              		.loc 1 97 3 is_stmt 0 view .LVU147
 456              	.LBE39:
 457              	.LBE35:
 109:Middlewares/Third_Party/FatFs/src/ff_gen_drv.c **** }
 458              		.loc 1 109 1 view .LVU148
 459 002c 7047     		bx	lr
 460              	.L25:
 461 002e 00BF     		.align	2
 462              	.L24:
 463 0030 00000000 		.word	disk
 464              		.cfi_endproc
 465              	.LFE133:
 467              		.section	.text.FATFS_GetAttachedDriversNbr,"ax",%progbits
 468              		.align	1
 469              		.p2align 2,,3
 470              		.global	FATFS_GetAttachedDriversNbr
 471              		.syntax unified
 472              		.thumb
 473              		.thumb_func
 475              	FATFS_GetAttachedDriversNbr:
 476              	.LFB134:
 110:Middlewares/Third_Party/FatFs/src/ff_gen_drv.c **** 
 111:Middlewares/Third_Party/FatFs/src/ff_gen_drv.c **** /**
 112:Middlewares/Third_Party/FatFs/src/ff_gen_drv.c ****   * @brief  Gets number of linked drivers to the FatFs module.
 113:Middlewares/Third_Party/FatFs/src/ff_gen_drv.c ****   * @param  None
 114:Middlewares/Third_Party/FatFs/src/ff_gen_drv.c ****   * @retval Number of attached drivers.
 115:Middlewares/Third_Party/FatFs/src/ff_gen_drv.c ****   */
 116:Middlewares/Third_Party/FatFs/src/ff_gen_drv.c **** uint8_t FATFS_GetAttachedDriversNbr(void)
 117:Middlewares/Third_Party/FatFs/src/ff_gen_drv.c **** {
 477              		.loc 1 117 1 is_stmt 1 view -0
 478              		.cfi_startproc
 479              		@ args = 0, pretend = 0, frame = 0
 480              		@ frame_needed = 0, uses_anonymous_args = 0
 481              		@ link register save eliminated.
 118:Middlewares/Third_Party/FatFs/src/ff_gen_drv.c ****   return disk.nbr;
 482              		.loc 1 118 3 view .LVU150
 483              		.loc 1 118 14 is_stmt 0 view .LVU151
ARM GAS  C:\Users\pw705\AppData\Local\Temp\ccgJ46uq.s 			page 13


 484 0000 014B     		ldr	r3, .L27
 485 0002 587A     		ldrb	r0, [r3, #9]	@ zero_extendqisi2
 119:Middlewares/Third_Party/FatFs/src/ff_gen_drv.c **** }
 486              		.loc 1 119 1 view .LVU152
 487 0004 7047     		bx	lr
 488              	.L28:
 489 0006 00BF     		.align	2
 490              	.L27:
 491 0008 00000000 		.word	disk
 492              		.cfi_endproc
 493              	.LFE134:
 495              		.global	disk
 496              		.section	.bss.disk,"aw",%nobits
 497              		.align	2
 500              	disk:
 501 0000 00000000 		.space	12
 501      00000000 
 501      00000000 
 502              		.text
 503              	.Letext0:
 504              		.file 2 "Middlewares/Third_Party/FatFs/src/integer.h"
 505              		.file 3 "Middlewares/Third_Party/FatFs/src/diskio.h"
 506              		.file 4 "c:\\users\\pw705\\appdata\\roaming\\code\\user\\globalstorage\\bmd.stm32-for-vscode\\@xpa
 507              		.file 5 "c:\\users\\pw705\\appdata\\roaming\\code\\user\\globalstorage\\bmd.stm32-for-vscode\\@xpa
 508              		.file 6 "Middlewares/Third_Party/FatFs/src/ff_gen_drv.h"
ARM GAS  C:\Users\pw705\AppData\Local\Temp\ccgJ46uq.s 			page 14


DEFINED SYMBOLS
                            *ABS*:00000000 ff_gen_drv.c
C:\Users\pw705\AppData\Local\Temp\ccgJ46uq.s:21     .text.FATFS_LinkDriverEx:00000000 $t
C:\Users\pw705\AppData\Local\Temp\ccgJ46uq.s:28     .text.FATFS_LinkDriverEx:00000000 FATFS_LinkDriverEx
C:\Users\pw705\AppData\Local\Temp\ccgJ46uq.s:142    .text.FATFS_LinkDriverEx:00000040 $d
C:\Users\pw705\AppData\Local\Temp\ccgJ46uq.s:500    .bss.disk:00000000 disk
C:\Users\pw705\AppData\Local\Temp\ccgJ46uq.s:147    .text.FATFS_LinkDriver:00000000 $t
C:\Users\pw705\AppData\Local\Temp\ccgJ46uq.s:154    .text.FATFS_LinkDriver:00000000 FATFS_LinkDriver
C:\Users\pw705\AppData\Local\Temp\ccgJ46uq.s:283    .text.FATFS_LinkDriver:00000044 $d
C:\Users\pw705\AppData\Local\Temp\ccgJ46uq.s:288    .text.FATFS_UnLinkDriverEx:00000000 $t
C:\Users\pw705\AppData\Local\Temp\ccgJ46uq.s:295    .text.FATFS_UnLinkDriverEx:00000000 FATFS_UnLinkDriverEx
C:\Users\pw705\AppData\Local\Temp\ccgJ46uq.s:368    .text.FATFS_UnLinkDriverEx:00000030 $d
C:\Users\pw705\AppData\Local\Temp\ccgJ46uq.s:373    .text.FATFS_UnLinkDriver:00000000 $t
C:\Users\pw705\AppData\Local\Temp\ccgJ46uq.s:380    .text.FATFS_UnLinkDriver:00000000 FATFS_UnLinkDriver
C:\Users\pw705\AppData\Local\Temp\ccgJ46uq.s:463    .text.FATFS_UnLinkDriver:00000030 $d
C:\Users\pw705\AppData\Local\Temp\ccgJ46uq.s:468    .text.FATFS_GetAttachedDriversNbr:00000000 $t
C:\Users\pw705\AppData\Local\Temp\ccgJ46uq.s:475    .text.FATFS_GetAttachedDriversNbr:00000000 FATFS_GetAttachedDriversNbr
C:\Users\pw705\AppData\Local\Temp\ccgJ46uq.s:491    .text.FATFS_GetAttachedDriversNbr:00000008 $d
C:\Users\pw705\AppData\Local\Temp\ccgJ46uq.s:497    .bss.disk:00000000 $d

NO UNDEFINED SYMBOLS
