ARM GAS  C:\Users\pw705\AppData\Local\Temp\ccsA84yc.s 			page 1


   1              		.cpu cortex-m4
   2              		.arch armv7e-m
   3              		.fpu fpv4-sp-d16
   4              		.eabi_attribute 27, 1
   5              		.eabi_attribute 28, 1
   6              		.eabi_attribute 20, 1
   7              		.eabi_attribute 21, 1
   8              		.eabi_attribute 23, 3
   9              		.eabi_attribute 24, 1
  10              		.eabi_attribute 25, 1
  11              		.eabi_attribute 26, 1
  12              		.eabi_attribute 30, 2
  13              		.eabi_attribute 34, 1
  14              		.eabi_attribute 18, 4
  15              		.file	"main.c"
  16              		.text
  17              	.Ltext0:
  18              		.cfi_sections	.debug_frame
  19              		.file 1 "Src/main.c"
  20              		.section	.text.SystemClock_Config,"ax",%progbits
  21              		.align	1
  22              		.p2align 2,,3
  23              		.global	SystemClock_Config
  24              		.syntax unified
  25              		.thumb
  26              		.thumb_func
  28              	SystemClock_Config:
  29              	.LFB134:
   1:Src/main.c    **** /* USER CODE BEGIN Header */
   2:Src/main.c    **** /**
   3:Src/main.c    ****  ******************************************************************************
   4:Src/main.c    ****  * @file           : main.c
   5:Src/main.c    ****  * @brief          : Main program body
   6:Src/main.c    ****  ******************************************************************************
   7:Src/main.c    ****  * @attention
   8:Src/main.c    ****  *
   9:Src/main.c    ****  * Copyright (c) 2024 STMicroelectronics.
  10:Src/main.c    ****  * All rights reserved.
  11:Src/main.c    ****  *
  12:Src/main.c    ****  * This software is licensed under terms that can be found in the LICENSE file
  13:Src/main.c    ****  * in the root directory of this software component.
  14:Src/main.c    ****  * If no LICENSE file comes with this software, it is provided AS-IS.
  15:Src/main.c    ****  *
  16:Src/main.c    ****  ******************************************************************************
  17:Src/main.c    ****  */
  18:Src/main.c    **** /* USER CODE END Header */
  19:Src/main.c    **** /* Includes ------------------------------------------------------------------*/
  20:Src/main.c    **** #include "main.h"
  21:Src/main.c    **** #include "can.h"
  22:Src/main.c    **** #include "dma.h"
  23:Src/main.c    **** #include "fatfs.h"
  24:Src/main.c    **** #include "sdio.h"
  25:Src/main.c    **** #include "usart.h"
  26:Src/main.c    **** #include "gpio.h"
  27:Src/main.c    **** 
  28:Src/main.c    **** /* Private includes ----------------------------------------------------------*/
  29:Src/main.c    **** /* USER CODE BEGIN Includes */
ARM GAS  C:\Users\pw705\AppData\Local\Temp\ccsA84yc.s 			page 2


  30:Src/main.c    **** #include "sd_card.h"
  31:Src/main.c    **** #include "bsp_log.h"
  32:Src/main.c    **** #include "bsp_can.h"
  33:Src/main.c    **** #include "chasis.h"
  34:Src/main.c    **** #include "sbus.h"
  35:Src/main.c    **** /* USER CODE END Includes */
  36:Src/main.c    **** 
  37:Src/main.c    **** /* Private typedef -----------------------------------------------------------*/
  38:Src/main.c    **** /* USER CODE BEGIN PTD */
  39:Src/main.c    **** 
  40:Src/main.c    **** /* USER CODE END PTD */
  41:Src/main.c    **** 
  42:Src/main.c    **** /* Private define ------------------------------------------------------------*/
  43:Src/main.c    **** /* USER CODE BEGIN PD */
  44:Src/main.c    **** 
  45:Src/main.c    **** /* USER CODE END PD */
  46:Src/main.c    **** 
  47:Src/main.c    **** /* Private macro -------------------------------------------------------------*/
  48:Src/main.c    **** /* USER CODE BEGIN PM */
  49:Src/main.c    **** 
  50:Src/main.c    **** /* USER CODE END PM */
  51:Src/main.c    **** 
  52:Src/main.c    **** /* Private variables ---------------------------------------------------------*/
  53:Src/main.c    **** 
  54:Src/main.c    **** /* USER CODE BEGIN PV */
  55:Src/main.c    **** /* Private variables ---------------------------------------------------------*/
  56:Src/main.c    **** 
  57:Src/main.c    **** /* USER CODE END PV */
  58:Src/main.c    **** 
  59:Src/main.c    **** /* Private function prototypes -----------------------------------------------*/
  60:Src/main.c    **** void SystemClock_Config(void);
  61:Src/main.c    **** /* USER CODE BEGIN PFP */
  62:Src/main.c    **** /* Private function prototypes -----------------------------------------------*/
  63:Src/main.c    **** 
  64:Src/main.c    **** /* USER CODE END PFP */
  65:Src/main.c    **** 
  66:Src/main.c    **** /* Private user code ---------------------------------------------------------*/
  67:Src/main.c    **** /* USER CODE BEGIN 0 */
  68:Src/main.c    **** 
  69:Src/main.c    **** /* USER CODE END 0 */
  70:Src/main.c    **** 
  71:Src/main.c    **** /**
  72:Src/main.c    ****  * @brief  The application entry point.
  73:Src/main.c    ****  * @retval int
  74:Src/main.c    ****  */
  75:Src/main.c    **** int main(void)
  76:Src/main.c    **** {
  77:Src/main.c    ****   /* USER CODE BEGIN 1 */
  78:Src/main.c    **** 
  79:Src/main.c    ****   /* USER CODE END 1 */
  80:Src/main.c    **** 
  81:Src/main.c    ****   /* MCU Configuration--------------------------------------------------------*/
  82:Src/main.c    **** 
  83:Src/main.c    ****   /* Reset of all peripherals, Initializes the Flash interface and the Systick. */
  84:Src/main.c    ****   HAL_Init();
  85:Src/main.c    **** 
  86:Src/main.c    ****   /* USER CODE BEGIN Init */
ARM GAS  C:\Users\pw705\AppData\Local\Temp\ccsA84yc.s 			page 3


  87:Src/main.c    **** 
  88:Src/main.c    ****   /* USER CODE END Init */
  89:Src/main.c    **** 
  90:Src/main.c    ****   /* Configure the system clock */
  91:Src/main.c    ****   SystemClock_Config();
  92:Src/main.c    **** 
  93:Src/main.c    ****   /* USER CODE BEGIN SysInit */
  94:Src/main.c    **** 
  95:Src/main.c    ****   /* USER CODE END SysInit */
  96:Src/main.c    **** 
  97:Src/main.c    ****   /* Initialize all configured peripherals */
  98:Src/main.c    ****   MX_GPIO_Init();
  99:Src/main.c    ****   MX_DMA_Init();
 100:Src/main.c    ****   MX_SDIO_SD_Init();
 101:Src/main.c    ****   MX_FATFS_Init();
 102:Src/main.c    ****   MX_USART6_UART_Init();
 103:Src/main.c    ****   MX_CAN1_Init();
 104:Src/main.c    ****   MX_USART1_UART_Init();
 105:Src/main.c    ****   /* USER CODE BEGIN 2 */
 106:Src/main.c    ****   led_off();
 107:Src/main.c    ****   can_filter_init();
 108:Src/main.c    ****   /* Initializes the SD card device */
 109:Src/main.c    ****   // SEGGER_RTT_Init();
 110:Src/main.c    ****   // SEGGER_RTT_printf(0, "Hello world !");
 111:Src/main.c    ****   // BSP_SD_Init();
 112:Src/main.c    **** 
 113:Src/main.c    ****   /* SD card test */
 114:Src/main.c    ****   // sd_test();
 115:Src/main.c    ****   HAL_Delay(10);     // delay????canReceive????????
 116:Src/main.c    ****   motor_data_init(); // desireRpm = 0
 117:Src/main.c    ****   sbus_init();
 118:Src/main.c    **** 
 119:Src/main.c    ****   /* USER CODE END 2 */
 120:Src/main.c    **** 
 121:Src/main.c    ****   /* Infinite loop */
 122:Src/main.c    ****   /* USER CODE BEGIN WHILE */
 123:Src/main.c    ****   while (1)
 124:Src/main.c    ****   {
 125:Src/main.c    ****     // MotorTask();
 126:Src/main.c    ****     /* USER CODE END WHILE */
 127:Src/main.c    **** 
 128:Src/main.c    ****     /* USER CODE BEGIN 3 */
 129:Src/main.c    ****     /* error detect */
 130:Src/main.c    ****     // error_detect(err);
 131:Src/main.c    ****     // HAL_GPIO_TogglePin(GPIOF, LED_GREEN_Pin);
 132:Src/main.c    ****     HAL_Delay(10);
 133:Src/main.c    ****   }
 134:Src/main.c    ****   /* USER CODE END 3 */
 135:Src/main.c    **** }
 136:Src/main.c    **** 
 137:Src/main.c    **** /**
 138:Src/main.c    ****  * @brief System Clock Configuration
 139:Src/main.c    ****  * @retval None
 140:Src/main.c    ****  */
 141:Src/main.c    **** void SystemClock_Config(void)
 142:Src/main.c    **** {
  30              		.loc 1 142 1 view -0
ARM GAS  C:\Users\pw705\AppData\Local\Temp\ccsA84yc.s 			page 4


  31              		.cfi_startproc
  32              		@ args = 0, pretend = 0, frame = 80
  33              		@ frame_needed = 0, uses_anonymous_args = 0
 143:Src/main.c    ****   RCC_OscInitTypeDef RCC_OscInitStruct = {0};
  34              		.loc 1 143 3 view .LVU1
 142:Src/main.c    ****   RCC_OscInitTypeDef RCC_OscInitStruct = {0};
  35              		.loc 1 142 1 is_stmt 0 view .LVU2
  36 0000 30B5     		push	{r4, r5, lr}
  37              		.cfi_def_cfa_offset 12
  38              		.cfi_offset 4, -12
  39              		.cfi_offset 5, -8
  40              		.cfi_offset 14, -4
  41              		.loc 1 143 22 view .LVU3
  42 0002 0023     		movs	r3, #0
 142:Src/main.c    ****   RCC_OscInitTypeDef RCC_OscInitStruct = {0};
  43              		.loc 1 142 1 view .LVU4
  44 0004 95B0     		sub	sp, sp, #84
  45              		.cfi_def_cfa_offset 96
  46              		.loc 1 143 22 view .LVU5
  47 0006 CDE90A33 		strd	r3, r3, [sp, #40]
  48 000a CDE90C33 		strd	r3, r3, [sp, #48]
 144:Src/main.c    ****   RCC_ClkInitTypeDef RCC_ClkInitStruct = {0};
  49              		.loc 1 144 3 is_stmt 1 view .LVU6
  50              		.loc 1 144 22 is_stmt 0 view .LVU7
  51 000e CDE90333 		strd	r3, r3, [sp, #12]
  52 0012 CDE90533 		strd	r3, r3, [sp, #20]
  53              	.LBB8:
 145:Src/main.c    **** 
 146:Src/main.c    ****   /** Configure the main internal regulator output voltage
 147:Src/main.c    ****    */
 148:Src/main.c    ****   __HAL_RCC_PWR_CLK_ENABLE();
  54              		.loc 1 148 3 view .LVU8
  55 0016 2049     		ldr	r1, .L8
  56 0018 0193     		str	r3, [sp, #4]
  57              	.LBE8:
 144:Src/main.c    ****   RCC_ClkInitTypeDef RCC_ClkInitStruct = {0};
  58              		.loc 1 144 22 view .LVU9
  59 001a 0793     		str	r3, [sp, #28]
  60              		.loc 1 148 3 is_stmt 1 view .LVU10
  61              	.LBB9:
  62              		.loc 1 148 3 view .LVU11
  63              		.loc 1 148 3 view .LVU12
  64 001c 086C     		ldr	r0, [r1, #64]
  65              	.LBE9:
  66              	.LBB10:
 149:Src/main.c    ****   __HAL_PWR_VOLTAGESCALING_CONFIG(PWR_REGULATOR_VOLTAGE_SCALE1);
  67              		.loc 1 149 3 is_stmt 0 view .LVU13
  68 001e 1F4A     		ldr	r2, .L8+4
  69              	.LBE10:
  70              	.LBB11:
 148:Src/main.c    ****   __HAL_PWR_VOLTAGESCALING_CONFIG(PWR_REGULATOR_VOLTAGE_SCALE1);
  71              		.loc 1 148 3 view .LVU14
  72 0020 40F08050 		orr	r0, r0, #268435456
  73 0024 0864     		str	r0, [r1, #64]
 148:Src/main.c    ****   __HAL_PWR_VOLTAGESCALING_CONFIG(PWR_REGULATOR_VOLTAGE_SCALE1);
  74              		.loc 1 148 3 is_stmt 1 view .LVU15
  75 0026 096C     		ldr	r1, [r1, #64]
ARM GAS  C:\Users\pw705\AppData\Local\Temp\ccsA84yc.s 			page 5


  76 0028 01F08051 		and	r1, r1, #268435456
  77 002c 0191     		str	r1, [sp, #4]
 148:Src/main.c    ****   __HAL_PWR_VOLTAGESCALING_CONFIG(PWR_REGULATOR_VOLTAGE_SCALE1);
  78              		.loc 1 148 3 view .LVU16
  79 002e 0199     		ldr	r1, [sp, #4]
  80              	.LBE11:
 148:Src/main.c    ****   __HAL_PWR_VOLTAGESCALING_CONFIG(PWR_REGULATOR_VOLTAGE_SCALE1);
  81              		.loc 1 148 3 view .LVU17
  82              		.loc 1 149 3 view .LVU18
  83              	.LBB12:
  84              		.loc 1 149 3 view .LVU19
  85 0030 0293     		str	r3, [sp, #8]
  86              		.loc 1 149 3 view .LVU20
  87 0032 1368     		ldr	r3, [r2]
  88 0034 43F44043 		orr	r3, r3, #49152
  89 0038 1360     		str	r3, [r2]
  90              		.loc 1 149 3 view .LVU21
  91 003a 1368     		ldr	r3, [r2]
  92              	.LBE12:
 150:Src/main.c    **** 
 151:Src/main.c    ****   /** Initializes the RCC Oscillators according to the specified parameters
 152:Src/main.c    ****    * in the RCC_OscInitTypeDef structure.
 153:Src/main.c    ****    */
 154:Src/main.c    ****   RCC_OscInitStruct.OscillatorType = RCC_OSCILLATORTYPE_HSE;
  93              		.loc 1 154 36 is_stmt 0 view .LVU22
  94 003c 0120     		movs	r0, #1
  95 003e 4FF48031 		mov	r1, #65536
  96              	.LBB13:
 149:Src/main.c    **** 
  97              		.loc 1 149 3 view .LVU23
  98 0042 03F44043 		and	r3, r3, #49152
  99              	.LBE13:
 100              		.loc 1 154 36 view .LVU24
 101 0046 CDE90801 		strd	r0, [sp, #32]
 102              	.LBB14:
 149:Src/main.c    **** 
 103              		.loc 1 149 3 view .LVU25
 104 004a 0293     		str	r3, [sp, #8]
 149:Src/main.c    **** 
 105              		.loc 1 149 3 is_stmt 1 view .LVU26
 106              	.LBE14:
 155:Src/main.c    ****   RCC_OscInitStruct.HSEState = RCC_HSE_ON;
 156:Src/main.c    ****   RCC_OscInitStruct.PLL.PLLState = RCC_PLL_ON;
 157:Src/main.c    ****   RCC_OscInitStruct.PLL.PLLSource = RCC_PLLSOURCE_HSE;
 107              		.loc 1 157 35 is_stmt 0 view .LVU27
 108 004c 4FF48001 		mov	r1, #4194304
 156:Src/main.c    ****   RCC_OscInitStruct.PLL.PLLSource = RCC_PLLSOURCE_HSE;
 109              		.loc 1 156 34 view .LVU28
 110 0050 0224     		movs	r4, #2
 111              		.loc 1 157 35 view .LVU29
 112 0052 CDE90E41 		strd	r4, r1, [sp, #56]
 113              	.LBB15:
 149:Src/main.c    **** 
 114              		.loc 1 149 3 view .LVU30
 115 0056 0298     		ldr	r0, [sp, #8]
 116              	.LBE15:
 149:Src/main.c    **** 
ARM GAS  C:\Users\pw705\AppData\Local\Temp\ccsA84yc.s 			page 6


 117              		.loc 1 149 3 is_stmt 1 view .LVU31
 154:Src/main.c    ****   RCC_OscInitStruct.HSEState = RCC_HSE_ON;
 118              		.loc 1 154 3 view .LVU32
 155:Src/main.c    ****   RCC_OscInitStruct.HSEState = RCC_HSE_ON;
 119              		.loc 1 155 3 view .LVU33
 156:Src/main.c    ****   RCC_OscInitStruct.PLL.PLLSource = RCC_PLLSOURCE_HSE;
 120              		.loc 1 156 3 view .LVU34
 158:Src/main.c    ****   RCC_OscInitStruct.PLL.PLLM = 6;
 121              		.loc 1 158 3 view .LVU35
 159:Src/main.c    ****   RCC_OscInitStruct.PLL.PLLN = 168;
 160:Src/main.c    ****   RCC_OscInitStruct.PLL.PLLP = RCC_PLLP_DIV2;
 122              		.loc 1 160 30 is_stmt 0 view .LVU36
 123 0058 0721     		movs	r1, #7
 124 005a 0220     		movs	r0, #2
 125 005c CDE91201 		strd	r0, [sp, #72]
 158:Src/main.c    ****   RCC_OscInitStruct.PLL.PLLM = 6;
 126              		.loc 1 158 30 view .LVU37
 127 0060 0622     		movs	r2, #6
 159:Src/main.c    ****   RCC_OscInitStruct.PLL.PLLN = 168;
 128              		.loc 1 159 30 view .LVU38
 129 0062 A823     		movs	r3, #168
 161:Src/main.c    ****   RCC_OscInitStruct.PLL.PLLQ = 7;
 162:Src/main.c    ****   if (HAL_RCC_OscConfig(&RCC_OscInitStruct) != HAL_OK)
 130              		.loc 1 162 7 view .LVU39
 131 0064 08A8     		add	r0, sp, #32
 158:Src/main.c    ****   RCC_OscInitStruct.PLL.PLLN = 168;
 132              		.loc 1 158 30 view .LVU40
 133 0066 1092     		str	r2, [sp, #64]
 159:Src/main.c    ****   RCC_OscInitStruct.PLL.PLLN = 168;
 134              		.loc 1 159 3 is_stmt 1 view .LVU41
 159:Src/main.c    ****   RCC_OscInitStruct.PLL.PLLN = 168;
 135              		.loc 1 159 30 is_stmt 0 view .LVU42
 136 0068 1193     		str	r3, [sp, #68]
 160:Src/main.c    ****   RCC_OscInitStruct.PLL.PLLQ = 7;
 137              		.loc 1 160 3 is_stmt 1 view .LVU43
 161:Src/main.c    ****   RCC_OscInitStruct.PLL.PLLQ = 7;
 138              		.loc 1 161 3 view .LVU44
 139              		.loc 1 162 3 view .LVU45
 140              		.loc 1 162 7 is_stmt 0 view .LVU46
 141 006a FFF7FEFF 		bl	HAL_RCC_OscConfig
 142              	.LVL0:
 143              		.loc 1 162 6 view .LVU47
 144 006e 00B1     		cbz	r0, .L2
 145              	.L3:
 146 0070 FEE7     		b	.L3
 147              	.L2:
 163:Src/main.c    ****   {
 164:Src/main.c    ****     Error_Handler();
 165:Src/main.c    ****   }
 166:Src/main.c    **** 
 167:Src/main.c    ****   /** Initializes the CPU, AHB and APB buses clocks
 168:Src/main.c    ****    */
 169:Src/main.c    ****   RCC_ClkInitStruct.ClockType = RCC_CLOCKTYPE_HCLK | RCC_CLOCKTYPE_SYSCLK | RCC_CLOCKTYPE_PCLK1 | R
 148              		.loc 1 169 3 is_stmt 1 view .LVU48
 149              		.loc 1 169 31 is_stmt 0 view .LVU49
 150 0072 0F22     		movs	r2, #15
 151 0074 0346     		mov	r3, r0
ARM GAS  C:\Users\pw705\AppData\Local\Temp\ccsA84yc.s 			page 7


 170:Src/main.c    ****   RCC_ClkInitStruct.SYSCLKSource = RCC_SYSCLKSOURCE_PLLCLK;
 152              		.loc 1 170 34 view .LVU50
 153 0076 CDE90324 		strd	r2, r4, [sp, #12]
 171:Src/main.c    ****   RCC_ClkInitStruct.AHBCLKDivider = RCC_SYSCLK_DIV1;
 154              		.loc 1 171 3 is_stmt 1 view .LVU51
 172:Src/main.c    ****   RCC_ClkInitStruct.APB1CLKDivider = RCC_HCLK_DIV4;
 155              		.loc 1 172 36 is_stmt 0 view .LVU52
 156 007a 4FF4A055 		mov	r5, #5120
 173:Src/main.c    ****   RCC_ClkInitStruct.APB2CLKDivider = RCC_HCLK_DIV2;
 157              		.loc 1 173 36 view .LVU53
 158 007e 4FF48052 		mov	r2, #4096
 174:Src/main.c    **** 
 175:Src/main.c    ****   if (HAL_RCC_ClockConfig(&RCC_ClkInitStruct, FLASH_LATENCY_5) != HAL_OK)
 159              		.loc 1 175 7 view .LVU54
 160 0082 03A8     		add	r0, sp, #12
 161 0084 0521     		movs	r1, #5
 172:Src/main.c    ****   RCC_ClkInitStruct.APB2CLKDivider = RCC_HCLK_DIV2;
 162              		.loc 1 172 36 view .LVU55
 163 0086 CDE90535 		strd	r3, r5, [sp, #20]
 173:Src/main.c    ****   RCC_ClkInitStruct.APB2CLKDivider = RCC_HCLK_DIV2;
 164              		.loc 1 173 3 is_stmt 1 view .LVU56
 173:Src/main.c    ****   RCC_ClkInitStruct.APB2CLKDivider = RCC_HCLK_DIV2;
 165              		.loc 1 173 36 is_stmt 0 view .LVU57
 166 008a 0792     		str	r2, [sp, #28]
 167              		.loc 1 175 3 is_stmt 1 view .LVU58
 168              		.loc 1 175 7 is_stmt 0 view .LVU59
 169 008c FFF7FEFF 		bl	HAL_RCC_ClockConfig
 170              	.LVL1:
 171              		.loc 1 175 6 view .LVU60
 172 0090 00B1     		cbz	r0, .L1
 173              	.L5:
 174 0092 FEE7     		b	.L5
 175              	.L1:
 176:Src/main.c    ****   {
 177:Src/main.c    ****     Error_Handler();
 178:Src/main.c    ****   }
 179:Src/main.c    **** }
 176              		.loc 1 179 1 view .LVU61
 177 0094 15B0     		add	sp, sp, #84
 178              		.cfi_def_cfa_offset 12
 179              		@ sp needed
 180 0096 30BD     		pop	{r4, r5, pc}
 181              	.L9:
 182              		.align	2
 183              	.L8:
 184 0098 00380240 		.word	1073887232
 185 009c 00700040 		.word	1073770496
 186              		.cfi_endproc
 187              	.LFE134:
 189              		.section	.text.startup.main,"ax",%progbits
 190              		.align	1
 191              		.p2align 2,,3
 192              		.global	main
 193              		.syntax unified
 194              		.thumb
 195              		.thumb_func
 197              	main:
ARM GAS  C:\Users\pw705\AppData\Local\Temp\ccsA84yc.s 			page 8


 198              	.LFB133:
  76:Src/main.c    ****   /* USER CODE BEGIN 1 */
 199              		.loc 1 76 1 is_stmt 1 view -0
 200              		.cfi_startproc
 201              		@ Volatile: function does not return.
 202              		@ args = 0, pretend = 0, frame = 0
 203              		@ frame_needed = 0, uses_anonymous_args = 0
  84:Src/main.c    **** 
 204              		.loc 1 84 3 view .LVU63
  76:Src/main.c    ****   /* USER CODE BEGIN 1 */
 205              		.loc 1 76 1 is_stmt 0 view .LVU64
 206 0000 08B5     		push	{r3, lr}
 207              		.cfi_def_cfa_offset 8
 208              		.cfi_offset 3, -8
 209              		.cfi_offset 14, -4
  84:Src/main.c    **** 
 210              		.loc 1 84 3 view .LVU65
 211 0002 FFF7FEFF 		bl	HAL_Init
 212              	.LVL2:
  91:Src/main.c    **** 
 213              		.loc 1 91 3 is_stmt 1 view .LVU66
 214 0006 FFF7FEFF 		bl	SystemClock_Config
 215              	.LVL3:
  98:Src/main.c    ****   MX_DMA_Init();
 216              		.loc 1 98 3 view .LVU67
 217 000a FFF7FEFF 		bl	MX_GPIO_Init
 218              	.LVL4:
  99:Src/main.c    ****   MX_SDIO_SD_Init();
 219              		.loc 1 99 3 view .LVU68
 220 000e FFF7FEFF 		bl	MX_DMA_Init
 221              	.LVL5:
 100:Src/main.c    ****   MX_FATFS_Init();
 222              		.loc 1 100 3 view .LVU69
 223 0012 FFF7FEFF 		bl	MX_SDIO_SD_Init
 224              	.LVL6:
 101:Src/main.c    ****   MX_USART6_UART_Init();
 225              		.loc 1 101 3 view .LVU70
 226 0016 FFF7FEFF 		bl	MX_FATFS_Init
 227              	.LVL7:
 102:Src/main.c    ****   MX_CAN1_Init();
 228              		.loc 1 102 3 view .LVU71
 229 001a FFF7FEFF 		bl	MX_USART6_UART_Init
 230              	.LVL8:
 103:Src/main.c    ****   MX_USART1_UART_Init();
 231              		.loc 1 103 3 view .LVU72
 232 001e FFF7FEFF 		bl	MX_CAN1_Init
 233              	.LVL9:
 104:Src/main.c    ****   /* USER CODE BEGIN 2 */
 234              		.loc 1 104 3 view .LVU73
 235 0022 FFF7FEFF 		bl	MX_USART1_UART_Init
 236              	.LVL10:
 106:Src/main.c    ****   can_filter_init();
 237              		.loc 1 106 3 view .LVU74
 238 0026 FFF7FEFF 		bl	led_off
 239              	.LVL11:
 107:Src/main.c    ****   /* Initializes the SD card device */
 240              		.loc 1 107 3 view .LVU75
ARM GAS  C:\Users\pw705\AppData\Local\Temp\ccsA84yc.s 			page 9


 241 002a FFF7FEFF 		bl	can_filter_init
 242              	.LVL12:
 115:Src/main.c    ****   motor_data_init(); // desireRpm = 0
 243              		.loc 1 115 3 view .LVU76
 244 002e 0A20     		movs	r0, #10
 245 0030 FFF7FEFF 		bl	HAL_Delay
 246              	.LVL13:
 116:Src/main.c    ****   sbus_init();
 247              		.loc 1 116 3 view .LVU77
 248 0034 FFF7FEFF 		bl	motor_data_init
 249              	.LVL14:
 117:Src/main.c    **** 
 250              		.loc 1 117 3 view .LVU78
 251 0038 FFF7FEFF 		bl	sbus_init
 252              	.LVL15:
 253              	.L11:
 123:Src/main.c    ****   {
 254              		.loc 1 123 3 discriminator 1 view .LVU79
 132:Src/main.c    ****   }
 255              		.loc 1 132 5 discriminator 1 view .LVU80
 256 003c 0A20     		movs	r0, #10
 257 003e FFF7FEFF 		bl	HAL_Delay
 258              	.LVL16:
 123:Src/main.c    ****   {
 259              		.loc 1 123 9 discriminator 1 view .LVU81
 260 0042 FBE7     		b	.L11
 261              		.cfi_endproc
 262              	.LFE133:
 264              		.section	.text.HAL_TIM_PeriodElapsedCallback,"ax",%progbits
 265              		.align	1
 266              		.p2align 2,,3
 267              		.global	HAL_TIM_PeriodElapsedCallback
 268              		.syntax unified
 269              		.thumb
 270              		.thumb_func
 272              	HAL_TIM_PeriodElapsedCallback:
 273              	.LVL17:
 274              	.LFB135:
 180:Src/main.c    **** 
 181:Src/main.c    **** /* USER CODE BEGIN 4 */
 182:Src/main.c    **** 
 183:Src/main.c    **** /* USER CODE END 4 */
 184:Src/main.c    **** 
 185:Src/main.c    **** /**
 186:Src/main.c    ****  * @brief  Period elapsed callback in non blocking mode
 187:Src/main.c    ****  * @note   This function is called  when TIM14 interrupt took place, inside
 188:Src/main.c    ****  * HAL_TIM_IRQHandler(). It makes a direct call to HAL_IncTick() to increment
 189:Src/main.c    ****  * a global variable "uwTick" used as application time base.
 190:Src/main.c    ****  * @param  htim : TIM handle
 191:Src/main.c    ****  * @retval None
 192:Src/main.c    ****  */
 193:Src/main.c    **** void HAL_TIM_PeriodElapsedCallback(TIM_HandleTypeDef *htim)
 194:Src/main.c    **** {
 275              		.loc 1 194 1 view -0
 276              		.cfi_startproc
 277              		@ args = 0, pretend = 0, frame = 0
 278              		@ frame_needed = 0, uses_anonymous_args = 0
ARM GAS  C:\Users\pw705\AppData\Local\Temp\ccsA84yc.s 			page 10


 279              		@ link register save eliminated.
 195:Src/main.c    ****   /* USER CODE BEGIN Callback 0 */
 196:Src/main.c    **** 
 197:Src/main.c    ****   /* USER CODE END Callback 0 */
 198:Src/main.c    ****   if (htim->Instance == TIM14)
 280              		.loc 1 198 3 view .LVU83
 281              		.loc 1 198 6 is_stmt 0 view .LVU84
 282 0000 034B     		ldr	r3, .L16
 283 0002 0268     		ldr	r2, [r0]
 284 0004 9A42     		cmp	r2, r3
 285 0006 00D0     		beq	.L15
 199:Src/main.c    ****   {
 200:Src/main.c    ****     HAL_IncTick();
 201:Src/main.c    ****   }
 202:Src/main.c    ****   /* USER CODE BEGIN Callback 1 */
 203:Src/main.c    **** 
 204:Src/main.c    ****   /* USER CODE END Callback 1 */
 205:Src/main.c    **** }
 286              		.loc 1 205 1 view .LVU85
 287 0008 7047     		bx	lr
 288              	.L15:
 200:Src/main.c    ****   }
 289              		.loc 1 200 5 is_stmt 1 view .LVU86
 290 000a FFF7FEBF 		b	HAL_IncTick
 291              	.LVL18:
 292              	.L17:
 200:Src/main.c    ****   }
 293              		.loc 1 200 5 is_stmt 0 view .LVU87
 294 000e 00BF     		.align	2
 295              	.L16:
 296 0010 00200040 		.word	1073750016
 297              		.cfi_endproc
 298              	.LFE135:
 300              		.section	.text.Error_Handler,"ax",%progbits
 301              		.align	1
 302              		.p2align 2,,3
 303              		.global	Error_Handler
 304              		.syntax unified
 305              		.thumb
 306              		.thumb_func
 308              	Error_Handler:
 309              	.LFB136:
 206:Src/main.c    **** 
 207:Src/main.c    **** /**
 208:Src/main.c    ****  * @brief  This function is executed in case of error occurrence.
 209:Src/main.c    ****  * @retval None
 210:Src/main.c    ****  */
 211:Src/main.c    **** void Error_Handler(void)
 212:Src/main.c    **** {
 310              		.loc 1 212 1 is_stmt 1 view -0
 311              		.cfi_startproc
 312              		@ Volatile: function does not return.
 313              		@ args = 0, pretend = 0, frame = 0
 314              		@ frame_needed = 0, uses_anonymous_args = 0
 315              		@ link register save eliminated.
 316              	.L19:
 213:Src/main.c    ****   /* USER CODE BEGIN Error_Handler_Debug */
ARM GAS  C:\Users\pw705\AppData\Local\Temp\ccsA84yc.s 			page 11


 214:Src/main.c    ****   /* User can add his own implementation to report the HAL error return state */
 215:Src/main.c    ****   while (1)
 317              		.loc 1 215 3 discriminator 1 view .LVU89
 216:Src/main.c    ****   {
 217:Src/main.c    ****   }
 318              		.loc 1 217 3 discriminator 1 view .LVU90
 215:Src/main.c    ****   {
 319              		.loc 1 215 9 discriminator 1 view .LVU91
 320 0000 FEE7     		b	.L19
 321              		.cfi_endproc
 322              	.LFE136:
 324 0002 00BF     		.text
 325              	.Letext0:
 326              		.file 2 "c:\\users\\pw705\\appdata\\roaming\\code\\user\\globalstorage\\bmd.stm32-for-vscode\\@xpa
 327              		.file 3 "c:\\users\\pw705\\appdata\\roaming\\code\\user\\globalstorage\\bmd.stm32-for-vscode\\@xpa
 328              		.file 4 "Drivers/CMSIS/Device/ST/STM32F4xx/Include/stm32f427xx.h"
 329              		.file 5 "Drivers/STM32F4xx_HAL_Driver/Inc/stm32f4xx_hal_def.h"
 330              		.file 6 "Drivers/STM32F4xx_HAL_Driver/Inc/stm32f4xx_hal_rcc_ex.h"
 331              		.file 7 "Drivers/STM32F4xx_HAL_Driver/Inc/stm32f4xx_hal_rcc.h"
 332              		.file 8 "Drivers/STM32F4xx_HAL_Driver/Inc/stm32f4xx_hal_dma.h"
 333              		.file 9 "Drivers/STM32F4xx_HAL_Driver/Inc/stm32f4xx_hal_tim.h"
 334              		.file 10 "Drivers/STM32F4xx_HAL_Driver/Inc/stm32f4xx_hal.h"
 335              		.file 11 "bsp/remote/sbus.h"
 336              		.file 12 "module/chasis/chasis.h"
 337              		.file 13 "bsp/can/bsp_can.h"
 338              		.file 14 "Inc/gpio.h"
 339              		.file 15 "Inc/usart.h"
 340              		.file 16 "Inc/can.h"
 341              		.file 17 "Inc/fatfs.h"
 342              		.file 18 "Inc/sdio.h"
 343              		.file 19 "Inc/dma.h"
ARM GAS  C:\Users\pw705\AppData\Local\Temp\ccsA84yc.s 			page 12


DEFINED SYMBOLS
                            *ABS*:00000000 main.c
C:\Users\pw705\AppData\Local\Temp\ccsA84yc.s:21     .text.SystemClock_Config:00000000 $t
C:\Users\pw705\AppData\Local\Temp\ccsA84yc.s:28     .text.SystemClock_Config:00000000 SystemClock_Config
C:\Users\pw705\AppData\Local\Temp\ccsA84yc.s:184    .text.SystemClock_Config:00000098 $d
C:\Users\pw705\AppData\Local\Temp\ccsA84yc.s:190    .text.startup.main:00000000 $t
C:\Users\pw705\AppData\Local\Temp\ccsA84yc.s:197    .text.startup.main:00000000 main
C:\Users\pw705\AppData\Local\Temp\ccsA84yc.s:265    .text.HAL_TIM_PeriodElapsedCallback:00000000 $t
C:\Users\pw705\AppData\Local\Temp\ccsA84yc.s:272    .text.HAL_TIM_PeriodElapsedCallback:00000000 HAL_TIM_PeriodElapsedCallback
C:\Users\pw705\AppData\Local\Temp\ccsA84yc.s:296    .text.HAL_TIM_PeriodElapsedCallback:00000010 $d
C:\Users\pw705\AppData\Local\Temp\ccsA84yc.s:301    .text.Error_Handler:00000000 $t
C:\Users\pw705\AppData\Local\Temp\ccsA84yc.s:308    .text.Error_Handler:00000000 Error_Handler

UNDEFINED SYMBOLS
HAL_RCC_OscConfig
HAL_RCC_ClockConfig
HAL_Init
MX_GPIO_Init
MX_DMA_Init
MX_SDIO_SD_Init
MX_FATFS_Init
MX_USART6_UART_Init
MX_CAN1_Init
MX_USART1_UART_Init
led_off
can_filter_init
HAL_Delay
motor_data_init
sbus_init
HAL_IncTick
