ARM GAS  C:\Users\pw705\AppData\Local\Temp\ccKHTGf6.s 			page 1


   1              		.cpu cortex-m4
   2              		.arch armv7e-m
   3              		.fpu fpv4-sp-d16
   4              		.eabi_attribute 27, 1
   5              		.eabi_attribute 28, 1
   6              		.eabi_attribute 20, 1
   7              		.eabi_attribute 21, 1
   8              		.eabi_attribute 23, 3
   9              		.eabi_attribute 24, 1
  10              		.eabi_attribute 25, 1
  11              		.eabi_attribute 26, 1
  12              		.eabi_attribute 30, 2
  13              		.eabi_attribute 34, 1
  14              		.eabi_attribute 18, 4
  15              		.file	"sdio.c"
  16              		.text
  17              	.Ltext0:
  18              		.cfi_sections	.debug_frame
  19              		.file 1 "Src/sdio.c"
  20              		.section	.text.MX_SDIO_SD_Init,"ax",%progbits
  21              		.align	1
  22              		.p2align 2,,3
  23              		.global	MX_SDIO_SD_Init
  24              		.syntax unified
  25              		.thumb
  26              		.thumb_func
  28              	MX_SDIO_SD_Init:
  29              	.LFB130:
   1:Src/sdio.c    **** /* USER CODE BEGIN Header */
   2:Src/sdio.c    **** /**
   3:Src/sdio.c    ****   ******************************************************************************
   4:Src/sdio.c    ****   * @file    sdio.c
   5:Src/sdio.c    ****   * @brief   This file provides code for the configuration
   6:Src/sdio.c    ****   *          of the SDIO instances.
   7:Src/sdio.c    ****   ******************************************************************************
   8:Src/sdio.c    ****   * @attention
   9:Src/sdio.c    ****   *
  10:Src/sdio.c    ****   * Copyright (c) 2024 STMicroelectronics.
  11:Src/sdio.c    ****   * All rights reserved.
  12:Src/sdio.c    ****   *
  13:Src/sdio.c    ****   * This software is licensed under terms that can be found in the LICENSE file
  14:Src/sdio.c    ****   * in the root directory of this software component.
  15:Src/sdio.c    ****   * If no LICENSE file comes with this software, it is provided AS-IS.
  16:Src/sdio.c    ****   *
  17:Src/sdio.c    ****   ******************************************************************************
  18:Src/sdio.c    ****   */
  19:Src/sdio.c    **** /* USER CODE END Header */
  20:Src/sdio.c    **** /* Includes ------------------------------------------------------------------*/
  21:Src/sdio.c    **** #include "sdio.h"
  22:Src/sdio.c    **** 
  23:Src/sdio.c    **** /* USER CODE BEGIN 0 */
  24:Src/sdio.c    **** 
  25:Src/sdio.c    **** /* USER CODE END 0 */
  26:Src/sdio.c    **** 
  27:Src/sdio.c    **** SD_HandleTypeDef hsd;
  28:Src/sdio.c    **** 
  29:Src/sdio.c    **** /* SDIO init function */
ARM GAS  C:\Users\pw705\AppData\Local\Temp\ccKHTGf6.s 			page 2


  30:Src/sdio.c    **** 
  31:Src/sdio.c    **** void MX_SDIO_SD_Init(void)
  32:Src/sdio.c    **** {
  30              		.loc 1 32 1 view -0
  31              		.cfi_startproc
  32              		@ args = 0, pretend = 0, frame = 0
  33              		@ frame_needed = 0, uses_anonymous_args = 0
  34              		@ link register save eliminated.
  33:Src/sdio.c    **** 
  34:Src/sdio.c    ****   /* USER CODE BEGIN SDIO_Init 0 */
  35:Src/sdio.c    **** 
  36:Src/sdio.c    ****   /* USER CODE END SDIO_Init 0 */
  37:Src/sdio.c    **** 
  38:Src/sdio.c    ****   /* USER CODE BEGIN SDIO_Init 1 */
  39:Src/sdio.c    **** 
  40:Src/sdio.c    ****   /* USER CODE END SDIO_Init 1 */
  41:Src/sdio.c    ****   hsd.Instance = SDIO;
  35              		.loc 1 41 3 view .LVU1
  36              		.loc 1 41 16 is_stmt 0 view .LVU2
  37 0000 054B     		ldr	r3, .L3
  38 0002 0649     		ldr	r1, .L3+4
  42:Src/sdio.c    ****   hsd.Init.ClockEdge = SDIO_CLOCK_EDGE_RISING;
  39              		.loc 1 42 22 view .LVU3
  40 0004 0022     		movs	r2, #0
  41 0006 C3E90012 		strd	r1, r2, [r3]
  43:Src/sdio.c    ****   hsd.Init.ClockBypass = SDIO_CLOCK_BYPASS_DISABLE;
  42              		.loc 1 43 3 is_stmt 1 view .LVU4
  44:Src/sdio.c    ****   hsd.Init.ClockPowerSave = SDIO_CLOCK_POWER_SAVE_DISABLE;
  43              		.loc 1 44 27 is_stmt 0 view .LVU5
  44 000a C3E90222 		strd	r2, r2, [r3, #8]
  45:Src/sdio.c    ****   hsd.Init.BusWide = SDIO_BUS_WIDE_1B;
  45              		.loc 1 45 3 is_stmt 1 view .LVU6
  46              		.loc 1 45 20 is_stmt 0 view .LVU7
  47 000e 1A61     		str	r2, [r3, #16]
  46:Src/sdio.c    ****   hsd.Init.HardwareFlowControl = SDIO_HARDWARE_FLOW_CONTROL_DISABLE;
  48              		.loc 1 46 3 is_stmt 1 view .LVU8
  47:Src/sdio.c    ****   hsd.Init.ClockDiv = 0;
  49              		.loc 1 47 3 view .LVU9
  46:Src/sdio.c    ****   hsd.Init.HardwareFlowControl = SDIO_HARDWARE_FLOW_CONTROL_DISABLE;
  50              		.loc 1 46 32 is_stmt 0 view .LVU10
  51 0010 5A61     		str	r2, [r3, #20]	@ unaligned
  52 0012 9A61     		str	r2, [r3, #24]	@ unaligned
  48:Src/sdio.c    ****   /* USER CODE BEGIN SDIO_Init 2 */
  49:Src/sdio.c    **** 
  50:Src/sdio.c    ****   /* USER CODE END SDIO_Init 2 */
  51:Src/sdio.c    **** 
  52:Src/sdio.c    **** }
  53              		.loc 1 52 1 view .LVU11
  54 0014 7047     		bx	lr
  55              	.L4:
  56 0016 00BF     		.align	2
  57              	.L3:
  58 0018 00000000 		.word	hsd
  59 001c 002C0140 		.word	1073818624
  60              		.cfi_endproc
  61              	.LFE130:
  63              		.section	.text.HAL_SD_MspInit,"ax",%progbits
ARM GAS  C:\Users\pw705\AppData\Local\Temp\ccKHTGf6.s 			page 3


  64              		.align	1
  65              		.p2align 2,,3
  66              		.global	HAL_SD_MspInit
  67              		.syntax unified
  68              		.thumb
  69              		.thumb_func
  71              	HAL_SD_MspInit:
  72              	.LVL0:
  73              	.LFB131:
  53:Src/sdio.c    **** 
  54:Src/sdio.c    **** void HAL_SD_MspInit(SD_HandleTypeDef* sdHandle)
  55:Src/sdio.c    **** {
  74              		.loc 1 55 1 is_stmt 1 view -0
  75              		.cfi_startproc
  76              		@ args = 0, pretend = 0, frame = 40
  77              		@ frame_needed = 0, uses_anonymous_args = 0
  56:Src/sdio.c    **** 
  57:Src/sdio.c    ****   GPIO_InitTypeDef GPIO_InitStruct = {0};
  78              		.loc 1 57 3 view .LVU13
  55:Src/sdio.c    **** 
  79              		.loc 1 55 1 is_stmt 0 view .LVU14
  80 0000 70B5     		push	{r4, r5, r6, lr}
  81              		.cfi_def_cfa_offset 16
  82              		.cfi_offset 4, -16
  83              		.cfi_offset 5, -12
  84              		.cfi_offset 6, -8
  85              		.cfi_offset 14, -4
  58:Src/sdio.c    ****   if(sdHandle->Instance==SDIO)
  86              		.loc 1 58 5 view .LVU15
  87 0002 274B     		ldr	r3, .L9
  88 0004 0268     		ldr	r2, [r0]
  55:Src/sdio.c    **** 
  89              		.loc 1 55 1 view .LVU16
  90 0006 8AB0     		sub	sp, sp, #40
  91              		.cfi_def_cfa_offset 56
  57:Src/sdio.c    ****   if(sdHandle->Instance==SDIO)
  92              		.loc 1 57 20 view .LVU17
  93 0008 0024     		movs	r4, #0
  94              		.loc 1 58 5 view .LVU18
  95 000a 9A42     		cmp	r2, r3
  57:Src/sdio.c    ****   if(sdHandle->Instance==SDIO)
  96              		.loc 1 57 20 view .LVU19
  97 000c CDE90444 		strd	r4, r4, [sp, #16]
  98 0010 CDE90644 		strd	r4, r4, [sp, #24]
  99 0014 0894     		str	r4, [sp, #32]
 100              		.loc 1 58 3 is_stmt 1 view .LVU20
 101              		.loc 1 58 5 is_stmt 0 view .LVU21
 102 0016 01D0     		beq	.L8
  59:Src/sdio.c    ****   {
  60:Src/sdio.c    ****   /* USER CODE BEGIN SDIO_MspInit 0 */
  61:Src/sdio.c    **** 
  62:Src/sdio.c    ****   /* USER CODE END SDIO_MspInit 0 */
  63:Src/sdio.c    ****     /* SDIO clock enable */
  64:Src/sdio.c    ****     __HAL_RCC_SDIO_CLK_ENABLE();
  65:Src/sdio.c    **** 
  66:Src/sdio.c    ****     __HAL_RCC_GPIOC_CLK_ENABLE();
  67:Src/sdio.c    ****     __HAL_RCC_GPIOD_CLK_ENABLE();
ARM GAS  C:\Users\pw705\AppData\Local\Temp\ccKHTGf6.s 			page 4


  68:Src/sdio.c    ****     /**SDIO GPIO Configuration
  69:Src/sdio.c    ****     PC12     ------> SDIO_CK
  70:Src/sdio.c    ****     PC11     ------> SDIO_D3
  71:Src/sdio.c    ****     PC10     ------> SDIO_D2
  72:Src/sdio.c    ****     PD2     ------> SDIO_CMD
  73:Src/sdio.c    ****     PC9     ------> SDIO_D1
  74:Src/sdio.c    ****     PC8     ------> SDIO_D0
  75:Src/sdio.c    ****     */
  76:Src/sdio.c    ****     GPIO_InitStruct.Pin = GPIO_PIN_12|GPIO_PIN_11|GPIO_PIN_10|GPIO_PIN_9
  77:Src/sdio.c    ****                           |GPIO_PIN_8;
  78:Src/sdio.c    ****     GPIO_InitStruct.Mode = GPIO_MODE_AF_PP;
  79:Src/sdio.c    ****     GPIO_InitStruct.Pull = GPIO_NOPULL;
  80:Src/sdio.c    ****     GPIO_InitStruct.Speed = GPIO_SPEED_FREQ_VERY_HIGH;
  81:Src/sdio.c    ****     GPIO_InitStruct.Alternate = GPIO_AF12_SDIO;
  82:Src/sdio.c    ****     HAL_GPIO_Init(GPIOC, &GPIO_InitStruct);
  83:Src/sdio.c    **** 
  84:Src/sdio.c    ****     GPIO_InitStruct.Pin = GPIO_PIN_2;
  85:Src/sdio.c    ****     GPIO_InitStruct.Mode = GPIO_MODE_AF_PP;
  86:Src/sdio.c    ****     GPIO_InitStruct.Pull = GPIO_NOPULL;
  87:Src/sdio.c    ****     GPIO_InitStruct.Speed = GPIO_SPEED_FREQ_VERY_HIGH;
  88:Src/sdio.c    ****     GPIO_InitStruct.Alternate = GPIO_AF12_SDIO;
  89:Src/sdio.c    ****     HAL_GPIO_Init(GPIOD, &GPIO_InitStruct);
  90:Src/sdio.c    **** 
  91:Src/sdio.c    ****     /* SDIO interrupt Init */
  92:Src/sdio.c    ****     HAL_NVIC_SetPriority(SDIO_IRQn, 0, 0);
  93:Src/sdio.c    ****     HAL_NVIC_EnableIRQ(SDIO_IRQn);
  94:Src/sdio.c    ****   /* USER CODE BEGIN SDIO_MspInit 1 */
  95:Src/sdio.c    **** 
  96:Src/sdio.c    ****   /* USER CODE END SDIO_MspInit 1 */
  97:Src/sdio.c    ****   }
  98:Src/sdio.c    **** }
 103              		.loc 1 98 1 view .LVU22
 104 0018 0AB0     		add	sp, sp, #40
 105              		.cfi_remember_state
 106              		.cfi_def_cfa_offset 16
 107              		@ sp needed
 108 001a 70BD     		pop	{r4, r5, r6, pc}
 109              	.L8:
 110              		.cfi_restore_state
  64:Src/sdio.c    **** 
 111              		.loc 1 64 5 is_stmt 1 view .LVU23
 112              	.LBB2:
  64:Src/sdio.c    **** 
 113              		.loc 1 64 5 view .LVU24
 114 001c 03F58633 		add	r3, r3, #68608
 115 0020 0194     		str	r4, [sp, #4]
  64:Src/sdio.c    **** 
 116              		.loc 1 64 5 view .LVU25
 117 0022 5A6C     		ldr	r2, [r3, #68]
 118              	.LBE2:
  82:Src/sdio.c    **** 
 119              		.loc 1 82 5 is_stmt 0 view .LVU26
 120 0024 1F48     		ldr	r0, .L9+4
 121              	.LVL1:
 122              	.LBB3:
  64:Src/sdio.c    **** 
 123              		.loc 1 64 5 view .LVU27
ARM GAS  C:\Users\pw705\AppData\Local\Temp\ccKHTGf6.s 			page 5


 124 0026 42F40062 		orr	r2, r2, #2048
 125 002a 5A64     		str	r2, [r3, #68]
  64:Src/sdio.c    **** 
 126              		.loc 1 64 5 is_stmt 1 view .LVU28
 127 002c 5A6C     		ldr	r2, [r3, #68]
 128 002e 02F40062 		and	r2, r2, #2048
 129 0032 0192     		str	r2, [sp, #4]
  64:Src/sdio.c    **** 
 130              		.loc 1 64 5 view .LVU29
 131 0034 019A     		ldr	r2, [sp, #4]
 132              	.LBE3:
  64:Src/sdio.c    **** 
 133              		.loc 1 64 5 view .LVU30
  66:Src/sdio.c    ****     __HAL_RCC_GPIOD_CLK_ENABLE();
 134              		.loc 1 66 5 view .LVU31
 135              	.LBB4:
  66:Src/sdio.c    ****     __HAL_RCC_GPIOD_CLK_ENABLE();
 136              		.loc 1 66 5 view .LVU32
 137 0036 0294     		str	r4, [sp, #8]
  66:Src/sdio.c    ****     __HAL_RCC_GPIOD_CLK_ENABLE();
 138              		.loc 1 66 5 view .LVU33
 139 0038 1A6B     		ldr	r2, [r3, #48]
 140 003a 42F00402 		orr	r2, r2, #4
 141 003e 1A63     		str	r2, [r3, #48]
  66:Src/sdio.c    ****     __HAL_RCC_GPIOD_CLK_ENABLE();
 142              		.loc 1 66 5 view .LVU34
 143 0040 1A6B     		ldr	r2, [r3, #48]
 144 0042 02F00402 		and	r2, r2, #4
 145 0046 0292     		str	r2, [sp, #8]
  66:Src/sdio.c    ****     __HAL_RCC_GPIOD_CLK_ENABLE();
 146              		.loc 1 66 5 view .LVU35
 147 0048 029A     		ldr	r2, [sp, #8]
 148              	.LBE4:
  66:Src/sdio.c    ****     __HAL_RCC_GPIOD_CLK_ENABLE();
 149              		.loc 1 66 5 view .LVU36
  67:Src/sdio.c    ****     /**SDIO GPIO Configuration
 150              		.loc 1 67 5 view .LVU37
 151              	.LBB5:
  67:Src/sdio.c    ****     /**SDIO GPIO Configuration
 152              		.loc 1 67 5 view .LVU38
 153 004a 0394     		str	r4, [sp, #12]
  67:Src/sdio.c    ****     /**SDIO GPIO Configuration
 154              		.loc 1 67 5 view .LVU39
 155 004c 1A6B     		ldr	r2, [r3, #48]
 156 004e 42F00802 		orr	r2, r2, #8
 157 0052 1A63     		str	r2, [r3, #48]
  67:Src/sdio.c    ****     /**SDIO GPIO Configuration
 158              		.loc 1 67 5 view .LVU40
 159 0054 1B6B     		ldr	r3, [r3, #48]
 160 0056 03F00803 		and	r3, r3, #8
 161 005a 0393     		str	r3, [sp, #12]
  67:Src/sdio.c    ****     /**SDIO GPIO Configuration
 162              		.loc 1 67 5 view .LVU41
 163              	.LBE5:
  76:Src/sdio.c    ****                           |GPIO_PIN_8;
 164              		.loc 1 76 25 is_stmt 0 view .LVU42
 165 005c 4FF4F852 		mov	r2, #7936
ARM GAS  C:\Users\pw705\AppData\Local\Temp\ccKHTGf6.s 			page 6


  80:Src/sdio.c    ****     GPIO_InitStruct.Alternate = GPIO_AF12_SDIO;
 166              		.loc 1 80 27 view .LVU43
 167 0060 0326     		movs	r6, #3
 168 0062 0C25     		movs	r5, #12
  82:Src/sdio.c    **** 
 169              		.loc 1 82 5 view .LVU44
 170 0064 04A9     		add	r1, sp, #16
  76:Src/sdio.c    ****                           |GPIO_PIN_8;
 171              		.loc 1 76 25 view .LVU45
 172 0066 0223     		movs	r3, #2
 173 0068 CDE90423 		strd	r2, [sp, #16]
  80:Src/sdio.c    ****     GPIO_InitStruct.Alternate = GPIO_AF12_SDIO;
 174              		.loc 1 80 27 view .LVU46
 175 006c 0796     		str	r6, [sp, #28]	@ unaligned
 176              	.LBB6:
  67:Src/sdio.c    ****     /**SDIO GPIO Configuration
 177              		.loc 1 67 5 view .LVU47
 178 006e 039B     		ldr	r3, [sp, #12]
 179              	.LBE6:
  67:Src/sdio.c    ****     /**SDIO GPIO Configuration
 180              		.loc 1 67 5 is_stmt 1 view .LVU48
  76:Src/sdio.c    ****                           |GPIO_PIN_8;
 181              		.loc 1 76 5 view .LVU49
  78:Src/sdio.c    ****     GPIO_InitStruct.Pull = GPIO_NOPULL;
 182              		.loc 1 78 5 view .LVU50
  79:Src/sdio.c    ****     GPIO_InitStruct.Speed = GPIO_SPEED_FREQ_VERY_HIGH;
 183              		.loc 1 79 5 view .LVU51
  80:Src/sdio.c    ****     GPIO_InitStruct.Alternate = GPIO_AF12_SDIO;
 184              		.loc 1 80 5 view .LVU52
  81:Src/sdio.c    ****     HAL_GPIO_Init(GPIOC, &GPIO_InitStruct);
 185              		.loc 1 81 5 view .LVU53
  80:Src/sdio.c    ****     GPIO_InitStruct.Alternate = GPIO_AF12_SDIO;
 186              		.loc 1 80 27 is_stmt 0 view .LVU54
 187 0070 0895     		str	r5, [sp, #32]	@ unaligned
  82:Src/sdio.c    **** 
 188              		.loc 1 82 5 is_stmt 1 view .LVU55
 189 0072 FFF7FEFF 		bl	HAL_GPIO_Init
 190              	.LVL2:
  84:Src/sdio.c    ****     GPIO_InitStruct.Mode = GPIO_MODE_AF_PP;
 191              		.loc 1 84 5 view .LVU56
  84:Src/sdio.c    ****     GPIO_InitStruct.Mode = GPIO_MODE_AF_PP;
 192              		.loc 1 84 25 is_stmt 0 view .LVU57
 193 0076 0423     		movs	r3, #4
  89:Src/sdio.c    **** 
 194              		.loc 1 89 5 view .LVU58
 195 0078 04A9     		add	r1, sp, #16
  84:Src/sdio.c    ****     GPIO_InitStruct.Mode = GPIO_MODE_AF_PP;
 196              		.loc 1 84 25 view .LVU59
 197 007a 0493     		str	r3, [sp, #16]
  85:Src/sdio.c    ****     GPIO_InitStruct.Pull = GPIO_NOPULL;
 198              		.loc 1 85 5 is_stmt 1 view .LVU60
  89:Src/sdio.c    **** 
 199              		.loc 1 89 5 is_stmt 0 view .LVU61
 200 007c 0A48     		ldr	r0, .L9+8
  88:Src/sdio.c    ****     HAL_GPIO_Init(GPIOD, &GPIO_InitStruct);
 201              		.loc 1 88 31 view .LVU62
 202 007e 0895     		str	r5, [sp, #32]
ARM GAS  C:\Users\pw705\AppData\Local\Temp\ccKHTGf6.s 			page 7


  85:Src/sdio.c    ****     GPIO_InitStruct.Pull = GPIO_NOPULL;
 203              		.loc 1 85 26 view .LVU63
 204 0080 0223     		movs	r3, #2
 205 0082 0593     		str	r3, [sp, #20]
  86:Src/sdio.c    ****     GPIO_InitStruct.Speed = GPIO_SPEED_FREQ_VERY_HIGH;
 206              		.loc 1 86 5 is_stmt 1 view .LVU64
  87:Src/sdio.c    ****     GPIO_InitStruct.Alternate = GPIO_AF12_SDIO;
 207              		.loc 1 87 27 is_stmt 0 view .LVU65
 208 0084 CDE90646 		strd	r4, r6, [sp, #24]
  88:Src/sdio.c    ****     HAL_GPIO_Init(GPIOD, &GPIO_InitStruct);
 209              		.loc 1 88 5 is_stmt 1 view .LVU66
  89:Src/sdio.c    **** 
 210              		.loc 1 89 5 view .LVU67
 211 0088 FFF7FEFF 		bl	HAL_GPIO_Init
 212              	.LVL3:
  92:Src/sdio.c    ****     HAL_NVIC_EnableIRQ(SDIO_IRQn);
 213              		.loc 1 92 5 view .LVU68
 214 008c 2246     		mov	r2, r4
 215 008e 2146     		mov	r1, r4
 216 0090 3120     		movs	r0, #49
 217 0092 FFF7FEFF 		bl	HAL_NVIC_SetPriority
 218              	.LVL4:
  93:Src/sdio.c    ****   /* USER CODE BEGIN SDIO_MspInit 1 */
 219              		.loc 1 93 5 view .LVU69
 220 0096 3120     		movs	r0, #49
 221 0098 FFF7FEFF 		bl	HAL_NVIC_EnableIRQ
 222              	.LVL5:
 223              		.loc 1 98 1 is_stmt 0 view .LVU70
 224 009c 0AB0     		add	sp, sp, #40
 225              		.cfi_def_cfa_offset 16
 226              		@ sp needed
 227 009e 70BD     		pop	{r4, r5, r6, pc}
 228              	.L10:
 229              		.align	2
 230              	.L9:
 231 00a0 002C0140 		.word	1073818624
 232 00a4 00080240 		.word	1073874944
 233 00a8 000C0240 		.word	1073875968
 234              		.cfi_endproc
 235              	.LFE131:
 237              		.section	.text.HAL_SD_MspDeInit,"ax",%progbits
 238              		.align	1
 239              		.p2align 2,,3
 240              		.global	HAL_SD_MspDeInit
 241              		.syntax unified
 242              		.thumb
 243              		.thumb_func
 245              	HAL_SD_MspDeInit:
 246              	.LVL6:
 247              	.LFB132:
  99:Src/sdio.c    **** 
 100:Src/sdio.c    **** void HAL_SD_MspDeInit(SD_HandleTypeDef* sdHandle)
 101:Src/sdio.c    **** {
 248              		.loc 1 101 1 is_stmt 1 view -0
 249              		.cfi_startproc
 250              		@ args = 0, pretend = 0, frame = 0
 251              		@ frame_needed = 0, uses_anonymous_args = 0
ARM GAS  C:\Users\pw705\AppData\Local\Temp\ccKHTGf6.s 			page 8


 102:Src/sdio.c    **** 
 103:Src/sdio.c    ****   if(sdHandle->Instance==SDIO)
 252              		.loc 1 103 3 view .LVU72
 101:Src/sdio.c    **** 
 253              		.loc 1 101 1 is_stmt 0 view .LVU73
 254 0000 08B5     		push	{r3, lr}
 255              		.cfi_def_cfa_offset 8
 256              		.cfi_offset 3, -8
 257              		.cfi_offset 14, -4
 258              		.loc 1 103 5 view .LVU74
 259 0002 0268     		ldr	r2, [r0]
 260 0004 0B4B     		ldr	r3, .L15
 261 0006 9A42     		cmp	r2, r3
 262 0008 00D0     		beq	.L14
 104:Src/sdio.c    ****   {
 105:Src/sdio.c    ****   /* USER CODE BEGIN SDIO_MspDeInit 0 */
 106:Src/sdio.c    **** 
 107:Src/sdio.c    ****   /* USER CODE END SDIO_MspDeInit 0 */
 108:Src/sdio.c    ****     /* Peripheral clock disable */
 109:Src/sdio.c    ****     __HAL_RCC_SDIO_CLK_DISABLE();
 110:Src/sdio.c    **** 
 111:Src/sdio.c    ****     /**SDIO GPIO Configuration
 112:Src/sdio.c    ****     PC12     ------> SDIO_CK
 113:Src/sdio.c    ****     PC11     ------> SDIO_D3
 114:Src/sdio.c    ****     PC10     ------> SDIO_D2
 115:Src/sdio.c    ****     PD2     ------> SDIO_CMD
 116:Src/sdio.c    ****     PC9     ------> SDIO_D1
 117:Src/sdio.c    ****     PC8     ------> SDIO_D0
 118:Src/sdio.c    ****     */
 119:Src/sdio.c    ****     HAL_GPIO_DeInit(GPIOC, GPIO_PIN_12|GPIO_PIN_11|GPIO_PIN_10|GPIO_PIN_9
 120:Src/sdio.c    ****                           |GPIO_PIN_8);
 121:Src/sdio.c    **** 
 122:Src/sdio.c    ****     HAL_GPIO_DeInit(GPIOD, GPIO_PIN_2);
 123:Src/sdio.c    **** 
 124:Src/sdio.c    ****     /* SDIO interrupt Deinit */
 125:Src/sdio.c    ****     HAL_NVIC_DisableIRQ(SDIO_IRQn);
 126:Src/sdio.c    ****   /* USER CODE BEGIN SDIO_MspDeInit 1 */
 127:Src/sdio.c    **** 
 128:Src/sdio.c    ****   /* USER CODE END SDIO_MspDeInit 1 */
 129:Src/sdio.c    ****   }
 130:Src/sdio.c    **** }
 263              		.loc 1 130 1 view .LVU75
 264 000a 08BD     		pop	{r3, pc}
 265              	.L14:
 109:Src/sdio.c    **** 
 266              		.loc 1 109 5 is_stmt 1 view .LVU76
 267 000c 0A4A     		ldr	r2, .L15+4
 119:Src/sdio.c    ****                           |GPIO_PIN_8);
 268              		.loc 1 119 5 is_stmt 0 view .LVU77
 269 000e 0B48     		ldr	r0, .L15+8
 270              	.LVL7:
 109:Src/sdio.c    **** 
 271              		.loc 1 109 5 view .LVU78
 272 0010 536C     		ldr	r3, [r2, #68]
 273 0012 23F40063 		bic	r3, r3, #2048
 274 0016 5364     		str	r3, [r2, #68]
 119:Src/sdio.c    ****                           |GPIO_PIN_8);
ARM GAS  C:\Users\pw705\AppData\Local\Temp\ccKHTGf6.s 			page 9


 275              		.loc 1 119 5 is_stmt 1 view .LVU79
 276 0018 4FF4F851 		mov	r1, #7936
 277 001c FFF7FEFF 		bl	HAL_GPIO_DeInit
 278              	.LVL8:
 122:Src/sdio.c    **** 
 279              		.loc 1 122 5 view .LVU80
 280 0020 0748     		ldr	r0, .L15+12
 281 0022 0421     		movs	r1, #4
 282 0024 FFF7FEFF 		bl	HAL_GPIO_DeInit
 283              	.LVL9:
 125:Src/sdio.c    ****   /* USER CODE BEGIN SDIO_MspDeInit 1 */
 284              		.loc 1 125 5 view .LVU81
 285              		.loc 1 130 1 is_stmt 0 view .LVU82
 286 0028 BDE80840 		pop	{r3, lr}
 287              		.cfi_restore 14
 288              		.cfi_restore 3
 289              		.cfi_def_cfa_offset 0
 125:Src/sdio.c    ****   /* USER CODE BEGIN SDIO_MspDeInit 1 */
 290              		.loc 1 125 5 view .LVU83
 291 002c 3120     		movs	r0, #49
 292 002e FFF7FEBF 		b	HAL_NVIC_DisableIRQ
 293              	.LVL10:
 294              	.L16:
 295 0032 00BF     		.align	2
 296              	.L15:
 297 0034 002C0140 		.word	1073818624
 298 0038 00380240 		.word	1073887232
 299 003c 00080240 		.word	1073874944
 300 0040 000C0240 		.word	1073875968
 301              		.cfi_endproc
 302              	.LFE132:
 304              		.global	hsd
 305              		.section	.bss.hsd,"aw",%nobits
 306              		.align	3
 309              	hsd:
 310 0000 00000000 		.space	132
 310      00000000 
 310      00000000 
 310      00000000 
 310      00000000 
 311              		.text
 312              	.Letext0:
 313              		.file 2 "Drivers/CMSIS/Device/ST/STM32F4xx/Include/stm32f427xx.h"
 314              		.file 3 "c:\\users\\pw705\\appdata\\roaming\\code\\user\\globalstorage\\bmd.stm32-for-vscode\\@xpa
 315              		.file 4 "c:\\users\\pw705\\appdata\\roaming\\code\\user\\globalstorage\\bmd.stm32-for-vscode\\@xpa
 316              		.file 5 "Drivers/STM32F4xx_HAL_Driver/Inc/stm32f4xx_hal_def.h"
 317              		.file 6 "Drivers/STM32F4xx_HAL_Driver/Inc/stm32f4xx_hal_gpio.h"
 318              		.file 7 "Drivers/STM32F4xx_HAL_Driver/Inc/stm32f4xx_hal_dma.h"
 319              		.file 8 "Drivers/STM32F4xx_HAL_Driver/Inc/stm32f4xx_ll_sdmmc.h"
 320              		.file 9 "Drivers/STM32F4xx_HAL_Driver/Inc/stm32f4xx_hal_sd.h"
 321              		.file 10 "Drivers/STM32F4xx_HAL_Driver/Inc/stm32f4xx_hal_cortex.h"
 322              		.file 11 "Inc/sdio.h"
ARM GAS  C:\Users\pw705\AppData\Local\Temp\ccKHTGf6.s 			page 10


DEFINED SYMBOLS
                            *ABS*:00000000 sdio.c
C:\Users\pw705\AppData\Local\Temp\ccKHTGf6.s:21     .text.MX_SDIO_SD_Init:00000000 $t
C:\Users\pw705\AppData\Local\Temp\ccKHTGf6.s:28     .text.MX_SDIO_SD_Init:00000000 MX_SDIO_SD_Init
C:\Users\pw705\AppData\Local\Temp\ccKHTGf6.s:58     .text.MX_SDIO_SD_Init:00000018 $d
C:\Users\pw705\AppData\Local\Temp\ccKHTGf6.s:309    .bss.hsd:00000000 hsd
C:\Users\pw705\AppData\Local\Temp\ccKHTGf6.s:64     .text.HAL_SD_MspInit:00000000 $t
C:\Users\pw705\AppData\Local\Temp\ccKHTGf6.s:71     .text.HAL_SD_MspInit:00000000 HAL_SD_MspInit
C:\Users\pw705\AppData\Local\Temp\ccKHTGf6.s:231    .text.HAL_SD_MspInit:000000a0 $d
C:\Users\pw705\AppData\Local\Temp\ccKHTGf6.s:238    .text.HAL_SD_MspDeInit:00000000 $t
C:\Users\pw705\AppData\Local\Temp\ccKHTGf6.s:245    .text.HAL_SD_MspDeInit:00000000 HAL_SD_MspDeInit
C:\Users\pw705\AppData\Local\Temp\ccKHTGf6.s:297    .text.HAL_SD_MspDeInit:00000034 $d
C:\Users\pw705\AppData\Local\Temp\ccKHTGf6.s:306    .bss.hsd:00000000 $d

UNDEFINED SYMBOLS
HAL_GPIO_Init
HAL_NVIC_SetPriority
HAL_NVIC_EnableIRQ
HAL_GPIO_DeInit
HAL_NVIC_DisableIRQ
