ARM GAS  C:\Users\pw705\AppData\Local\Temp\ccnCMQtn.s 			page 1


   1              		.cpu cortex-m4
   2              		.arch armv7e-m
   3              		.fpu fpv4-sp-d16
   4              		.eabi_attribute 27, 1
   5              		.eabi_attribute 28, 1
   6              		.eabi_attribute 20, 1
   7              		.eabi_attribute 21, 1
   8              		.eabi_attribute 23, 3
   9              		.eabi_attribute 24, 1
  10              		.eabi_attribute 25, 1
  11              		.eabi_attribute 26, 1
  12              		.eabi_attribute 30, 2
  13              		.eabi_attribute 34, 1
  14              		.eabi_attribute 18, 4
  15              		.file	"stm32f4xx_it.c"
  16              		.text
  17              	.Ltext0:
  18              		.cfi_sections	.debug_frame
  19              		.file 1 "Src/stm32f4xx_it.c"
  20              		.section	.text.NMI_Handler,"ax",%progbits
  21              		.align	1
  22              		.p2align 2,,3
  23              		.global	NMI_Handler
  24              		.syntax unified
  25              		.thumb
  26              		.thumb_func
  28              	NMI_Handler:
  29              	.LFB130:
   1:Src/stm32f4xx_it.c **** /* USER CODE BEGIN Header */
   2:Src/stm32f4xx_it.c **** /**
   3:Src/stm32f4xx_it.c ****   ******************************************************************************
   4:Src/stm32f4xx_it.c ****   * @file    stm32f4xx_it.c
   5:Src/stm32f4xx_it.c ****   * @brief   Interrupt Service Routines.
   6:Src/stm32f4xx_it.c ****   ******************************************************************************
   7:Src/stm32f4xx_it.c ****   * @attention
   8:Src/stm32f4xx_it.c ****   *
   9:Src/stm32f4xx_it.c ****   * Copyright (c) 2024 STMicroelectronics.
  10:Src/stm32f4xx_it.c ****   * All rights reserved.
  11:Src/stm32f4xx_it.c ****   *
  12:Src/stm32f4xx_it.c ****   * This software is licensed under terms that can be found in the LICENSE file
  13:Src/stm32f4xx_it.c ****   * in the root directory of this software component.
  14:Src/stm32f4xx_it.c ****   * If no LICENSE file comes with this software, it is provided AS-IS.
  15:Src/stm32f4xx_it.c ****   *
  16:Src/stm32f4xx_it.c ****   ******************************************************************************
  17:Src/stm32f4xx_it.c ****   */
  18:Src/stm32f4xx_it.c **** /* USER CODE END Header */
  19:Src/stm32f4xx_it.c **** 
  20:Src/stm32f4xx_it.c **** /* Includes ------------------------------------------------------------------*/
  21:Src/stm32f4xx_it.c **** #include "main.h"
  22:Src/stm32f4xx_it.c **** #include "stm32f4xx_it.h"
  23:Src/stm32f4xx_it.c **** /* Private includes ----------------------------------------------------------*/
  24:Src/stm32f4xx_it.c **** /* USER CODE BEGIN Includes */
  25:Src/stm32f4xx_it.c **** /* USER CODE END Includes */
  26:Src/stm32f4xx_it.c **** 
  27:Src/stm32f4xx_it.c **** /* Private typedef -----------------------------------------------------------*/
  28:Src/stm32f4xx_it.c **** /* USER CODE BEGIN TD */
  29:Src/stm32f4xx_it.c **** 
ARM GAS  C:\Users\pw705\AppData\Local\Temp\ccnCMQtn.s 			page 2


  30:Src/stm32f4xx_it.c **** /* USER CODE END TD */
  31:Src/stm32f4xx_it.c **** 
  32:Src/stm32f4xx_it.c **** /* Private define ------------------------------------------------------------*/
  33:Src/stm32f4xx_it.c **** /* USER CODE BEGIN PD */
  34:Src/stm32f4xx_it.c **** 
  35:Src/stm32f4xx_it.c **** /* USER CODE END PD */
  36:Src/stm32f4xx_it.c **** 
  37:Src/stm32f4xx_it.c **** /* Private macro -------------------------------------------------------------*/
  38:Src/stm32f4xx_it.c **** /* USER CODE BEGIN PM */
  39:Src/stm32f4xx_it.c **** 
  40:Src/stm32f4xx_it.c **** /* USER CODE END PM */
  41:Src/stm32f4xx_it.c **** 
  42:Src/stm32f4xx_it.c **** /* Private variables ---------------------------------------------------------*/
  43:Src/stm32f4xx_it.c **** /* USER CODE BEGIN PV */
  44:Src/stm32f4xx_it.c **** 
  45:Src/stm32f4xx_it.c **** /* USER CODE END PV */
  46:Src/stm32f4xx_it.c **** 
  47:Src/stm32f4xx_it.c **** /* Private function prototypes -----------------------------------------------*/
  48:Src/stm32f4xx_it.c **** /* USER CODE BEGIN PFP */
  49:Src/stm32f4xx_it.c **** 
  50:Src/stm32f4xx_it.c **** /* USER CODE END PFP */
  51:Src/stm32f4xx_it.c **** 
  52:Src/stm32f4xx_it.c **** /* Private user code ---------------------------------------------------------*/
  53:Src/stm32f4xx_it.c **** /* USER CODE BEGIN 0 */
  54:Src/stm32f4xx_it.c **** 
  55:Src/stm32f4xx_it.c **** /* USER CODE END 0 */
  56:Src/stm32f4xx_it.c **** 
  57:Src/stm32f4xx_it.c **** /* External variables --------------------------------------------------------*/
  58:Src/stm32f4xx_it.c **** extern SD_HandleTypeDef hsd;
  59:Src/stm32f4xx_it.c **** extern UART_HandleTypeDef huart6;
  60:Src/stm32f4xx_it.c **** /* USER CODE BEGIN EV */
  61:Src/stm32f4xx_it.c **** 
  62:Src/stm32f4xx_it.c **** /* USER CODE END EV */
  63:Src/stm32f4xx_it.c **** 
  64:Src/stm32f4xx_it.c **** /******************************************************************************/
  65:Src/stm32f4xx_it.c **** /*           Cortex-M4 Processor Interruption and Exception Handlers          */
  66:Src/stm32f4xx_it.c **** /******************************************************************************/
  67:Src/stm32f4xx_it.c **** /**
  68:Src/stm32f4xx_it.c ****   * @brief This function handles Non maskable interrupt.
  69:Src/stm32f4xx_it.c ****   */
  70:Src/stm32f4xx_it.c **** void NMI_Handler(void)
  71:Src/stm32f4xx_it.c **** {
  30              		.loc 1 71 1 view -0
  31              		.cfi_startproc
  32              		@ Volatile: function does not return.
  33              		@ args = 0, pretend = 0, frame = 0
  34              		@ frame_needed = 0, uses_anonymous_args = 0
  35              		@ link register save eliminated.
  36              	.L2:
  72:Src/stm32f4xx_it.c ****   /* USER CODE BEGIN NonMaskableInt_IRQn 0 */
  73:Src/stm32f4xx_it.c **** 
  74:Src/stm32f4xx_it.c ****   /* USER CODE END NonMaskableInt_IRQn 0 */
  75:Src/stm32f4xx_it.c ****   /* USER CODE BEGIN NonMaskableInt_IRQn 1 */
  76:Src/stm32f4xx_it.c ****   while (1)
  37              		.loc 1 76 3 discriminator 1 view .LVU1
  77:Src/stm32f4xx_it.c ****   {
  78:Src/stm32f4xx_it.c ****   }
ARM GAS  C:\Users\pw705\AppData\Local\Temp\ccnCMQtn.s 			page 3


  38              		.loc 1 78 3 discriminator 1 view .LVU2
  76:Src/stm32f4xx_it.c ****   {
  39              		.loc 1 76 9 discriminator 1 view .LVU3
  40 0000 FEE7     		b	.L2
  41              		.cfi_endproc
  42              	.LFE130:
  44 0002 00BF     		.section	.text.HardFault_Handler,"ax",%progbits
  45              		.align	1
  46              		.p2align 2,,3
  47              		.global	HardFault_Handler
  48              		.syntax unified
  49              		.thumb
  50              		.thumb_func
  52              	HardFault_Handler:
  53              	.LFB131:
  79:Src/stm32f4xx_it.c ****   /* USER CODE END NonMaskableInt_IRQn 1 */
  80:Src/stm32f4xx_it.c **** }
  81:Src/stm32f4xx_it.c **** 
  82:Src/stm32f4xx_it.c **** /**
  83:Src/stm32f4xx_it.c ****   * @brief This function handles Hard fault interrupt.
  84:Src/stm32f4xx_it.c ****   */
  85:Src/stm32f4xx_it.c **** void HardFault_Handler(void)
  86:Src/stm32f4xx_it.c **** {
  54              		.loc 1 86 1 view -0
  55              		.cfi_startproc
  56              		@ Volatile: function does not return.
  57              		@ args = 0, pretend = 0, frame = 0
  58              		@ frame_needed = 0, uses_anonymous_args = 0
  59              		@ link register save eliminated.
  60              	.L5:
  87:Src/stm32f4xx_it.c ****   /* USER CODE BEGIN HardFault_IRQn 0 */
  88:Src/stm32f4xx_it.c **** 
  89:Src/stm32f4xx_it.c ****   /* USER CODE END HardFault_IRQn 0 */
  90:Src/stm32f4xx_it.c ****   while (1)
  61              		.loc 1 90 3 discriminator 1 view .LVU5
  91:Src/stm32f4xx_it.c ****   {
  92:Src/stm32f4xx_it.c ****     /* USER CODE BEGIN W1_HardFault_IRQn 0 */
  93:Src/stm32f4xx_it.c ****     /* USER CODE END W1_HardFault_IRQn 0 */
  94:Src/stm32f4xx_it.c ****   }
  62              		.loc 1 94 3 discriminator 1 view .LVU6
  90:Src/stm32f4xx_it.c ****   {
  63              		.loc 1 90 9 discriminator 1 view .LVU7
  64 0000 FEE7     		b	.L5
  65              		.cfi_endproc
  66              	.LFE131:
  68 0002 00BF     		.section	.text.MemManage_Handler,"ax",%progbits
  69              		.align	1
  70              		.p2align 2,,3
  71              		.global	MemManage_Handler
  72              		.syntax unified
  73              		.thumb
  74              		.thumb_func
  76              	MemManage_Handler:
  77              	.LFB132:
  95:Src/stm32f4xx_it.c **** }
  96:Src/stm32f4xx_it.c **** 
  97:Src/stm32f4xx_it.c **** /**
ARM GAS  C:\Users\pw705\AppData\Local\Temp\ccnCMQtn.s 			page 4


  98:Src/stm32f4xx_it.c ****   * @brief This function handles Memory management fault.
  99:Src/stm32f4xx_it.c ****   */
 100:Src/stm32f4xx_it.c **** void MemManage_Handler(void)
 101:Src/stm32f4xx_it.c **** {
  78              		.loc 1 101 1 view -0
  79              		.cfi_startproc
  80              		@ Volatile: function does not return.
  81              		@ args = 0, pretend = 0, frame = 0
  82              		@ frame_needed = 0, uses_anonymous_args = 0
  83              		@ link register save eliminated.
  84              	.L7:
 102:Src/stm32f4xx_it.c ****   /* USER CODE BEGIN MemoryManagement_IRQn 0 */
 103:Src/stm32f4xx_it.c **** 
 104:Src/stm32f4xx_it.c ****   /* USER CODE END MemoryManagement_IRQn 0 */
 105:Src/stm32f4xx_it.c ****   while (1)
  85              		.loc 1 105 3 discriminator 1 view .LVU9
 106:Src/stm32f4xx_it.c ****   {
 107:Src/stm32f4xx_it.c ****     /* USER CODE BEGIN W1_MemoryManagement_IRQn 0 */
 108:Src/stm32f4xx_it.c ****     /* USER CODE END W1_MemoryManagement_IRQn 0 */
 109:Src/stm32f4xx_it.c ****   }
  86              		.loc 1 109 3 discriminator 1 view .LVU10
 105:Src/stm32f4xx_it.c ****   {
  87              		.loc 1 105 9 discriminator 1 view .LVU11
  88 0000 FEE7     		b	.L7
  89              		.cfi_endproc
  90              	.LFE132:
  92 0002 00BF     		.section	.text.BusFault_Handler,"ax",%progbits
  93              		.align	1
  94              		.p2align 2,,3
  95              		.global	BusFault_Handler
  96              		.syntax unified
  97              		.thumb
  98              		.thumb_func
 100              	BusFault_Handler:
 101              	.LFB133:
 110:Src/stm32f4xx_it.c **** }
 111:Src/stm32f4xx_it.c **** 
 112:Src/stm32f4xx_it.c **** /**
 113:Src/stm32f4xx_it.c ****   * @brief This function handles Pre-fetch fault, memory access fault.
 114:Src/stm32f4xx_it.c ****   */
 115:Src/stm32f4xx_it.c **** void BusFault_Handler(void)
 116:Src/stm32f4xx_it.c **** {
 102              		.loc 1 116 1 view -0
 103              		.cfi_startproc
 104              		@ Volatile: function does not return.
 105              		@ args = 0, pretend = 0, frame = 0
 106              		@ frame_needed = 0, uses_anonymous_args = 0
 107              		@ link register save eliminated.
 108              	.L9:
 117:Src/stm32f4xx_it.c ****   /* USER CODE BEGIN BusFault_IRQn 0 */
 118:Src/stm32f4xx_it.c **** 
 119:Src/stm32f4xx_it.c ****   /* USER CODE END BusFault_IRQn 0 */
 120:Src/stm32f4xx_it.c ****   while (1)
 109              		.loc 1 120 3 discriminator 1 view .LVU13
 121:Src/stm32f4xx_it.c ****   {
 122:Src/stm32f4xx_it.c ****     /* USER CODE BEGIN W1_BusFault_IRQn 0 */
 123:Src/stm32f4xx_it.c ****     /* USER CODE END W1_BusFault_IRQn 0 */
ARM GAS  C:\Users\pw705\AppData\Local\Temp\ccnCMQtn.s 			page 5


 124:Src/stm32f4xx_it.c ****   }
 110              		.loc 1 124 3 discriminator 1 view .LVU14
 120:Src/stm32f4xx_it.c ****   {
 111              		.loc 1 120 9 discriminator 1 view .LVU15
 112 0000 FEE7     		b	.L9
 113              		.cfi_endproc
 114              	.LFE133:
 116 0002 00BF     		.section	.text.UsageFault_Handler,"ax",%progbits
 117              		.align	1
 118              		.p2align 2,,3
 119              		.global	UsageFault_Handler
 120              		.syntax unified
 121              		.thumb
 122              		.thumb_func
 124              	UsageFault_Handler:
 125              	.LFB134:
 125:Src/stm32f4xx_it.c **** }
 126:Src/stm32f4xx_it.c **** 
 127:Src/stm32f4xx_it.c **** /**
 128:Src/stm32f4xx_it.c ****   * @brief This function handles Undefined instruction or illegal state.
 129:Src/stm32f4xx_it.c ****   */
 130:Src/stm32f4xx_it.c **** void UsageFault_Handler(void)
 131:Src/stm32f4xx_it.c **** {
 126              		.loc 1 131 1 view -0
 127              		.cfi_startproc
 128              		@ Volatile: function does not return.
 129              		@ args = 0, pretend = 0, frame = 0
 130              		@ frame_needed = 0, uses_anonymous_args = 0
 131              		@ link register save eliminated.
 132              	.L11:
 132:Src/stm32f4xx_it.c ****   /* USER CODE BEGIN UsageFault_IRQn 0 */
 133:Src/stm32f4xx_it.c **** 
 134:Src/stm32f4xx_it.c ****   /* USER CODE END UsageFault_IRQn 0 */
 135:Src/stm32f4xx_it.c ****   while (1)
 133              		.loc 1 135 3 discriminator 1 view .LVU17
 136:Src/stm32f4xx_it.c ****   {
 137:Src/stm32f4xx_it.c ****     /* USER CODE BEGIN W1_UsageFault_IRQn 0 */
 138:Src/stm32f4xx_it.c ****     /* USER CODE END W1_UsageFault_IRQn 0 */
 139:Src/stm32f4xx_it.c ****   }
 134              		.loc 1 139 3 discriminator 1 view .LVU18
 135:Src/stm32f4xx_it.c ****   {
 135              		.loc 1 135 9 discriminator 1 view .LVU19
 136 0000 FEE7     		b	.L11
 137              		.cfi_endproc
 138              	.LFE134:
 140 0002 00BF     		.section	.text.SVC_Handler,"ax",%progbits
 141              		.align	1
 142              		.p2align 2,,3
 143              		.global	SVC_Handler
 144              		.syntax unified
 145              		.thumb
 146              		.thumb_func
 148              	SVC_Handler:
 149              	.LFB135:
 140:Src/stm32f4xx_it.c **** }
 141:Src/stm32f4xx_it.c **** 
 142:Src/stm32f4xx_it.c **** /**
ARM GAS  C:\Users\pw705\AppData\Local\Temp\ccnCMQtn.s 			page 6


 143:Src/stm32f4xx_it.c ****   * @brief This function handles System service call via SWI instruction.
 144:Src/stm32f4xx_it.c ****   */
 145:Src/stm32f4xx_it.c **** void SVC_Handler(void)
 146:Src/stm32f4xx_it.c **** {
 150              		.loc 1 146 1 view -0
 151              		.cfi_startproc
 152              		@ args = 0, pretend = 0, frame = 0
 153              		@ frame_needed = 0, uses_anonymous_args = 0
 154              		@ link register save eliminated.
 147:Src/stm32f4xx_it.c ****   /* USER CODE BEGIN SVCall_IRQn 0 */
 148:Src/stm32f4xx_it.c **** 
 149:Src/stm32f4xx_it.c ****   /* USER CODE END SVCall_IRQn 0 */
 150:Src/stm32f4xx_it.c ****   /* USER CODE BEGIN SVCall_IRQn 1 */
 151:Src/stm32f4xx_it.c **** 
 152:Src/stm32f4xx_it.c ****   /* USER CODE END SVCall_IRQn 1 */
 153:Src/stm32f4xx_it.c **** }
 155              		.loc 1 153 1 view .LVU21
 156 0000 7047     		bx	lr
 157              		.cfi_endproc
 158              	.LFE135:
 160 0002 00BF     		.section	.text.DebugMon_Handler,"ax",%progbits
 161              		.align	1
 162              		.p2align 2,,3
 163              		.global	DebugMon_Handler
 164              		.syntax unified
 165              		.thumb
 166              		.thumb_func
 168              	DebugMon_Handler:
 169              	.LFB142:
 170              		.cfi_startproc
 154:Src/stm32f4xx_it.c **** 
 155:Src/stm32f4xx_it.c **** /**
 156:Src/stm32f4xx_it.c ****   * @brief This function handles Debug monitor.
 157:Src/stm32f4xx_it.c ****   */
 158:Src/stm32f4xx_it.c **** void DebugMon_Handler(void)
 171              		.loc 1 158 6 view -0
 172              		@ args = 0, pretend = 0, frame = 0
 173              		@ frame_needed = 0, uses_anonymous_args = 0
 174              		@ link register save eliminated.
 175 0000 7047     		bx	lr
 176              		.cfi_endproc
 177              	.LFE142:
 179 0002 00BF     		.section	.text.PendSV_Handler,"ax",%progbits
 180              		.align	1
 181              		.p2align 2,,3
 182              		.global	PendSV_Handler
 183              		.syntax unified
 184              		.thumb
 185              		.thumb_func
 187              	PendSV_Handler:
 188              	.LFB144:
 189              		.cfi_startproc
 159:Src/stm32f4xx_it.c **** {
 160:Src/stm32f4xx_it.c ****   /* USER CODE BEGIN DebugMonitor_IRQn 0 */
 161:Src/stm32f4xx_it.c **** 
 162:Src/stm32f4xx_it.c ****   /* USER CODE END DebugMonitor_IRQn 0 */
 163:Src/stm32f4xx_it.c ****   /* USER CODE BEGIN DebugMonitor_IRQn 1 */
ARM GAS  C:\Users\pw705\AppData\Local\Temp\ccnCMQtn.s 			page 7


 164:Src/stm32f4xx_it.c **** 
 165:Src/stm32f4xx_it.c ****   /* USER CODE END DebugMonitor_IRQn 1 */
 166:Src/stm32f4xx_it.c **** }
 167:Src/stm32f4xx_it.c **** 
 168:Src/stm32f4xx_it.c **** /**
 169:Src/stm32f4xx_it.c ****   * @brief This function handles Pendable request for system service.
 170:Src/stm32f4xx_it.c ****   */
 171:Src/stm32f4xx_it.c **** void PendSV_Handler(void)
 190              		.loc 1 171 6 view -0
 191              		@ args = 0, pretend = 0, frame = 0
 192              		@ frame_needed = 0, uses_anonymous_args = 0
 193              		@ link register save eliminated.
 194 0000 7047     		bx	lr
 195              		.cfi_endproc
 196              	.LFE144:
 198 0002 00BF     		.section	.text.SysTick_Handler,"ax",%progbits
 199              		.align	1
 200              		.p2align 2,,3
 201              		.global	SysTick_Handler
 202              		.syntax unified
 203              		.thumb
 204              		.thumb_func
 206              	SysTick_Handler:
 207              	.LFB138:
 172:Src/stm32f4xx_it.c **** {
 173:Src/stm32f4xx_it.c ****   /* USER CODE BEGIN PendSV_IRQn 0 */
 174:Src/stm32f4xx_it.c **** 
 175:Src/stm32f4xx_it.c ****   /* USER CODE END PendSV_IRQn 0 */
 176:Src/stm32f4xx_it.c ****   /* USER CODE BEGIN PendSV_IRQn 1 */
 177:Src/stm32f4xx_it.c **** 
 178:Src/stm32f4xx_it.c ****   /* USER CODE END PendSV_IRQn 1 */
 179:Src/stm32f4xx_it.c **** }
 180:Src/stm32f4xx_it.c **** 
 181:Src/stm32f4xx_it.c **** /**
 182:Src/stm32f4xx_it.c ****   * @brief This function handles System tick timer.
 183:Src/stm32f4xx_it.c ****   */
 184:Src/stm32f4xx_it.c **** void SysTick_Handler(void)
 185:Src/stm32f4xx_it.c **** {
 208              		.loc 1 185 1 view -0
 209              		.cfi_startproc
 210              		@ args = 0, pretend = 0, frame = 0
 211              		@ frame_needed = 0, uses_anonymous_args = 0
 212              		@ link register save eliminated.
 186:Src/stm32f4xx_it.c ****   /* USER CODE BEGIN SysTick_IRQn 0 */
 187:Src/stm32f4xx_it.c **** 
 188:Src/stm32f4xx_it.c ****   /* USER CODE END SysTick_IRQn 0 */
 189:Src/stm32f4xx_it.c ****   HAL_IncTick();
 213              		.loc 1 189 3 view .LVU25
 214 0000 FFF7FEBF 		b	HAL_IncTick
 215              	.LVL0:
 216              		.cfi_endproc
 217              	.LFE138:
 219              		.section	.text.SDIO_IRQHandler,"ax",%progbits
 220              		.align	1
 221              		.p2align 2,,3
 222              		.global	SDIO_IRQHandler
 223              		.syntax unified
ARM GAS  C:\Users\pw705\AppData\Local\Temp\ccnCMQtn.s 			page 8


 224              		.thumb
 225              		.thumb_func
 227              	SDIO_IRQHandler:
 228              	.LFB139:
 190:Src/stm32f4xx_it.c ****   /* USER CODE BEGIN SysTick_IRQn 1 */
 191:Src/stm32f4xx_it.c **** 
 192:Src/stm32f4xx_it.c ****   /* USER CODE END SysTick_IRQn 1 */
 193:Src/stm32f4xx_it.c **** }
 194:Src/stm32f4xx_it.c **** 
 195:Src/stm32f4xx_it.c **** /******************************************************************************/
 196:Src/stm32f4xx_it.c **** /* STM32F4xx Peripheral Interrupt Handlers                                    */
 197:Src/stm32f4xx_it.c **** /* Add here the Interrupt Handlers for the used peripherals.                  */
 198:Src/stm32f4xx_it.c **** /* For the available peripheral interrupt handler names,                      */
 199:Src/stm32f4xx_it.c **** /* please refer to the startup file (startup_stm32f4xx.s).                    */
 200:Src/stm32f4xx_it.c **** /******************************************************************************/
 201:Src/stm32f4xx_it.c **** 
 202:Src/stm32f4xx_it.c **** /**
 203:Src/stm32f4xx_it.c ****   * @brief This function handles SDIO global interrupt.
 204:Src/stm32f4xx_it.c ****   */
 205:Src/stm32f4xx_it.c **** void SDIO_IRQHandler(void)
 206:Src/stm32f4xx_it.c **** {
 229              		.loc 1 206 1 view -0
 230              		.cfi_startproc
 231              		@ args = 0, pretend = 0, frame = 0
 232              		@ frame_needed = 0, uses_anonymous_args = 0
 233              		@ link register save eliminated.
 207:Src/stm32f4xx_it.c ****   /* USER CODE BEGIN SDIO_IRQn 0 */
 208:Src/stm32f4xx_it.c **** 
 209:Src/stm32f4xx_it.c ****   /* USER CODE END SDIO_IRQn 0 */
 210:Src/stm32f4xx_it.c ****   HAL_SD_IRQHandler(&hsd);
 234              		.loc 1 210 3 view .LVU27
 235 0000 0148     		ldr	r0, .L17
 236 0002 FFF7FEBF 		b	HAL_SD_IRQHandler
 237              	.LVL1:
 238              	.L18:
 239 0006 00BF     		.align	2
 240              	.L17:
 241 0008 00000000 		.word	hsd
 242              		.cfi_endproc
 243              	.LFE139:
 245              		.section	.text.USART6_IRQHandler,"ax",%progbits
 246              		.align	1
 247              		.p2align 2,,3
 248              		.global	USART6_IRQHandler
 249              		.syntax unified
 250              		.thumb
 251              		.thumb_func
 253              	USART6_IRQHandler:
 254              	.LFB140:
 211:Src/stm32f4xx_it.c ****   /* USER CODE BEGIN SDIO_IRQn 1 */
 212:Src/stm32f4xx_it.c **** 
 213:Src/stm32f4xx_it.c ****   /* USER CODE END SDIO_IRQn 1 */
 214:Src/stm32f4xx_it.c **** }
 215:Src/stm32f4xx_it.c **** 
 216:Src/stm32f4xx_it.c **** /**
 217:Src/stm32f4xx_it.c ****   * @brief This function handles USART6 global interrupt.
 218:Src/stm32f4xx_it.c ****   */
ARM GAS  C:\Users\pw705\AppData\Local\Temp\ccnCMQtn.s 			page 9


 219:Src/stm32f4xx_it.c **** void USART6_IRQHandler(void)
 220:Src/stm32f4xx_it.c **** {
 255              		.loc 1 220 1 view -0
 256              		.cfi_startproc
 257              		@ args = 0, pretend = 0, frame = 0
 258              		@ frame_needed = 0, uses_anonymous_args = 0
 259              		@ link register save eliminated.
 221:Src/stm32f4xx_it.c ****   /* USER CODE BEGIN USART6_IRQn 0 */
 222:Src/stm32f4xx_it.c **** 
 223:Src/stm32f4xx_it.c ****   /* USER CODE END USART6_IRQn 0 */
 224:Src/stm32f4xx_it.c ****   HAL_UART_IRQHandler(&huart6);
 260              		.loc 1 224 3 view .LVU29
 261 0000 0148     		ldr	r0, .L20
 262 0002 FFF7FEBF 		b	HAL_UART_IRQHandler
 263              	.LVL2:
 264              	.L21:
 265 0006 00BF     		.align	2
 266              	.L20:
 267 0008 00000000 		.word	huart6
 268              		.cfi_endproc
 269              	.LFE140:
 271              		.text
 272              	.Letext0:
 273              		.file 2 "c:\\users\\pw705\\appdata\\roaming\\code\\user\\globalstorage\\bmd.stm32-for-vscode\\@xpa
 274              		.file 3 "c:\\users\\pw705\\appdata\\roaming\\code\\user\\globalstorage\\bmd.stm32-for-vscode\\@xpa
 275              		.file 4 "Drivers/CMSIS/Device/ST/STM32F4xx/Include/stm32f427xx.h"
 276              		.file 5 "Drivers/STM32F4xx_HAL_Driver/Inc/stm32f4xx_hal_def.h"
 277              		.file 6 "Drivers/STM32F4xx_HAL_Driver/Inc/stm32f4xx_hal_dma.h"
 278              		.file 7 "Drivers/STM32F4xx_HAL_Driver/Inc/stm32f4xx_ll_sdmmc.h"
 279              		.file 8 "Drivers/STM32F4xx_HAL_Driver/Inc/stm32f4xx_hal_sd.h"
 280              		.file 9 "Drivers/STM32F4xx_HAL_Driver/Inc/stm32f4xx_hal_uart.h"
 281              		.file 10 "Drivers/STM32F4xx_HAL_Driver/Inc/stm32f4xx_hal.h"
ARM GAS  C:\Users\pw705\AppData\Local\Temp\ccnCMQtn.s 			page 10


DEFINED SYMBOLS
                            *ABS*:00000000 stm32f4xx_it.c
C:\Users\pw705\AppData\Local\Temp\ccnCMQtn.s:21     .text.NMI_Handler:00000000 $t
C:\Users\pw705\AppData\Local\Temp\ccnCMQtn.s:28     .text.NMI_Handler:00000000 NMI_Handler
C:\Users\pw705\AppData\Local\Temp\ccnCMQtn.s:45     .text.HardFault_Handler:00000000 $t
C:\Users\pw705\AppData\Local\Temp\ccnCMQtn.s:52     .text.HardFault_Handler:00000000 HardFault_Handler
C:\Users\pw705\AppData\Local\Temp\ccnCMQtn.s:69     .text.MemManage_Handler:00000000 $t
C:\Users\pw705\AppData\Local\Temp\ccnCMQtn.s:76     .text.MemManage_Handler:00000000 MemManage_Handler
C:\Users\pw705\AppData\Local\Temp\ccnCMQtn.s:93     .text.BusFault_Handler:00000000 $t
C:\Users\pw705\AppData\Local\Temp\ccnCMQtn.s:100    .text.BusFault_Handler:00000000 BusFault_Handler
C:\Users\pw705\AppData\Local\Temp\ccnCMQtn.s:117    .text.UsageFault_Handler:00000000 $t
C:\Users\pw705\AppData\Local\Temp\ccnCMQtn.s:124    .text.UsageFault_Handler:00000000 UsageFault_Handler
C:\Users\pw705\AppData\Local\Temp\ccnCMQtn.s:141    .text.SVC_Handler:00000000 $t
C:\Users\pw705\AppData\Local\Temp\ccnCMQtn.s:148    .text.SVC_Handler:00000000 SVC_Handler
C:\Users\pw705\AppData\Local\Temp\ccnCMQtn.s:161    .text.DebugMon_Handler:00000000 $t
C:\Users\pw705\AppData\Local\Temp\ccnCMQtn.s:168    .text.DebugMon_Handler:00000000 DebugMon_Handler
C:\Users\pw705\AppData\Local\Temp\ccnCMQtn.s:180    .text.PendSV_Handler:00000000 $t
C:\Users\pw705\AppData\Local\Temp\ccnCMQtn.s:187    .text.PendSV_Handler:00000000 PendSV_Handler
C:\Users\pw705\AppData\Local\Temp\ccnCMQtn.s:199    .text.SysTick_Handler:00000000 $t
C:\Users\pw705\AppData\Local\Temp\ccnCMQtn.s:206    .text.SysTick_Handler:00000000 SysTick_Handler
C:\Users\pw705\AppData\Local\Temp\ccnCMQtn.s:220    .text.SDIO_IRQHandler:00000000 $t
C:\Users\pw705\AppData\Local\Temp\ccnCMQtn.s:227    .text.SDIO_IRQHandler:00000000 SDIO_IRQHandler
C:\Users\pw705\AppData\Local\Temp\ccnCMQtn.s:241    .text.SDIO_IRQHandler:00000008 $d
C:\Users\pw705\AppData\Local\Temp\ccnCMQtn.s:246    .text.USART6_IRQHandler:00000000 $t
C:\Users\pw705\AppData\Local\Temp\ccnCMQtn.s:253    .text.USART6_IRQHandler:00000000 USART6_IRQHandler
C:\Users\pw705\AppData\Local\Temp\ccnCMQtn.s:267    .text.USART6_IRQHandler:00000008 $d

UNDEFINED SYMBOLS
HAL_IncTick
HAL_SD_IRQHandler
hsd
HAL_UART_IRQHandler
huart6
