ARM GAS  C:\Users\pw705\AppData\Local\Temp\cc4pJV4e.s 			page 1


   1              		.cpu cortex-m4
   2              		.arch armv7e-m
   3              		.fpu fpv4-sp-d16
   4              		.eabi_attribute 27, 1
   5              		.eabi_attribute 28, 1
   6              		.eabi_attribute 20, 1
   7              		.eabi_attribute 21, 1
   8              		.eabi_attribute 23, 3
   9              		.eabi_attribute 24, 1
  10              		.eabi_attribute 25, 1
  11              		.eabi_attribute 26, 1
  12              		.eabi_attribute 30, 2
  13              		.eabi_attribute 34, 1
  14              		.eabi_attribute 18, 4
  15              		.file	"stm32f4xx_hal_msp.c"
  16              		.text
  17              	.Ltext0:
  18              		.cfi_sections	.debug_frame
  19              		.file 1 "Src/stm32f4xx_hal_msp.c"
  20              		.section	.text.HAL_MspInit,"ax",%progbits
  21              		.align	1
  22              		.p2align 2,,3
  23              		.global	HAL_MspInit
  24              		.syntax unified
  25              		.thumb
  26              		.thumb_func
  28              	HAL_MspInit:
  29              	.LFB130:
   1:Src/stm32f4xx_hal_msp.c **** /* USER CODE BEGIN Header */
   2:Src/stm32f4xx_hal_msp.c **** /**
   3:Src/stm32f4xx_hal_msp.c ****   ******************************************************************************
   4:Src/stm32f4xx_hal_msp.c ****   * @file         stm32f4xx_hal_msp.c
   5:Src/stm32f4xx_hal_msp.c ****   * @brief        This file provides code for the MSP Initialization
   6:Src/stm32f4xx_hal_msp.c ****   *               and de-Initialization codes.
   7:Src/stm32f4xx_hal_msp.c ****   ******************************************************************************
   8:Src/stm32f4xx_hal_msp.c ****   * @attention
   9:Src/stm32f4xx_hal_msp.c ****   *
  10:Src/stm32f4xx_hal_msp.c ****   * Copyright (c) 2024 STMicroelectronics.
  11:Src/stm32f4xx_hal_msp.c ****   * All rights reserved.
  12:Src/stm32f4xx_hal_msp.c ****   *
  13:Src/stm32f4xx_hal_msp.c ****   * This software is licensed under terms that can be found in the LICENSE file
  14:Src/stm32f4xx_hal_msp.c ****   * in the root directory of this software component.
  15:Src/stm32f4xx_hal_msp.c ****   * If no LICENSE file comes with this software, it is provided AS-IS.
  16:Src/stm32f4xx_hal_msp.c ****   *
  17:Src/stm32f4xx_hal_msp.c ****   ******************************************************************************
  18:Src/stm32f4xx_hal_msp.c ****   */
  19:Src/stm32f4xx_hal_msp.c **** /* USER CODE END Header */
  20:Src/stm32f4xx_hal_msp.c **** 
  21:Src/stm32f4xx_hal_msp.c **** /* Includes ------------------------------------------------------------------*/
  22:Src/stm32f4xx_hal_msp.c **** #include "main.h"
  23:Src/stm32f4xx_hal_msp.c **** 
  24:Src/stm32f4xx_hal_msp.c **** /* USER CODE BEGIN Includes */
  25:Src/stm32f4xx_hal_msp.c **** 
  26:Src/stm32f4xx_hal_msp.c **** /* USER CODE END Includes */
  27:Src/stm32f4xx_hal_msp.c **** 
  28:Src/stm32f4xx_hal_msp.c **** /* Private typedef -----------------------------------------------------------*/
  29:Src/stm32f4xx_hal_msp.c **** /* USER CODE BEGIN TD */
ARM GAS  C:\Users\pw705\AppData\Local\Temp\cc4pJV4e.s 			page 2


  30:Src/stm32f4xx_hal_msp.c **** 
  31:Src/stm32f4xx_hal_msp.c **** /* USER CODE END TD */
  32:Src/stm32f4xx_hal_msp.c **** 
  33:Src/stm32f4xx_hal_msp.c **** /* Private define ------------------------------------------------------------*/
  34:Src/stm32f4xx_hal_msp.c **** /* USER CODE BEGIN Define */
  35:Src/stm32f4xx_hal_msp.c **** 
  36:Src/stm32f4xx_hal_msp.c **** /* USER CODE END Define */
  37:Src/stm32f4xx_hal_msp.c **** 
  38:Src/stm32f4xx_hal_msp.c **** /* Private macro -------------------------------------------------------------*/
  39:Src/stm32f4xx_hal_msp.c **** /* USER CODE BEGIN Macro */
  40:Src/stm32f4xx_hal_msp.c **** 
  41:Src/stm32f4xx_hal_msp.c **** /* USER CODE END Macro */
  42:Src/stm32f4xx_hal_msp.c **** 
  43:Src/stm32f4xx_hal_msp.c **** /* Private variables ---------------------------------------------------------*/
  44:Src/stm32f4xx_hal_msp.c **** /* USER CODE BEGIN PV */
  45:Src/stm32f4xx_hal_msp.c **** 
  46:Src/stm32f4xx_hal_msp.c **** /* USER CODE END PV */
  47:Src/stm32f4xx_hal_msp.c **** 
  48:Src/stm32f4xx_hal_msp.c **** /* Private function prototypes -----------------------------------------------*/
  49:Src/stm32f4xx_hal_msp.c **** /* USER CODE BEGIN PFP */
  50:Src/stm32f4xx_hal_msp.c **** 
  51:Src/stm32f4xx_hal_msp.c **** /* USER CODE END PFP */
  52:Src/stm32f4xx_hal_msp.c **** 
  53:Src/stm32f4xx_hal_msp.c **** /* External functions --------------------------------------------------------*/
  54:Src/stm32f4xx_hal_msp.c **** /* USER CODE BEGIN ExternalFunctions */
  55:Src/stm32f4xx_hal_msp.c **** 
  56:Src/stm32f4xx_hal_msp.c **** /* USER CODE END ExternalFunctions */
  57:Src/stm32f4xx_hal_msp.c **** 
  58:Src/stm32f4xx_hal_msp.c **** /* USER CODE BEGIN 0 */
  59:Src/stm32f4xx_hal_msp.c **** 
  60:Src/stm32f4xx_hal_msp.c **** /* USER CODE END 0 */
  61:Src/stm32f4xx_hal_msp.c **** /**
  62:Src/stm32f4xx_hal_msp.c ****   * Initializes the Global MSP.
  63:Src/stm32f4xx_hal_msp.c ****   */
  64:Src/stm32f4xx_hal_msp.c **** void HAL_MspInit(void)
  65:Src/stm32f4xx_hal_msp.c **** {
  30              		.loc 1 65 1 view -0
  31              		.cfi_startproc
  32              		@ args = 0, pretend = 0, frame = 8
  33              		@ frame_needed = 0, uses_anonymous_args = 0
  34              		@ link register save eliminated.
  66:Src/stm32f4xx_hal_msp.c ****   /* USER CODE BEGIN MspInit 0 */
  67:Src/stm32f4xx_hal_msp.c **** 
  68:Src/stm32f4xx_hal_msp.c ****   /* USER CODE END MspInit 0 */
  69:Src/stm32f4xx_hal_msp.c **** 
  70:Src/stm32f4xx_hal_msp.c ****   __HAL_RCC_SYSCFG_CLK_ENABLE();
  35              		.loc 1 70 3 view .LVU1
  36              	.LBB2:
  37              		.loc 1 70 3 view .LVU2
  38              	.LBE2:
  65:Src/stm32f4xx_hal_msp.c ****   /* USER CODE BEGIN MspInit 0 */
  39              		.loc 1 65 1 is_stmt 0 view .LVU3
  40 0000 82B0     		sub	sp, sp, #8
  41              		.cfi_def_cfa_offset 8
  42              	.LBB3:
  43              		.loc 1 70 3 view .LVU4
  44 0002 0C4B     		ldr	r3, .L4
ARM GAS  C:\Users\pw705\AppData\Local\Temp\cc4pJV4e.s 			page 3


  45 0004 0021     		movs	r1, #0
  46 0006 0091     		str	r1, [sp]
  47              		.loc 1 70 3 is_stmt 1 view .LVU5
  48 0008 5A6C     		ldr	r2, [r3, #68]
  49 000a 42F48042 		orr	r2, r2, #16384
  50 000e 5A64     		str	r2, [r3, #68]
  51              		.loc 1 70 3 view .LVU6
  52 0010 5A6C     		ldr	r2, [r3, #68]
  53 0012 02F48042 		and	r2, r2, #16384
  54 0016 0092     		str	r2, [sp]
  55              		.loc 1 70 3 view .LVU7
  56 0018 009A     		ldr	r2, [sp]
  57              	.LBE3:
  58              		.loc 1 70 3 view .LVU8
  71:Src/stm32f4xx_hal_msp.c ****   __HAL_RCC_PWR_CLK_ENABLE();
  59              		.loc 1 71 3 view .LVU9
  60              	.LBB4:
  61              		.loc 1 71 3 view .LVU10
  62 001a 0191     		str	r1, [sp, #4]
  63              		.loc 1 71 3 view .LVU11
  64 001c 1A6C     		ldr	r2, [r3, #64]
  65 001e 42F08052 		orr	r2, r2, #268435456
  66 0022 1A64     		str	r2, [r3, #64]
  67              		.loc 1 71 3 view .LVU12
  68 0024 1B6C     		ldr	r3, [r3, #64]
  69 0026 03F08053 		and	r3, r3, #268435456
  70 002a 0193     		str	r3, [sp, #4]
  71              		.loc 1 71 3 view .LVU13
  72 002c 019B     		ldr	r3, [sp, #4]
  73              	.LBE4:
  74              		.loc 1 71 3 view .LVU14
  72:Src/stm32f4xx_hal_msp.c **** 
  73:Src/stm32f4xx_hal_msp.c ****   /* System interrupt init*/
  74:Src/stm32f4xx_hal_msp.c **** 
  75:Src/stm32f4xx_hal_msp.c ****   /* USER CODE BEGIN MspInit 1 */
  76:Src/stm32f4xx_hal_msp.c **** 
  77:Src/stm32f4xx_hal_msp.c ****   /* USER CODE END MspInit 1 */
  78:Src/stm32f4xx_hal_msp.c **** }
  75              		.loc 1 78 1 is_stmt 0 view .LVU15
  76 002e 02B0     		add	sp, sp, #8
  77              		.cfi_def_cfa_offset 0
  78              		@ sp needed
  79 0030 7047     		bx	lr
  80              	.L5:
  81 0032 00BF     		.align	2
  82              	.L4:
  83 0034 00380240 		.word	1073887232
  84              		.cfi_endproc
  85              	.LFE130:
  87              		.text
  88              	.Letext0:
  89              		.file 2 "c:\\users\\pw705\\appdata\\roaming\\code\\user\\globalstorage\\bmd.stm32-for-vscode\\@xpa
  90              		.file 3 "c:\\users\\pw705\\appdata\\roaming\\code\\user\\globalstorage\\bmd.stm32-for-vscode\\@xpa
  91              		.file 4 "Drivers/CMSIS/Device/ST/STM32F4xx/Include/stm32f427xx.h"
ARM GAS  C:\Users\pw705\AppData\Local\Temp\cc4pJV4e.s 			page 4


DEFINED SYMBOLS
                            *ABS*:00000000 stm32f4xx_hal_msp.c
C:\Users\pw705\AppData\Local\Temp\cc4pJV4e.s:21     .text.HAL_MspInit:00000000 $t
C:\Users\pw705\AppData\Local\Temp\cc4pJV4e.s:28     .text.HAL_MspInit:00000000 HAL_MspInit
C:\Users\pw705\AppData\Local\Temp\cc4pJV4e.s:83     .text.HAL_MspInit:00000034 $d

NO UNDEFINED SYMBOLS
