ARM GAS  C:\Users\pw705\AppData\Local\Temp\ccOzLMl5.s 			page 1


   1              		.cpu cortex-m4
   2              		.arch armv7e-m
   3              		.fpu fpv4-sp-d16
   4              		.eabi_attribute 27, 1
   5              		.eabi_attribute 28, 1
   6              		.eabi_attribute 20, 1
   7              		.eabi_attribute 21, 1
   8              		.eabi_attribute 23, 3
   9              		.eabi_attribute 24, 1
  10              		.eabi_attribute 25, 1
  11              		.eabi_attribute 26, 1
  12              		.eabi_attribute 30, 2
  13              		.eabi_attribute 34, 1
  14              		.eabi_attribute 18, 4
  15              		.file	"usart.c"
  16              		.text
  17              	.Ltext0:
  18              		.cfi_sections	.debug_frame
  19              		.file 1 "Src/usart.c"
  20              		.section	.text.MX_USART1_UART_Init,"ax",%progbits
  21              		.align	1
  22              		.p2align 2,,3
  23              		.global	MX_USART1_UART_Init
  24              		.syntax unified
  25              		.thumb
  26              		.thumb_func
  28              	MX_USART1_UART_Init:
  29              	.LFB130:
   1:Src/usart.c   **** /* USER CODE BEGIN Header */
   2:Src/usart.c   **** /**
   3:Src/usart.c   ****   ******************************************************************************
   4:Src/usart.c   ****   * @file    usart.c
   5:Src/usart.c   ****   * @brief   This file provides code for the configuration
   6:Src/usart.c   ****   *          of the USART instances.
   7:Src/usart.c   ****   ******************************************************************************
   8:Src/usart.c   ****   * @attention
   9:Src/usart.c   ****   *
  10:Src/usart.c   ****   * Copyright (c) 2024 STMicroelectronics.
  11:Src/usart.c   ****   * All rights reserved.
  12:Src/usart.c   ****   *
  13:Src/usart.c   ****   * This software is licensed under terms that can be found in the LICENSE file
  14:Src/usart.c   ****   * in the root directory of this software component.
  15:Src/usart.c   ****   * If no LICENSE file comes with this software, it is provided AS-IS.
  16:Src/usart.c   ****   *
  17:Src/usart.c   ****   ******************************************************************************
  18:Src/usart.c   ****   */
  19:Src/usart.c   **** /* USER CODE END Header */
  20:Src/usart.c   **** /* Includes ------------------------------------------------------------------*/
  21:Src/usart.c   **** #include "usart.h"
  22:Src/usart.c   **** 
  23:Src/usart.c   **** /* USER CODE BEGIN 0 */
  24:Src/usart.c   **** 
  25:Src/usart.c   **** /* USER CODE END 0 */
  26:Src/usart.c   **** 
  27:Src/usart.c   **** UART_HandleTypeDef huart1;
  28:Src/usart.c   **** UART_HandleTypeDef huart6;
  29:Src/usart.c   **** DMA_HandleTypeDef hdma_usart1_rx;
ARM GAS  C:\Users\pw705\AppData\Local\Temp\ccOzLMl5.s 			page 2


  30:Src/usart.c   **** 
  31:Src/usart.c   **** /* USART1 init function */
  32:Src/usart.c   **** 
  33:Src/usart.c   **** void MX_USART1_UART_Init(void)
  34:Src/usart.c   **** {
  30              		.loc 1 34 1 view -0
  31              		.cfi_startproc
  32              		@ args = 0, pretend = 0, frame = 0
  33              		@ frame_needed = 0, uses_anonymous_args = 0
  35:Src/usart.c   **** 
  36:Src/usart.c   ****   /* USER CODE BEGIN USART1_Init 0 */
  37:Src/usart.c   **** 
  38:Src/usart.c   ****   /* USER CODE END USART1_Init 0 */
  39:Src/usart.c   **** 
  40:Src/usart.c   ****   /* USER CODE BEGIN USART1_Init 1 */
  41:Src/usart.c   **** 
  42:Src/usart.c   ****   /* USER CODE END USART1_Init 1 */
  43:Src/usart.c   ****   huart1.Instance = USART1;
  34              		.loc 1 43 3 view .LVU1
  35              		.loc 1 43 19 is_stmt 0 view .LVU2
  36 0000 0C48     		ldr	r0, .L6
  37 0002 0D49     		ldr	r1, .L6+4
  44:Src/usart.c   ****   huart1.Init.BaudRate = 100000;
  38              		.loc 1 44 24 view .LVU3
  39 0004 0D4A     		ldr	r2, .L6+8
  34:Src/usart.c   **** 
  40              		.loc 1 34 1 view .LVU4
  41 0006 10B5     		push	{r4, lr}
  42              		.cfi_def_cfa_offset 8
  43              		.cfi_offset 4, -8
  44              		.cfi_offset 14, -4
  45:Src/usart.c   ****   huart1.Init.WordLength = UART_WORDLENGTH_9B;
  46:Src/usart.c   ****   huart1.Init.StopBits = UART_STOPBITS_1;
  45              		.loc 1 46 24 view .LVU5
  46 0008 0023     		movs	r3, #0
  44:Src/usart.c   ****   huart1.Init.WordLength = UART_WORDLENGTH_9B;
  47              		.loc 1 44 24 view .LVU6
  48 000a C0E90012 		strd	r1, r2, [r0]
  45:Src/usart.c   ****   huart1.Init.WordLength = UART_WORDLENGTH_9B;
  49              		.loc 1 45 3 is_stmt 1 view .LVU7
  45:Src/usart.c   ****   huart1.Init.WordLength = UART_WORDLENGTH_9B;
  50              		.loc 1 45 26 is_stmt 0 view .LVU8
  51 000e 4FF48054 		mov	r4, #4096
  47:Src/usart.c   ****   huart1.Init.Parity = UART_PARITY_EVEN;
  52              		.loc 1 47 22 view .LVU9
  53 0012 4FF48061 		mov	r1, #1024
  48:Src/usart.c   ****   huart1.Init.Mode = UART_MODE_RX;
  54              		.loc 1 48 20 view .LVU10
  55 0016 0422     		movs	r2, #4
  46:Src/usart.c   ****   huart1.Init.Parity = UART_PARITY_EVEN;
  56              		.loc 1 46 24 view .LVU11
  57 0018 C0E90243 		strd	r4, r3, [r0, #8]
  47:Src/usart.c   ****   huart1.Init.Parity = UART_PARITY_EVEN;
  58              		.loc 1 47 3 is_stmt 1 view .LVU12
  47:Src/usart.c   ****   huart1.Init.Parity = UART_PARITY_EVEN;
  59              		.loc 1 47 22 is_stmt 0 view .LVU13
  60 001c 0161     		str	r1, [r0, #16]
ARM GAS  C:\Users\pw705\AppData\Local\Temp\ccOzLMl5.s 			page 3


  61              		.loc 1 48 3 is_stmt 1 view .LVU14
  49:Src/usart.c   ****   huart1.Init.HwFlowCtl = UART_HWCONTROL_NONE;
  62              		.loc 1 49 3 view .LVU15
  48:Src/usart.c   ****   huart1.Init.Mode = UART_MODE_RX;
  63              		.loc 1 48 20 is_stmt 0 view .LVU16
  64 001e 4261     		str	r2, [r0, #20]	@ unaligned
  65 0020 8361     		str	r3, [r0, #24]	@ unaligned
  50:Src/usart.c   ****   huart1.Init.OverSampling = UART_OVERSAMPLING_16;
  66              		.loc 1 50 3 is_stmt 1 view .LVU17
  67              		.loc 1 50 28 is_stmt 0 view .LVU18
  68 0022 C361     		str	r3, [r0, #28]
  51:Src/usart.c   ****   if (HAL_UART_Init(&huart1) != HAL_OK)
  69              		.loc 1 51 3 is_stmt 1 view .LVU19
  70              		.loc 1 51 7 is_stmt 0 view .LVU20
  71 0024 FFF7FEFF 		bl	HAL_UART_Init
  72              	.LVL0:
  73              		.loc 1 51 6 view .LVU21
  74 0028 00B9     		cbnz	r0, .L5
  52:Src/usart.c   ****   {
  53:Src/usart.c   ****     Error_Handler();
  54:Src/usart.c   ****   }
  55:Src/usart.c   ****   /* USER CODE BEGIN USART1_Init 2 */
  56:Src/usart.c   **** 
  57:Src/usart.c   ****   /* USER CODE END USART1_Init 2 */
  58:Src/usart.c   **** 
  59:Src/usart.c   **** }
  75              		.loc 1 59 1 view .LVU22
  76 002a 10BD     		pop	{r4, pc}
  77              	.L5:
  53:Src/usart.c   ****   }
  78              		.loc 1 53 5 is_stmt 1 view .LVU23
  79              		.loc 1 59 1 is_stmt 0 view .LVU24
  80 002c BDE81040 		pop	{r4, lr}
  81              		.cfi_restore 14
  82              		.cfi_restore 4
  83              		.cfi_def_cfa_offset 0
  53:Src/usart.c   ****   }
  84              		.loc 1 53 5 view .LVU25
  85 0030 FFF7FEBF 		b	Error_Handler
  86              	.LVL1:
  87              	.L7:
  88              		.align	2
  89              	.L6:
  90 0034 00000000 		.word	huart1
  91 0038 00100140 		.word	1073811456
  92 003c A0860100 		.word	100000
  93              		.cfi_endproc
  94              	.LFE130:
  96              		.section	.text.MX_USART6_UART_Init,"ax",%progbits
  97              		.align	1
  98              		.p2align 2,,3
  99              		.global	MX_USART6_UART_Init
 100              		.syntax unified
 101              		.thumb
 102              		.thumb_func
 104              	MX_USART6_UART_Init:
 105              	.LFB131:
ARM GAS  C:\Users\pw705\AppData\Local\Temp\ccOzLMl5.s 			page 4


  60:Src/usart.c   **** /* USART6 init function */
  61:Src/usart.c   **** 
  62:Src/usart.c   **** void MX_USART6_UART_Init(void)
  63:Src/usart.c   **** {
 106              		.loc 1 63 1 is_stmt 1 view -0
 107              		.cfi_startproc
 108              		@ args = 0, pretend = 0, frame = 0
 109              		@ frame_needed = 0, uses_anonymous_args = 0
  64:Src/usart.c   **** 
  65:Src/usart.c   ****   /* USER CODE BEGIN USART6_Init 0 */
  66:Src/usart.c   **** 
  67:Src/usart.c   ****   /* USER CODE END USART6_Init 0 */
  68:Src/usart.c   **** 
  69:Src/usart.c   ****   /* USER CODE BEGIN USART6_Init 1 */
  70:Src/usart.c   **** 
  71:Src/usart.c   ****   /* USER CODE END USART6_Init 1 */
  72:Src/usart.c   ****   huart6.Instance = USART6;
 110              		.loc 1 72 3 view .LVU27
  63:Src/usart.c   **** 
 111              		.loc 1 63 1 is_stmt 0 view .LVU28
 112 0000 10B5     		push	{r4, lr}
 113              		.cfi_def_cfa_offset 8
 114              		.cfi_offset 4, -8
 115              		.cfi_offset 14, -4
 116              		.loc 1 72 19 view .LVU29
 117 0002 0B48     		ldr	r0, .L12
 118 0004 0B4C     		ldr	r4, .L12+4
  73:Src/usart.c   ****   huart6.Init.BaudRate = 115200;
  74:Src/usart.c   ****   huart6.Init.WordLength = UART_WORDLENGTH_8B;
 119              		.loc 1 74 26 view .LVU30
 120 0006 0023     		movs	r3, #0
  73:Src/usart.c   ****   huart6.Init.BaudRate = 115200;
 121              		.loc 1 73 24 view .LVU31
 122 0008 4FF4E131 		mov	r1, #115200
  75:Src/usart.c   ****   huart6.Init.StopBits = UART_STOPBITS_1;
  76:Src/usart.c   ****   huart6.Init.Parity = UART_PARITY_NONE;
  77:Src/usart.c   ****   huart6.Init.Mode = UART_MODE_TX_RX;
 123              		.loc 1 77 20 view .LVU32
 124 000c 0C22     		movs	r2, #12
  73:Src/usart.c   ****   huart6.Init.BaudRate = 115200;
 125              		.loc 1 73 24 view .LVU33
 126 000e C0E90041 		strd	r4, r1, [r0]
  74:Src/usart.c   ****   huart6.Init.StopBits = UART_STOPBITS_1;
 127              		.loc 1 74 3 is_stmt 1 view .LVU34
  75:Src/usart.c   ****   huart6.Init.StopBits = UART_STOPBITS_1;
 128              		.loc 1 75 24 is_stmt 0 view .LVU35
 129 0012 C0E90233 		strd	r3, r3, [r0, #8]
  76:Src/usart.c   ****   huart6.Init.Mode = UART_MODE_TX_RX;
 130              		.loc 1 76 3 is_stmt 1 view .LVU36
  76:Src/usart.c   ****   huart6.Init.Mode = UART_MODE_TX_RX;
 131              		.loc 1 76 22 is_stmt 0 view .LVU37
 132 0016 0361     		str	r3, [r0, #16]
 133              		.loc 1 77 3 is_stmt 1 view .LVU38
  78:Src/usart.c   ****   huart6.Init.HwFlowCtl = UART_HWCONTROL_NONE;
 134              		.loc 1 78 3 view .LVU39
  77:Src/usart.c   ****   huart6.Init.HwFlowCtl = UART_HWCONTROL_NONE;
 135              		.loc 1 77 20 is_stmt 0 view .LVU40
ARM GAS  C:\Users\pw705\AppData\Local\Temp\ccOzLMl5.s 			page 5


 136 0018 4261     		str	r2, [r0, #20]	@ unaligned
 137 001a 8361     		str	r3, [r0, #24]	@ unaligned
  79:Src/usart.c   ****   huart6.Init.OverSampling = UART_OVERSAMPLING_16;
 138              		.loc 1 79 3 is_stmt 1 view .LVU41
 139              		.loc 1 79 28 is_stmt 0 view .LVU42
 140 001c C361     		str	r3, [r0, #28]
  80:Src/usart.c   ****   if (HAL_UART_Init(&huart6) != HAL_OK)
 141              		.loc 1 80 3 is_stmt 1 view .LVU43
 142              		.loc 1 80 7 is_stmt 0 view .LVU44
 143 001e FFF7FEFF 		bl	HAL_UART_Init
 144              	.LVL2:
 145              		.loc 1 80 6 view .LVU45
 146 0022 00B9     		cbnz	r0, .L11
  81:Src/usart.c   ****   {
  82:Src/usart.c   ****     Error_Handler();
  83:Src/usart.c   ****   }
  84:Src/usart.c   ****   /* USER CODE BEGIN USART6_Init 2 */
  85:Src/usart.c   **** 
  86:Src/usart.c   ****   /* USER CODE END USART6_Init 2 */
  87:Src/usart.c   **** 
  88:Src/usart.c   **** }
 147              		.loc 1 88 1 view .LVU46
 148 0024 10BD     		pop	{r4, pc}
 149              	.L11:
  82:Src/usart.c   ****   }
 150              		.loc 1 82 5 is_stmt 1 view .LVU47
 151              		.loc 1 88 1 is_stmt 0 view .LVU48
 152 0026 BDE81040 		pop	{r4, lr}
 153              		.cfi_restore 14
 154              		.cfi_restore 4
 155              		.cfi_def_cfa_offset 0
  82:Src/usart.c   ****   }
 156              		.loc 1 82 5 view .LVU49
 157 002a FFF7FEBF 		b	Error_Handler
 158              	.LVL3:
 159              	.L13:
 160 002e 00BF     		.align	2
 161              	.L12:
 162 0030 00000000 		.word	huart6
 163 0034 00140140 		.word	1073812480
 164              		.cfi_endproc
 165              	.LFE131:
 167              		.section	.text.HAL_UART_MspInit,"ax",%progbits
 168              		.align	1
 169              		.p2align 2,,3
 170              		.global	HAL_UART_MspInit
 171              		.syntax unified
 172              		.thumb
 173              		.thumb_func
 175              	HAL_UART_MspInit:
 176              	.LVL4:
 177              	.LFB132:
  89:Src/usart.c   **** 
  90:Src/usart.c   **** void HAL_UART_MspInit(UART_HandleTypeDef* uartHandle)
  91:Src/usart.c   **** {
 178              		.loc 1 91 1 is_stmt 1 view -0
 179              		.cfi_startproc
ARM GAS  C:\Users\pw705\AppData\Local\Temp\ccOzLMl5.s 			page 6


 180              		@ args = 0, pretend = 0, frame = 40
 181              		@ frame_needed = 0, uses_anonymous_args = 0
  92:Src/usart.c   **** 
  93:Src/usart.c   ****   GPIO_InitTypeDef GPIO_InitStruct = {0};
 182              		.loc 1 93 3 view .LVU51
  91:Src/usart.c   **** 
 183              		.loc 1 91 1 is_stmt 0 view .LVU52
 184 0000 70B5     		push	{r4, r5, r6, lr}
 185              		.cfi_def_cfa_offset 16
 186              		.cfi_offset 4, -16
 187              		.cfi_offset 5, -12
 188              		.cfi_offset 6, -8
 189              		.cfi_offset 14, -4
  94:Src/usart.c   ****   if(uartHandle->Instance==USART1)
 190              		.loc 1 94 16 view .LVU53
 191 0002 0368     		ldr	r3, [r0]
 192              		.loc 1 94 5 view .LVU54
 193 0004 424A     		ldr	r2, .L25
  91:Src/usart.c   **** 
 194              		.loc 1 91 1 view .LVU55
 195 0006 8AB0     		sub	sp, sp, #40
 196              		.cfi_def_cfa_offset 56
  93:Src/usart.c   ****   if(uartHandle->Instance==USART1)
 197              		.loc 1 93 20 view .LVU56
 198 0008 0024     		movs	r4, #0
 199              		.loc 1 94 5 view .LVU57
 200 000a 9342     		cmp	r3, r2
  93:Src/usart.c   ****   if(uartHandle->Instance==USART1)
 201              		.loc 1 93 20 view .LVU58
 202 000c CDE90444 		strd	r4, r4, [sp, #16]
 203 0010 CDE90644 		strd	r4, r4, [sp, #24]
 204 0014 0894     		str	r4, [sp, #32]
 205              		.loc 1 94 3 is_stmt 1 view .LVU59
 206              		.loc 1 94 5 is_stmt 0 view .LVU60
 207 0016 04D0     		beq	.L22
  95:Src/usart.c   ****   {
  96:Src/usart.c   ****   /* USER CODE BEGIN USART1_MspInit 0 */
  97:Src/usart.c   **** 
  98:Src/usart.c   ****   /* USER CODE END USART1_MspInit 0 */
  99:Src/usart.c   ****     /* USART1 clock enable */
 100:Src/usart.c   ****     __HAL_RCC_USART1_CLK_ENABLE();
 101:Src/usart.c   **** 
 102:Src/usart.c   ****     __HAL_RCC_GPIOB_CLK_ENABLE();
 103:Src/usart.c   ****     /**USART1 GPIO Configuration
 104:Src/usart.c   ****     PB7     ------> USART1_RX
 105:Src/usart.c   ****     PB6     ------> USART1_TX
 106:Src/usart.c   ****     */
 107:Src/usart.c   ****     GPIO_InitStruct.Pin = GPIO_PIN_7|GPIO_PIN_6;
 108:Src/usart.c   ****     GPIO_InitStruct.Mode = GPIO_MODE_AF_PP;
 109:Src/usart.c   ****     GPIO_InitStruct.Pull = GPIO_NOPULL;
 110:Src/usart.c   ****     GPIO_InitStruct.Speed = GPIO_SPEED_FREQ_VERY_HIGH;
 111:Src/usart.c   ****     GPIO_InitStruct.Alternate = GPIO_AF7_USART1;
 112:Src/usart.c   ****     HAL_GPIO_Init(GPIOB, &GPIO_InitStruct);
 113:Src/usart.c   **** 
 114:Src/usart.c   ****     /* USART1 DMA Init */
 115:Src/usart.c   ****     /* USART1_RX Init */
 116:Src/usart.c   ****     hdma_usart1_rx.Instance = DMA2_Stream2;
ARM GAS  C:\Users\pw705\AppData\Local\Temp\ccOzLMl5.s 			page 7


 117:Src/usart.c   ****     hdma_usart1_rx.Init.Channel = DMA_CHANNEL_4;
 118:Src/usart.c   ****     hdma_usart1_rx.Init.Direction = DMA_PERIPH_TO_MEMORY;
 119:Src/usart.c   ****     hdma_usart1_rx.Init.PeriphInc = DMA_PINC_DISABLE;
 120:Src/usart.c   ****     hdma_usart1_rx.Init.MemInc = DMA_MINC_ENABLE;
 121:Src/usart.c   ****     hdma_usart1_rx.Init.PeriphDataAlignment = DMA_PDATAALIGN_BYTE;
 122:Src/usart.c   ****     hdma_usart1_rx.Init.MemDataAlignment = DMA_MDATAALIGN_BYTE;
 123:Src/usart.c   ****     hdma_usart1_rx.Init.Mode = DMA_CIRCULAR;
 124:Src/usart.c   ****     hdma_usart1_rx.Init.Priority = DMA_PRIORITY_VERY_HIGH;
 125:Src/usart.c   ****     hdma_usart1_rx.Init.FIFOMode = DMA_FIFOMODE_DISABLE;
 126:Src/usart.c   ****     if (HAL_DMA_Init(&hdma_usart1_rx) != HAL_OK)
 127:Src/usart.c   ****     {
 128:Src/usart.c   ****       Error_Handler();
 129:Src/usart.c   ****     }
 130:Src/usart.c   **** 
 131:Src/usart.c   ****     __HAL_LINKDMA(uartHandle,hdmarx,hdma_usart1_rx);
 132:Src/usart.c   **** 
 133:Src/usart.c   ****     /* USART1 interrupt Init */
 134:Src/usart.c   ****     HAL_NVIC_SetPriority(USART1_IRQn, 0, 0);
 135:Src/usart.c   ****     HAL_NVIC_EnableIRQ(USART1_IRQn);
 136:Src/usart.c   ****   /* USER CODE BEGIN USART1_MspInit 1 */
 137:Src/usart.c   **** 
 138:Src/usart.c   ****   /* USER CODE END USART1_MspInit 1 */
 139:Src/usart.c   ****   }
 140:Src/usart.c   ****   else if(uartHandle->Instance==USART6)
 208              		.loc 1 140 8 is_stmt 1 view .LVU61
 209              		.loc 1 140 10 is_stmt 0 view .LVU62
 210 0018 3E4A     		ldr	r2, .L25+4
 211 001a 9342     		cmp	r3, r2
 212 001c 48D0     		beq	.L23
 141:Src/usart.c   ****   {
 142:Src/usart.c   ****   /* USER CODE BEGIN USART6_MspInit 0 */
 143:Src/usart.c   **** 
 144:Src/usart.c   ****   /* USER CODE END USART6_MspInit 0 */
 145:Src/usart.c   ****     /* USART6 clock enable */
 146:Src/usart.c   ****     __HAL_RCC_USART6_CLK_ENABLE();
 147:Src/usart.c   **** 
 148:Src/usart.c   ****     __HAL_RCC_GPIOG_CLK_ENABLE();
 149:Src/usart.c   ****     /**USART6 GPIO Configuration
 150:Src/usart.c   ****     PG14     ------> USART6_TX
 151:Src/usart.c   ****     PG9     ------> USART6_RX
 152:Src/usart.c   ****     */
 153:Src/usart.c   ****     GPIO_InitStruct.Pin = GPIO_PIN_14|GPIO_PIN_9;
 154:Src/usart.c   ****     GPIO_InitStruct.Mode = GPIO_MODE_AF_PP;
 155:Src/usart.c   ****     GPIO_InitStruct.Pull = GPIO_NOPULL;
 156:Src/usart.c   ****     GPIO_InitStruct.Speed = GPIO_SPEED_FREQ_VERY_HIGH;
 157:Src/usart.c   ****     GPIO_InitStruct.Alternate = GPIO_AF8_USART6;
 158:Src/usart.c   ****     HAL_GPIO_Init(GPIOG, &GPIO_InitStruct);
 159:Src/usart.c   **** 
 160:Src/usart.c   ****     /* USART6 interrupt Init */
 161:Src/usart.c   ****     HAL_NVIC_SetPriority(USART6_IRQn, 0, 0);
 162:Src/usart.c   ****     HAL_NVIC_EnableIRQ(USART6_IRQn);
 163:Src/usart.c   ****   /* USER CODE BEGIN USART6_MspInit 1 */
 164:Src/usart.c   **** 
 165:Src/usart.c   ****   /* USER CODE END USART6_MspInit 1 */
 166:Src/usart.c   ****   }
 167:Src/usart.c   **** }
 213              		.loc 1 167 1 view .LVU63
ARM GAS  C:\Users\pw705\AppData\Local\Temp\ccOzLMl5.s 			page 8


 214 001e 0AB0     		add	sp, sp, #40
 215              		.cfi_remember_state
 216              		.cfi_def_cfa_offset 16
 217              		@ sp needed
 218 0020 70BD     		pop	{r4, r5, r6, pc}
 219              	.L22:
 220              		.cfi_restore_state
 100:Src/usart.c   **** 
 221              		.loc 1 100 5 is_stmt 1 view .LVU64
 222              	.LBB2:
 100:Src/usart.c   **** 
 223              		.loc 1 100 5 view .LVU65
 224 0022 3D4B     		ldr	r3, .L25+8
 225 0024 0094     		str	r4, [sp]
 100:Src/usart.c   **** 
 226              		.loc 1 100 5 view .LVU66
 227 0026 5A6C     		ldr	r2, [r3, #68]
 228              	.LBE2:
 116:Src/usart.c   ****     hdma_usart1_rx.Init.Channel = DMA_CHANNEL_4;
 229              		.loc 1 116 29 is_stmt 0 view .LVU67
 230 0028 3C4E     		ldr	r6, .L25+12
 231              	.LBB3:
 100:Src/usart.c   **** 
 232              		.loc 1 100 5 view .LVU68
 233 002a 42F01002 		orr	r2, r2, #16
 234 002e 5A64     		str	r2, [r3, #68]
 100:Src/usart.c   **** 
 235              		.loc 1 100 5 is_stmt 1 view .LVU69
 236 0030 5A6C     		ldr	r2, [r3, #68]
 237 0032 02F01002 		and	r2, r2, #16
 238 0036 0092     		str	r2, [sp]
 100:Src/usart.c   **** 
 239              		.loc 1 100 5 view .LVU70
 240 0038 009A     		ldr	r2, [sp]
 241              	.LBE3:
 100:Src/usart.c   **** 
 242              		.loc 1 100 5 view .LVU71
 102:Src/usart.c   ****     /**USART1 GPIO Configuration
 243              		.loc 1 102 5 view .LVU72
 244              	.LBB4:
 102:Src/usart.c   ****     /**USART1 GPIO Configuration
 245              		.loc 1 102 5 view .LVU73
 246 003a 0194     		str	r4, [sp, #4]
 102:Src/usart.c   ****     /**USART1 GPIO Configuration
 247              		.loc 1 102 5 view .LVU74
 248 003c 1A6B     		ldr	r2, [r3, #48]
 249 003e 42F00202 		orr	r2, r2, #2
 250 0042 1A63     		str	r2, [r3, #48]
 102:Src/usart.c   ****     /**USART1 GPIO Configuration
 251              		.loc 1 102 5 view .LVU75
 252 0044 1B6B     		ldr	r3, [r3, #48]
 253 0046 03F00203 		and	r3, r3, #2
 254 004a 0193     		str	r3, [sp, #4]
 102:Src/usart.c   ****     /**USART1 GPIO Configuration
 255              		.loc 1 102 5 view .LVU76
 256              	.LBE4:
 107:Src/usart.c   ****     GPIO_InitStruct.Mode = GPIO_MODE_AF_PP;
ARM GAS  C:\Users\pw705\AppData\Local\Temp\ccOzLMl5.s 			page 9


 257              		.loc 1 107 25 is_stmt 0 view .LVU77
 258 004c C022     		movs	r2, #192
 259 004e 0223     		movs	r3, #2
 260 0050 CDE90423 		strd	r2, [sp, #16]
 110:Src/usart.c   ****     GPIO_InitStruct.Alternate = GPIO_AF7_USART1;
 261              		.loc 1 110 27 view .LVU78
 262 0054 0323     		movs	r3, #3
 263 0056 0793     		str	r3, [sp, #28]	@ unaligned
 264 0058 0546     		mov	r5, r0
 265              	.LBB5:
 102:Src/usart.c   ****     /**USART1 GPIO Configuration
 266              		.loc 1 102 5 view .LVU79
 267 005a 019B     		ldr	r3, [sp, #4]
 268              	.LBE5:
 102:Src/usart.c   ****     /**USART1 GPIO Configuration
 269              		.loc 1 102 5 is_stmt 1 view .LVU80
 107:Src/usart.c   ****     GPIO_InitStruct.Mode = GPIO_MODE_AF_PP;
 270              		.loc 1 107 5 view .LVU81
 108:Src/usart.c   ****     GPIO_InitStruct.Pull = GPIO_NOPULL;
 271              		.loc 1 108 5 view .LVU82
 109:Src/usart.c   ****     GPIO_InitStruct.Speed = GPIO_SPEED_FREQ_VERY_HIGH;
 272              		.loc 1 109 5 view .LVU83
 110:Src/usart.c   ****     GPIO_InitStruct.Alternate = GPIO_AF7_USART1;
 273              		.loc 1 110 5 view .LVU84
 111:Src/usart.c   ****     HAL_GPIO_Init(GPIOB, &GPIO_InitStruct);
 274              		.loc 1 111 5 view .LVU85
 112:Src/usart.c   **** 
 275              		.loc 1 112 5 is_stmt 0 view .LVU86
 276 005c 3048     		ldr	r0, .L25+16
 277              	.LVL5:
 110:Src/usart.c   ****     GPIO_InitStruct.Alternate = GPIO_AF7_USART1;
 278              		.loc 1 110 27 view .LVU87
 279 005e 0723     		movs	r3, #7
 112:Src/usart.c   **** 
 280              		.loc 1 112 5 view .LVU88
 281 0060 04A9     		add	r1, sp, #16
 110:Src/usart.c   ****     GPIO_InitStruct.Alternate = GPIO_AF7_USART1;
 282              		.loc 1 110 27 view .LVU89
 283 0062 0893     		str	r3, [sp, #32]	@ unaligned
 112:Src/usart.c   **** 
 284              		.loc 1 112 5 is_stmt 1 view .LVU90
 285 0064 FFF7FEFF 		bl	HAL_GPIO_Init
 286              	.LVL6:
 116:Src/usart.c   ****     hdma_usart1_rx.Init.Channel = DMA_CHANNEL_4;
 287              		.loc 1 116 5 view .LVU91
 117:Src/usart.c   ****     hdma_usart1_rx.Init.Direction = DMA_PERIPH_TO_MEMORY;
 288              		.loc 1 117 33 is_stmt 0 view .LVU92
 289 0068 2E4A     		ldr	r2, .L25+20
 290 006a 4FF00063 		mov	r3, #134217728
 291 006e C6E90023 		strd	r2, r3, [r6]
 118:Src/usart.c   ****     hdma_usart1_rx.Init.PeriphInc = DMA_PINC_DISABLE;
 292              		.loc 1 118 5 is_stmt 1 view .LVU93
 123:Src/usart.c   ****     hdma_usart1_rx.Init.Priority = DMA_PRIORITY_VERY_HIGH;
 293              		.loc 1 123 30 is_stmt 0 view .LVU94
 294 0072 4FF48073 		mov	r3, #256
 295 0076 C6E90643 		strd	r4, r3, [r6, #24]
 120:Src/usart.c   ****     hdma_usart1_rx.Init.PeriphDataAlignment = DMA_PDATAALIGN_BYTE;
ARM GAS  C:\Users\pw705\AppData\Local\Temp\ccOzLMl5.s 			page 10


 296              		.loc 1 120 32 view .LVU95
 297 007a 4FF48062 		mov	r2, #1024
 124:Src/usart.c   ****     hdma_usart1_rx.Init.FIFOMode = DMA_FIFOMODE_DISABLE;
 298              		.loc 1 124 34 view .LVU96
 299 007e 4FF44033 		mov	r3, #196608
 126:Src/usart.c   ****     {
 300              		.loc 1 126 9 view .LVU97
 301 0082 3046     		mov	r0, r6
 119:Src/usart.c   ****     hdma_usart1_rx.Init.MemInc = DMA_MINC_ENABLE;
 302              		.loc 1 119 35 view .LVU98
 303 0084 C6E90244 		strd	r4, r4, [r6, #8]
 120:Src/usart.c   ****     hdma_usart1_rx.Init.PeriphDataAlignment = DMA_PDATAALIGN_BYTE;
 304              		.loc 1 120 5 is_stmt 1 view .LVU99
 121:Src/usart.c   ****     hdma_usart1_rx.Init.MemDataAlignment = DMA_MDATAALIGN_BYTE;
 305              		.loc 1 121 45 is_stmt 0 view .LVU100
 306 0088 C6E90424 		strd	r2, r4, [r6, #16]
 122:Src/usart.c   ****     hdma_usart1_rx.Init.Mode = DMA_CIRCULAR;
 307              		.loc 1 122 5 is_stmt 1 view .LVU101
 124:Src/usart.c   ****     hdma_usart1_rx.Init.FIFOMode = DMA_FIFOMODE_DISABLE;
 308              		.loc 1 124 5 view .LVU102
 125:Src/usart.c   ****     if (HAL_DMA_Init(&hdma_usart1_rx) != HAL_OK)
 309              		.loc 1 125 34 is_stmt 0 view .LVU103
 310 008c C6E90834 		strd	r3, r4, [r6, #32]
 126:Src/usart.c   ****     {
 311              		.loc 1 126 5 is_stmt 1 view .LVU104
 126:Src/usart.c   ****     {
 312              		.loc 1 126 9 is_stmt 0 view .LVU105
 313 0090 FFF7FEFF 		bl	HAL_DMA_Init
 314              	.LVL7:
 126:Src/usart.c   ****     {
 315              		.loc 1 126 8 view .LVU106
 316 0094 0028     		cmp	r0, #0
 317 0096 37D1     		bne	.L24
 318              	.L16:
 131:Src/usart.c   **** 
 319              		.loc 1 131 5 is_stmt 1 view .LVU107
 131:Src/usart.c   **** 
 320              		.loc 1 131 5 view .LVU108
 134:Src/usart.c   ****     HAL_NVIC_EnableIRQ(USART1_IRQn);
 321              		.loc 1 134 5 is_stmt 0 view .LVU109
 322 0098 0022     		movs	r2, #0
 131:Src/usart.c   **** 
 323              		.loc 1 131 5 view .LVU110
 324 009a AE63     		str	r6, [r5, #56]
 131:Src/usart.c   **** 
 325              		.loc 1 131 5 is_stmt 1 view .LVU111
 134:Src/usart.c   ****     HAL_NVIC_EnableIRQ(USART1_IRQn);
 326              		.loc 1 134 5 is_stmt 0 view .LVU112
 327 009c 1146     		mov	r1, r2
 328 009e 2520     		movs	r0, #37
 131:Src/usart.c   **** 
 329              		.loc 1 131 5 view .LVU113
 330 00a0 B563     		str	r5, [r6, #56]
 131:Src/usart.c   **** 
 331              		.loc 1 131 5 is_stmt 1 view .LVU114
 134:Src/usart.c   ****     HAL_NVIC_EnableIRQ(USART1_IRQn);
 332              		.loc 1 134 5 view .LVU115
ARM GAS  C:\Users\pw705\AppData\Local\Temp\ccOzLMl5.s 			page 11


 333 00a2 FFF7FEFF 		bl	HAL_NVIC_SetPriority
 334              	.LVL8:
 135:Src/usart.c   ****   /* USER CODE BEGIN USART1_MspInit 1 */
 335              		.loc 1 135 5 view .LVU116
 336 00a6 2520     		movs	r0, #37
 337 00a8 FFF7FEFF 		bl	HAL_NVIC_EnableIRQ
 338              	.LVL9:
 339              		.loc 1 167 1 is_stmt 0 view .LVU117
 340 00ac 0AB0     		add	sp, sp, #40
 341              		.cfi_remember_state
 342              		.cfi_def_cfa_offset 16
 343              		@ sp needed
 344 00ae 70BD     		pop	{r4, r5, r6, pc}
 345              	.LVL10:
 346              	.L23:
 347              		.cfi_restore_state
 146:Src/usart.c   **** 
 348              		.loc 1 146 5 is_stmt 1 view .LVU118
 349              	.LBB6:
 146:Src/usart.c   **** 
 350              		.loc 1 146 5 view .LVU119
 351 00b0 194B     		ldr	r3, .L25+8
 352 00b2 0294     		str	r4, [sp, #8]
 146:Src/usart.c   **** 
 353              		.loc 1 146 5 view .LVU120
 354 00b4 5A6C     		ldr	r2, [r3, #68]
 355              	.LBE6:
 158:Src/usart.c   **** 
 356              		.loc 1 158 5 is_stmt 0 view .LVU121
 357 00b6 1C48     		ldr	r0, .L25+24
 358              	.LVL11:
 359              	.LBB7:
 146:Src/usart.c   **** 
 360              		.loc 1 146 5 view .LVU122
 361 00b8 42F02002 		orr	r2, r2, #32
 362 00bc 5A64     		str	r2, [r3, #68]
 146:Src/usart.c   **** 
 363              		.loc 1 146 5 is_stmt 1 view .LVU123
 364 00be 5A6C     		ldr	r2, [r3, #68]
 365 00c0 02F02002 		and	r2, r2, #32
 366 00c4 0292     		str	r2, [sp, #8]
 146:Src/usart.c   **** 
 367              		.loc 1 146 5 view .LVU124
 368 00c6 029A     		ldr	r2, [sp, #8]
 369              	.LBE7:
 146:Src/usart.c   **** 
 370              		.loc 1 146 5 view .LVU125
 148:Src/usart.c   ****     /**USART6 GPIO Configuration
 371              		.loc 1 148 5 view .LVU126
 372              	.LBB8:
 148:Src/usart.c   ****     /**USART6 GPIO Configuration
 373              		.loc 1 148 5 view .LVU127
 374 00c8 0394     		str	r4, [sp, #12]
 148:Src/usart.c   ****     /**USART6 GPIO Configuration
 375              		.loc 1 148 5 view .LVU128
 376 00ca 1A6B     		ldr	r2, [r3, #48]
 377 00cc 42F04002 		orr	r2, r2, #64
ARM GAS  C:\Users\pw705\AppData\Local\Temp\ccOzLMl5.s 			page 12


 378 00d0 1A63     		str	r2, [r3, #48]
 148:Src/usart.c   ****     /**USART6 GPIO Configuration
 379              		.loc 1 148 5 view .LVU129
 380 00d2 1B6B     		ldr	r3, [r3, #48]
 381 00d4 03F04003 		and	r3, r3, #64
 382 00d8 0393     		str	r3, [sp, #12]
 148:Src/usart.c   ****     /**USART6 GPIO Configuration
 383              		.loc 1 148 5 view .LVU130
 384              	.LBE8:
 153:Src/usart.c   ****     GPIO_InitStruct.Mode = GPIO_MODE_AF_PP;
 385              		.loc 1 153 25 is_stmt 0 view .LVU131
 386 00da 4FF48442 		mov	r2, #16896
 387 00de 0223     		movs	r3, #2
 388 00e0 CDE90423 		strd	r2, [sp, #16]
 158:Src/usart.c   **** 
 389              		.loc 1 158 5 view .LVU132
 390 00e4 04A9     		add	r1, sp, #16
 156:Src/usart.c   ****     GPIO_InitStruct.Alternate = GPIO_AF8_USART6;
 391              		.loc 1 156 27 view .LVU133
 392 00e6 0823     		movs	r3, #8
 393 00e8 0322     		movs	r2, #3
 394 00ea 0893     		str	r3, [sp, #32]	@ unaligned
 395 00ec 0792     		str	r2, [sp, #28]	@ unaligned
 396              	.LBB9:
 148:Src/usart.c   ****     /**USART6 GPIO Configuration
 397              		.loc 1 148 5 view .LVU134
 398 00ee 039D     		ldr	r5, [sp, #12]
 399              	.LBE9:
 148:Src/usart.c   ****     /**USART6 GPIO Configuration
 400              		.loc 1 148 5 is_stmt 1 view .LVU135
 153:Src/usart.c   ****     GPIO_InitStruct.Mode = GPIO_MODE_AF_PP;
 401              		.loc 1 153 5 view .LVU136
 154:Src/usart.c   ****     GPIO_InitStruct.Pull = GPIO_NOPULL;
 402              		.loc 1 154 5 view .LVU137
 155:Src/usart.c   ****     GPIO_InitStruct.Speed = GPIO_SPEED_FREQ_VERY_HIGH;
 403              		.loc 1 155 5 view .LVU138
 156:Src/usart.c   ****     GPIO_InitStruct.Alternate = GPIO_AF8_USART6;
 404              		.loc 1 156 5 view .LVU139
 157:Src/usart.c   ****     HAL_GPIO_Init(GPIOG, &GPIO_InitStruct);
 405              		.loc 1 157 5 view .LVU140
 158:Src/usart.c   **** 
 406              		.loc 1 158 5 view .LVU141
 407 00f0 FFF7FEFF 		bl	HAL_GPIO_Init
 408              	.LVL12:
 161:Src/usart.c   ****     HAL_NVIC_EnableIRQ(USART6_IRQn);
 409              		.loc 1 161 5 view .LVU142
 410 00f4 2246     		mov	r2, r4
 411 00f6 2146     		mov	r1, r4
 412 00f8 4720     		movs	r0, #71
 413 00fa FFF7FEFF 		bl	HAL_NVIC_SetPriority
 414              	.LVL13:
 162:Src/usart.c   ****   /* USER CODE BEGIN USART6_MspInit 1 */
 415              		.loc 1 162 5 view .LVU143
 416 00fe 4720     		movs	r0, #71
 417 0100 FFF7FEFF 		bl	HAL_NVIC_EnableIRQ
 418              	.LVL14:
 419              		.loc 1 167 1 is_stmt 0 view .LVU144
ARM GAS  C:\Users\pw705\AppData\Local\Temp\ccOzLMl5.s 			page 13


 420 0104 0AB0     		add	sp, sp, #40
 421              		.cfi_remember_state
 422              		.cfi_def_cfa_offset 16
 423              		@ sp needed
 424 0106 70BD     		pop	{r4, r5, r6, pc}
 425              	.LVL15:
 426              	.L24:
 427              		.cfi_restore_state
 128:Src/usart.c   ****     }
 428              		.loc 1 128 7 is_stmt 1 view .LVU145
 429 0108 FFF7FEFF 		bl	Error_Handler
 430              	.LVL16:
 431 010c C4E7     		b	.L16
 432              	.L26:
 433 010e 00BF     		.align	2
 434              	.L25:
 435 0110 00100140 		.word	1073811456
 436 0114 00140140 		.word	1073812480
 437 0118 00380240 		.word	1073887232
 438 011c 00000000 		.word	hdma_usart1_rx
 439 0120 00040240 		.word	1073873920
 440 0124 40640240 		.word	1073898560
 441 0128 00180240 		.word	1073879040
 442              		.cfi_endproc
 443              	.LFE132:
 445              		.section	.text.HAL_UART_MspDeInit,"ax",%progbits
 446              		.align	1
 447              		.p2align 2,,3
 448              		.global	HAL_UART_MspDeInit
 449              		.syntax unified
 450              		.thumb
 451              		.thumb_func
 453              	HAL_UART_MspDeInit:
 454              	.LVL17:
 455              	.LFB133:
 168:Src/usart.c   **** 
 169:Src/usart.c   **** void HAL_UART_MspDeInit(UART_HandleTypeDef* uartHandle)
 170:Src/usart.c   **** {
 456              		.loc 1 170 1 view -0
 457              		.cfi_startproc
 458              		@ args = 0, pretend = 0, frame = 0
 459              		@ frame_needed = 0, uses_anonymous_args = 0
 171:Src/usart.c   **** 
 172:Src/usart.c   ****   if(uartHandle->Instance==USART1)
 460              		.loc 1 172 3 view .LVU147
 461              		.loc 1 172 5 is_stmt 0 view .LVU148
 462 0000 154A     		ldr	r2, .L33
 463              		.loc 1 172 16 view .LVU149
 464 0002 0368     		ldr	r3, [r0]
 465              		.loc 1 172 5 view .LVU150
 466 0004 9342     		cmp	r3, r2
 170:Src/usart.c   **** 
 467              		.loc 1 170 1 view .LVU151
 468 0006 10B5     		push	{r4, lr}
 469              		.cfi_def_cfa_offset 8
 470              		.cfi_offset 4, -8
 471              		.cfi_offset 14, -4
ARM GAS  C:\Users\pw705\AppData\Local\Temp\ccOzLMl5.s 			page 14


 472              		.loc 1 172 5 view .LVU152
 473 0008 03D0     		beq	.L31
 173:Src/usart.c   ****   {
 174:Src/usart.c   ****   /* USER CODE BEGIN USART1_MspDeInit 0 */
 175:Src/usart.c   **** 
 176:Src/usart.c   ****   /* USER CODE END USART1_MspDeInit 0 */
 177:Src/usart.c   ****     /* Peripheral clock disable */
 178:Src/usart.c   ****     __HAL_RCC_USART1_CLK_DISABLE();
 179:Src/usart.c   **** 
 180:Src/usart.c   ****     /**USART1 GPIO Configuration
 181:Src/usart.c   ****     PB7     ------> USART1_RX
 182:Src/usart.c   ****     PB6     ------> USART1_TX
 183:Src/usart.c   ****     */
 184:Src/usart.c   ****     HAL_GPIO_DeInit(GPIOB, GPIO_PIN_7|GPIO_PIN_6);
 185:Src/usart.c   **** 
 186:Src/usart.c   ****     /* USART1 DMA DeInit */
 187:Src/usart.c   ****     HAL_DMA_DeInit(uartHandle->hdmarx);
 188:Src/usart.c   **** 
 189:Src/usart.c   ****     /* USART1 interrupt Deinit */
 190:Src/usart.c   ****     HAL_NVIC_DisableIRQ(USART1_IRQn);
 191:Src/usart.c   ****   /* USER CODE BEGIN USART1_MspDeInit 1 */
 192:Src/usart.c   **** 
 193:Src/usart.c   ****   /* USER CODE END USART1_MspDeInit 1 */
 194:Src/usart.c   ****   }
 195:Src/usart.c   ****   else if(uartHandle->Instance==USART6)
 474              		.loc 1 195 8 is_stmt 1 view .LVU153
 475              		.loc 1 195 10 is_stmt 0 view .LVU154
 476 000a 144A     		ldr	r2, .L33+4
 477 000c 9342     		cmp	r3, r2
 478 000e 13D0     		beq	.L32
 196:Src/usart.c   ****   {
 197:Src/usart.c   ****   /* USER CODE BEGIN USART6_MspDeInit 0 */
 198:Src/usart.c   **** 
 199:Src/usart.c   ****   /* USER CODE END USART6_MspDeInit 0 */
 200:Src/usart.c   ****     /* Peripheral clock disable */
 201:Src/usart.c   ****     __HAL_RCC_USART6_CLK_DISABLE();
 202:Src/usart.c   **** 
 203:Src/usart.c   ****     /**USART6 GPIO Configuration
 204:Src/usart.c   ****     PG14     ------> USART6_TX
 205:Src/usart.c   ****     PG9     ------> USART6_RX
 206:Src/usart.c   ****     */
 207:Src/usart.c   ****     HAL_GPIO_DeInit(GPIOG, GPIO_PIN_14|GPIO_PIN_9);
 208:Src/usart.c   **** 
 209:Src/usart.c   ****     /* USART6 interrupt Deinit */
 210:Src/usart.c   ****     HAL_NVIC_DisableIRQ(USART6_IRQn);
 211:Src/usart.c   ****   /* USER CODE BEGIN USART6_MspDeInit 1 */
 212:Src/usart.c   **** 
 213:Src/usart.c   ****   /* USER CODE END USART6_MspDeInit 1 */
 214:Src/usart.c   ****   }
 215:Src/usart.c   **** }
 479              		.loc 1 215 1 view .LVU155
 480 0010 10BD     		pop	{r4, pc}
 481              	.L31:
 178:Src/usart.c   **** 
 482              		.loc 1 178 5 is_stmt 1 view .LVU156
 483 0012 02F59432 		add	r2, r2, #75776
 484 0016 0446     		mov	r4, r0
ARM GAS  C:\Users\pw705\AppData\Local\Temp\ccOzLMl5.s 			page 15


 485 0018 536C     		ldr	r3, [r2, #68]
 184:Src/usart.c   **** 
 486              		.loc 1 184 5 is_stmt 0 view .LVU157
 487 001a 1148     		ldr	r0, .L33+8
 488              	.LVL18:
 178:Src/usart.c   **** 
 489              		.loc 1 178 5 view .LVU158
 490 001c 23F01003 		bic	r3, r3, #16
 184:Src/usart.c   **** 
 491              		.loc 1 184 5 view .LVU159
 492 0020 C021     		movs	r1, #192
 178:Src/usart.c   **** 
 493              		.loc 1 178 5 view .LVU160
 494 0022 5364     		str	r3, [r2, #68]
 184:Src/usart.c   **** 
 495              		.loc 1 184 5 is_stmt 1 view .LVU161
 496 0024 FFF7FEFF 		bl	HAL_GPIO_DeInit
 497              	.LVL19:
 187:Src/usart.c   **** 
 498              		.loc 1 187 5 view .LVU162
 499 0028 A06B     		ldr	r0, [r4, #56]
 500 002a FFF7FEFF 		bl	HAL_DMA_DeInit
 501              	.LVL20:
 190:Src/usart.c   ****   /* USER CODE BEGIN USART1_MspDeInit 1 */
 502              		.loc 1 190 5 view .LVU163
 503              		.loc 1 215 1 is_stmt 0 view .LVU164
 504 002e BDE81040 		pop	{r4, lr}
 505              		.cfi_remember_state
 506              		.cfi_restore 14
 507              		.cfi_restore 4
 508              		.cfi_def_cfa_offset 0
 509              	.LVL21:
 190:Src/usart.c   ****   /* USER CODE BEGIN USART1_MspDeInit 1 */
 510              		.loc 1 190 5 view .LVU165
 511 0032 2520     		movs	r0, #37
 512 0034 FFF7FEBF 		b	HAL_NVIC_DisableIRQ
 513              	.LVL22:
 514              	.L32:
 515              		.cfi_restore_state
 201:Src/usart.c   **** 
 516              		.loc 1 201 5 is_stmt 1 view .LVU166
 517 0038 02F59232 		add	r2, r2, #74752
 207:Src/usart.c   **** 
 518              		.loc 1 207 5 is_stmt 0 view .LVU167
 519 003c 0948     		ldr	r0, .L33+12
 520              	.LVL23:
 201:Src/usart.c   **** 
 521              		.loc 1 201 5 view .LVU168
 522 003e 536C     		ldr	r3, [r2, #68]
 523 0040 23F02003 		bic	r3, r3, #32
 207:Src/usart.c   **** 
 524              		.loc 1 207 5 view .LVU169
 525 0044 4FF48441 		mov	r1, #16896
 201:Src/usart.c   **** 
 526              		.loc 1 201 5 view .LVU170
 527 0048 5364     		str	r3, [r2, #68]
 207:Src/usart.c   **** 
ARM GAS  C:\Users\pw705\AppData\Local\Temp\ccOzLMl5.s 			page 16


 528              		.loc 1 207 5 is_stmt 1 view .LVU171
 529 004a FFF7FEFF 		bl	HAL_GPIO_DeInit
 530              	.LVL24:
 210:Src/usart.c   ****   /* USER CODE BEGIN USART6_MspDeInit 1 */
 531              		.loc 1 210 5 view .LVU172
 532              		.loc 1 215 1 is_stmt 0 view .LVU173
 533 004e BDE81040 		pop	{r4, lr}
 534              		.cfi_restore 14
 535              		.cfi_restore 4
 536              		.cfi_def_cfa_offset 0
 210:Src/usart.c   ****   /* USER CODE BEGIN USART6_MspDeInit 1 */
 537              		.loc 1 210 5 view .LVU174
 538 0052 4720     		movs	r0, #71
 539 0054 FFF7FEBF 		b	HAL_NVIC_DisableIRQ
 540              	.LVL25:
 541              	.L34:
 542              		.align	2
 543              	.L33:
 544 0058 00100140 		.word	1073811456
 545 005c 00140140 		.word	1073812480
 546 0060 00040240 		.word	1073873920
 547 0064 00180240 		.word	1073879040
 548              		.cfi_endproc
 549              	.LFE133:
 551              		.global	hdma_usart1_rx
 552              		.section	.bss.hdma_usart1_rx,"aw",%nobits
 553              		.align	2
 556              	hdma_usart1_rx:
 557 0000 00000000 		.space	96
 557      00000000 
 557      00000000 
 557      00000000 
 557      00000000 
 558              		.global	huart6
 559              		.section	.bss.huart6,"aw",%nobits
 560              		.align	3
 563              	huart6:
 564 0000 00000000 		.space	68
 564      00000000 
 564      00000000 
 564      00000000 
 564      00000000 
 565              		.global	huart1
 566              		.section	.bss.huart1,"aw",%nobits
 567              		.align	3
 570              	huart1:
 571 0000 00000000 		.space	68
 571      00000000 
 571      00000000 
 571      00000000 
 571      00000000 
 572              		.text
 573              	.Letext0:
 574              		.file 2 "Drivers/CMSIS/Device/ST/STM32F4xx/Include/stm32f427xx.h"
 575              		.file 3 "c:\\users\\pw705\\appdata\\roaming\\code\\user\\globalstorage\\bmd.stm32-for-vscode\\@xpa
 576              		.file 4 "c:\\users\\pw705\\appdata\\roaming\\code\\user\\globalstorage\\bmd.stm32-for-vscode\\@xpa
 577              		.file 5 "Drivers/STM32F4xx_HAL_Driver/Inc/stm32f4xx_hal_def.h"
ARM GAS  C:\Users\pw705\AppData\Local\Temp\ccOzLMl5.s 			page 17


 578              		.file 6 "Drivers/STM32F4xx_HAL_Driver/Inc/stm32f4xx_hal_gpio.h"
 579              		.file 7 "Drivers/STM32F4xx_HAL_Driver/Inc/stm32f4xx_hal_dma.h"
 580              		.file 8 "Drivers/STM32F4xx_HAL_Driver/Inc/stm32f4xx_hal_uart.h"
 581              		.file 9 "Inc/usart.h"
 582              		.file 10 "Drivers/STM32F4xx_HAL_Driver/Inc/stm32f4xx_hal_cortex.h"
 583              		.file 11 "Inc/main.h"
ARM GAS  C:\Users\pw705\AppData\Local\Temp\ccOzLMl5.s 			page 18


DEFINED SYMBOLS
                            *ABS*:00000000 usart.c
C:\Users\pw705\AppData\Local\Temp\ccOzLMl5.s:21     .text.MX_USART1_UART_Init:00000000 $t
C:\Users\pw705\AppData\Local\Temp\ccOzLMl5.s:28     .text.MX_USART1_UART_Init:00000000 MX_USART1_UART_Init
C:\Users\pw705\AppData\Local\Temp\ccOzLMl5.s:90     .text.MX_USART1_UART_Init:00000034 $d
C:\Users\pw705\AppData\Local\Temp\ccOzLMl5.s:570    .bss.huart1:00000000 huart1
C:\Users\pw705\AppData\Local\Temp\ccOzLMl5.s:97     .text.MX_USART6_UART_Init:00000000 $t
C:\Users\pw705\AppData\Local\Temp\ccOzLMl5.s:104    .text.MX_USART6_UART_Init:00000000 MX_USART6_UART_Init
C:\Users\pw705\AppData\Local\Temp\ccOzLMl5.s:162    .text.MX_USART6_UART_Init:00000030 $d
C:\Users\pw705\AppData\Local\Temp\ccOzLMl5.s:563    .bss.huart6:00000000 huart6
C:\Users\pw705\AppData\Local\Temp\ccOzLMl5.s:168    .text.HAL_UART_MspInit:00000000 $t
C:\Users\pw705\AppData\Local\Temp\ccOzLMl5.s:175    .text.HAL_UART_MspInit:00000000 HAL_UART_MspInit
C:\Users\pw705\AppData\Local\Temp\ccOzLMl5.s:435    .text.HAL_UART_MspInit:00000110 $d
C:\Users\pw705\AppData\Local\Temp\ccOzLMl5.s:556    .bss.hdma_usart1_rx:00000000 hdma_usart1_rx
C:\Users\pw705\AppData\Local\Temp\ccOzLMl5.s:446    .text.HAL_UART_MspDeInit:00000000 $t
C:\Users\pw705\AppData\Local\Temp\ccOzLMl5.s:453    .text.HAL_UART_MspDeInit:00000000 HAL_UART_MspDeInit
C:\Users\pw705\AppData\Local\Temp\ccOzLMl5.s:544    .text.HAL_UART_MspDeInit:00000058 $d
C:\Users\pw705\AppData\Local\Temp\ccOzLMl5.s:553    .bss.hdma_usart1_rx:00000000 $d
C:\Users\pw705\AppData\Local\Temp\ccOzLMl5.s:560    .bss.huart6:00000000 $d
C:\Users\pw705\AppData\Local\Temp\ccOzLMl5.s:567    .bss.huart1:00000000 $d

UNDEFINED SYMBOLS
HAL_UART_Init
Error_Handler
HAL_GPIO_Init
HAL_DMA_Init
HAL_NVIC_SetPriority
HAL_NVIC_EnableIRQ
HAL_GPIO_DeInit
HAL_DMA_DeInit
HAL_NVIC_DisableIRQ
